

 SAP2000 v22.0.0 Ultimate 64-bit (Analysis Build 9780/64)
 File: C:\Users\lotfi\Document...ipative_KBF\SAP2000 model\10 story\KBF5 (1).LOG




 B E G I N   A N A L Y S I S                                2022/12/31  13:52:56


 RUNNING ANALYSIS WITHIN THE GUI PROCESS
 USING THE ADVANCED SOLVER (PROVIDES LIMITED INSTABILITY INFORMATION)

 NUMBER OF JOINTS                          =         114
    WITH RESTRAINTS                        =           4
 NUMBER OF FRAME/CABLE/TENDON ELEMENTS     =         120
 NUMBER OF LINK/SUPPORT ELEMENTS           =          40
 NUMBER OF LOAD PATTERNS                   =           2
 NUMBER OF ACCELERATION LOADS              =           9
 NUMBER OF LOAD CASES                      =           4

 ADDRESSABLE PHYSICAL MEMORY (RAM)         =       3.927 GB

 PARALLELIZATION OF ANALYSIS OPERATIONS:
 (Env. variable SAPFIRE_NUM_THREADS        =           0)
 NUMBER OF THREADS: STATE (AUTOMATIC)      =           2
 NUMBER OF THREADS: STIFFNESS (AUTOMATIC)  =           2
 NUMBER OF THREADS: EVENT (AUTOMATIC)      =           2
 NUMBER OF THREADS: MOVE (AUTOMATIC)       =           2
 NUMBER OF THREADS: RESPONSE (AUTOMATIC)   =           2
 NUMBER OF THREADS: SOLVE (AUTOMATIC)      =           2
 NUMBER OF THREADS: FORM (AUTOMATIC)       =           2


 E L E M E N T   F O R M A T I O N                                      13:52:56


 NUMBER OF COUPLED CONSTRAINT EQUATIONS    =         200
 REDUCTION OF CONSTRAINTS AND RESTRAINTS:
 NUMBER OF
   CONSTRAINT MASTER DOF BEFORE REDUCTION  =         270
   COUPLED CONSTRAINT/RESTRAINT MASTER DOF =          50
   CONSTRAINT MASTER DOF AFTER REDUCTION   =         220


 L I N E A R   E Q U A T I O N   S O L U T I O N                        13:52:56

 FORMING STIFFNESS AT ZERO (UNSTRESSED) INITIAL CONDITIONS

 TOTAL NUMBER OF EQUILIBRIUM EQUATIONS     =         250
 NUMBER OF NON-ZERO STIFFNESS TERMS        =        1829

 ---------------------------------
 BASIC STABILITY CHECK FOR LINEAR LOAD CASES:
    NUMBER OF NEGATIVE STIFFNESS EIGENVALUES SHOULD BE ZERO FOR STABILITY.
    (NOTE: FURTHER CHECKS SHOULD BE CONSIDERED AS DEEMED NECESSARY,
     SUCH AS REVIEWING EIGEN MODES FOR MECHANISMS AND RIGID-BODY MOTION)

    NUMBER OF NEGATIVE EIGENVALUES         =           0,  OK.
 ---------------------------------


 L I N E A R   S T A T I C   C A S E S                                  13:52:56

 USING STIFFNESS AT ZERO (UNSTRESSED) INITIAL CONDITIONS

 TOTAL NUMBER OF CASES TO SOLVE            =           1
 NUMBER OF CASES TO SOLVE PER BLOCK        =           1

 LINEAR STATIC CASES TO BE SOLVED:

 CASE: LL


 E I G E N   M O D A L   A N A L Y S I S                                13:52:57

 CASE: MODAL

 USING STIFFNESS AT ZERO (UNSTRESSED) INITIAL CONDITIONS

 NUMBER OF STIFFNESS DEGREES OF FREEDOM    =         250
 NUMBER OF MASS DEGREES OF FREEDOM         =         180
 MAXIMUM NUMBER OF EIGEN MODES SOUGHT      =          12
 MINIMUM NUMBER OF EIGEN MODES SOUGHT      =           1
 NUMBER OF RESIDUAL-MASS MODES SOUGHT      =           0
 NUMBER OF SUBSPACE VECTORS USED           =          24
 RELATIVE CONVERGENCE TOLERANCE            =    1.00E-09

 FREQUENCY SHIFT  (CENTER) (CYC/TIME)      =     .000000
 FREQUENCY CUTOFF (RADIUS) (CYC/TIME)      =  -INFINITY-
 ALLOW AUTOMATIC FREQUENCY SHIFTING        =         YES


 Original stiffness at shift : EV= 0.0000000E+00, f=     .000000, T=  -INFINITY-
 Number of eigenvalues below shift =      0

 Iteration    Approximations to next 5 eigenvalues, from shift EV= 0.0000000E+00
       2   1.6693926E+01 1.5896237E+02 4.9641340E+02 8.9285365E+02 1.0599823E+03

 Found mode      1 of     12:  EV= 1.6693926E+01, f=    0.650278, T=    1.537803
 Found mode      2 of     12:  EV= 1.5896199E+02, f=    2.006628, T=    0.498349
 Found mode      3 of     12:  EV= 4.9629710E+02, f=    3.545610, T=    0.282039
 Found mode      4 of     12:  EV= 8.9204516E+02, f=    4.753501, T=    0.210371

 Iteration    Approximations to next 5 eigenvalues, from shift EV= 0.0000000E+00
       7   1.0572404E+03 1.8660001E+03 2.2923184E+03 2.7307988E+03 2.9584319E+03

 Found mode      5 of     12:  EV= 1.0572404E+03, f=    5.174960, T=    0.193238
 Found mode      6 of     12:  EV= 1.8660000E+03, f=    6.875051, T=    0.145453

 Iteration    Approximations to next 5 eigenvalues, from shift EV= 0.0000000E+00
      10   2.2923182E+03 2.7307976E+03 2.9584239E+03 3.0081065E+03 3.1655989E+03

 Found mode      7 of     12:  EV= 2.2923182E+03, f=    7.620046, T=    0.131233
 Found mode      8 of     12:  EV= 2.7307976E+03, f=    8.316965, T=    0.120236
 Found mode      9 of     12:  EV= 2.9584239E+03, f=    8.656659, T=    0.115518
 Found mode     10 of     12:  EV= 3.0081065E+03, f=    8.729045, T=    0.114560
 Found mode     11 of     12:  EV= 3.1655989E+03, f=    8.954639, T=    0.111674
 Found mode     12 of     12:  EV= 3.3672366E+03, f=    9.235426, T=    0.108279

 NUMBER OF EIGEN MODES FOUND               =          12
 NUMBER OF ITERATIONS PERFORMED            =          13
 NUMBER OF STIFFNESS SHIFTS                =           0


 N O N L I N E A R   M O D A L   H I S T O R Y   A N A L Y S I S        13:52:57

 CASE: ARTIF1
 ANALYSIS TYPE                             =   NONLINEAR
 STARTING FROM ZERO (UNSTRESSED) INITIAL CONDITIONS
 USING MODES FROM CASE: MODAL
 NUMBER OF DYNAMIC MODES TO BE USED        =          12
 NUMBER OF STATIC-LOAD MODES TO BE USED    =           1
 CONVERGENCE FACTOR                        =    1.000000
 FORCE  CONVERGENCE TOLERANCE              =    1.00E-05
 ENERGY CONVERGENCE TOLERANCE              =    1.00E-05
 MAXIMUM SUB-STEP LENGTH (TIME)            =    0.010000
 MINIMUM SUB-STEP LENGTH (TIME)            =    1.00E-11
 UPPER MAXIMUM NUMBER OF ITERATIONS        =         100
 LOWER MAXIMUM NUMBER OF ITERATIONS        =           2
 MODES ARE TREATED AS STATIC BELOW PERIOD  =    1.0E-101

 TOTAL HISTORY LENGTH (TIME)               =   30.000000
 LENGTH OF TIME-STEPS (TIME)               =    0.010000
 NUMBER OF TIME-STEPS TO BE INTEGRATED     =        3000



 * * * W A R N I N G * * *
 NON-ZERO TIME-HISTORY FUNCTION VALUES WILL BE IGNORED AT START OF LOAD CASE.

 TIME-HISTORY FUNCTIONS WITH A NON-ZERO VALUE AT START OF THE LOAD CASE:
    ARTIF1

 EFFECTIVE MODAL DAMPING RATIOS (CROSS-COUPLING TERMS ARE NEGLECTED)
       1    1.537803    0.050000
       2    0.498349    0.050000
       3    0.282039    0.050000
       4    0.210371    0.050000
       5    0.193238    0.050000
       6    0.145453    0.050000
       7    0.131233    0.050000
       8    0.120236    0.050000
       9    0.115518    0.050000
      10    0.114560    0.050000
      11    0.111674    0.050000
      12    0.108279    0.050000
   Time-step    Load-step     Sub-step    Iteration   Sub-steps/  Iterations/
      number       number       number       number    load-step     sub-step

           1            1            1            2            1            2
           3            3            3            6            1            2
           6            6            6           12            1            2
           9            9            9           18            1            2
          12           12           12           24            1            2
          15           15           15           30            1            2
          18           18           18           36            1            2
          21           21           21           42            1            2
          24           24           24           48            1            2
          27           27           27           54            1            2
          30           30           30           60            1            2
          33           33           33           66            1            2
          36           36           36           72            1            2
          39           39           39           78            1            2
          42           42           42           84            1            2
          45           45           45           90            1            2
          48           48           48           96            1            2
          51           51           51          102            1            2
          54           54           54          108            1            2
          57           57           57          114            1            2
          60           60           60          120            1            2
          63           63           63          126            1            2
          66           66           66          132            1            2
          69           69           69          138            1            2
          72           72           72          144            1            2
          75           75           75          150            1            2
          78           78           78          156            1            2
          81           81           81          162            1            2
          84           84           84          168            1            2
          87           87           87          174            1            2
          90           90           90          180            1            2
          93           93           93          186            1            2
          96           96           96          192            1            2
          99           99           99          198            1            2
         102          102          102          204            1            2
         105          105          105          210            1            2
         108          108          108          216            1            2
         111          111          111          222            1            2
         114          114          114          228            1            2
         117          117          117          234            1            2
         120          120          120          240            1            2
         123          123          123          246            1            2
         126          126          126          252            1            2
         129          129          129          258            1            2
         132          132          132          264            1            2
         135          135          135          270            1            2
         138          138          138          276            1            2
         141          141          141          282            1            2
         144          144          144          288            1            2
         147          147          147          294            1            2
         150          150          150          300            1            2
         153          153          153          306            1            2
         156          156          156          312            1            2
         159          159          159          318            1            2
         162          162          162          324            1            2
         165          165          165          330            1            2
         168          168          168          336            1            2
         171          171          171          342            1            2
         174          174          174          348            1            2
         177          177          177          354            1            2
         180          180          180          360            1            2
         183          183          183          366            1            2
         186          186          186          372            1            2
         189          189          189          378            1            2
         192          192          192          384            1            2
         195          195          195          390            1            2
         198          198          198          396            1            2
         201          201          201          402            1            2
         204          204          204          408            1            2
         207          207          207          414            1            2
         210          210          210          420            1            2
         213          213          213          426            1            2
         216          216          216          432            1            2
         219          219          219          438            1            2
         222          222          222          444            1            2
         225          225          225          450            1            2
         228          228          228          459            1            3
         231          231          231          468            1            3
         234          234          234          476            1            2
         237          237          237          482            1            2
         240          240          240          488            1            2
         243          243          243          494            1            2
         246          246          246          500            1            2
         249          249          249          506            1            2
         252          252          252          512            1            2
         255          255          255          518            1            2
         258          258          258          524            1            2
         261          261          261          530            1            2
         264          264          264          536            1            2
         267          267          267          542            1            2
         270          270          270          548            1            2
         273          273          273          554            1            2
         276          276          276          560            1            2
         279          279          279          566            1            2
         282          282          282          572            1            2
         285          285          285          578            1            2
         288          288          288          584            1            2
         291          291          291          590            1            2
         294          294          294          596            1            2
         297          297          297          602            1            2
         300          300          300          608            1            2
         303          303          303          614            1            2
         306          306          306          620            1            2
         309          309          309          626            1            2
         312          312          312          632            1            2
         315          315          315          638            1            2
         318          318          318          644            1            2
         321          321          321          650            1            2
         324          324          324          656            1            2
         327          327          327          662            1            2
         330          330          330          668            1            2
         333          333          333          674            1            2
         336          336          336          680            1            2
         339          339          339          686            1            2
         342          342          342          692            1            2
         345          345          345          698            1            2
         348          348          348          704            1            2
         351          351          351          710            1            2
         354          354          354          716            1            2
         357          357          357          722            1            2
         360          360          360          728            1            2
         363          363          363          734            1            2
         366          366          366          740            1            2
         369          369          369          746            1            2
         372          372          372          752            1            2
         375          375          375          758            1            2
         378          378          378          764            1            2
         381          381          381          770            1            2
         384          384          384          776            1            2
         387          387          387          782            1            2
         390          390          390          788            1            2
         393          393          393          794            1            2
         396          396          396          800            1            2
         399          399          399          806            1            2
         402          402          402          812            1            2
         405          405          405          818            1            2
         408          408          408          824            1            2
         411          411          411          830            1            2
         414          414          414          836            1            2
         417          417          417          842            1            2
         420          420          420          848            1            2
         423          423          423          854            1            2
         426          426          426          860            1            2
         429          429          429          866            1            2
         432          432          432          872            1            2
         435          435          435          878            1            2
         438          438          438          884            1            2
         441          441          441          890            1            2
         444          444          444          896            1            2
         447          447          447          902            1            2
         450          450          450          908            1            2
         453          453          453          914            1            2
         456          456          456          920            1            2
         459          459          459          926            1            2
         462          462          462          932            1            2
         465          465          465          938            1            2
         468          468          468          944            1            2
         471          471          471          950            1            2
         474          474          474          956            1            2
         477          477          477          962            1            2
         480          480          480          968            1            2
         483          483          483          974            1            2
         486          486          486          980            1            2
         489          489          489          986            1            2
         492          492          492          992            1            2
         495          495          495          998            1            2
         498          498          498         1004            1            2
         501          501          501         1010            1            2
         504          504          504         1016            1            2
         507          507          507         1022            1            2
         510          510          510         1028            1            2
         513          513          513         1035            1            3
         516          516          516         1043            1            2
         519          519          519         1049            1            2
         522          522          522         1058            1            3
         525          525          525         1064            1            2
         528          528          528         1070            1            2
         531          531          531         1077            1            3
         534          534          534         1086            1            3
         537          537          537         1095            1            3
         540          540          540         1104            1            3
         543          543          543         1113            1            3
         546          546          546         1122            1            3
         549          549          549         1131            1            3
         552          552          552         1140            1            3
         555          555          555         1146            1            2
         558          558          558         1152            1            2
         561          561          561         1158            1            2
         564          564          564         1164            1            2
         567          567          567         1170            1            2
         570          570          570         1176            1            2
         573          573          573         1182            1            2
         576          576          576         1188            1            2
         579          579          579         1194            1            2
         582          582          582         1200            1            2
         585          585          585         1206            1            2
         588          588          588         1215            1            3
         591          591          591         1222            1            2
         594          594          594         1231            1            3
         597          597          597         1240            1            3
         600          600          600         1249            1            3
         603          603          603         1258            1            3
         606          606          606         1267            1            3
         609          609          609         1276            1            3
         612          612          612         1285            1            3
         615          615          615         1294            1            3
         618          618          620         1307            3            2
         621          621          625         1320            1            3
         624          624          628         1329            1            3
         627          627          631         1336            1            2
         630          630          634         1342            1            2
         633          633          637         1348            1            2
         636          636          640         1354            1            2
         639          639          643         1360            1            2
         642          642          646         1366            1            2
         645          645          649         1372            1            2
         648          648          652         1378            1            2
         651          651          655         1384            1            2
         654          654          658         1390            1            2
         657          657          661         1396            1            2
         660          660          664         1402            1            2
         663          663          667         1408            1            2
         666          666          670         1415            1            3
         669          669          673         1423            1            2
         672          672          676         1430            1            3
         675          675          679         1439            1            3
         678          678          682         1447            1            3
         681          681          685         1455            1            2
         684          684          688         1462            1            3
         687          687          691         1471            1            3
         690          690          694         1477            1            2
         693          693          697         1483            1            2
         696          696          700         1489            1            2
         699          699          703         1495            1            2
         702          702          706         1501            1            2
         705          705          709         1507            1            2
         708          708          712         1513            1            2
         711          711          715         1519            1            2
         714          714          718         1525            1            2
         717          717          721         1531            1            2
         720          720          724         1537            1            2
         723          723          727         1543            1            2
         726          726          730         1549            1            2
         729          729          733         1555            1            2
         732          732          736         1561            1            2
         735          735          739         1567            1            2
         738          738          742         1573            1            2
         741          741          745         1579            1            2
         744          744          748         1585            1            2
         747          747          751         1592            1            3
         750          750          754         1600            1            2
         753          753          757         1608            1            3
         756          756          760         1617            1            3
         759          759          763         1625            1            3
         762          762          766         1634            1            3
         765          765          769         1643            1            3
         768          768          772         1652            1            3
         771          771          775         1661            1            3
         774          774          778         1670            1            3
         777          777          781         1676            1            2
         780          780          784         1682            1            2
         783          783          787         1688            1            2
         786          786          790         1694            1            2
         789          789          793         1700            1            2
         792          792          796         1706            1            2
         795          795          799         1712            1            2
         798          798          802         1718            1            2
         801          801          805         1724            1            2
         804          804          808         1730            1            2
         807          807          811         1736            1            2
         810          810          814         1742            1            2
         813          813          817         1748            1            2
         816          816          820         1754            1            2
         819          819          823         1760            1            2
         822          822          826         1766            1            2
         825          825          829         1772            1            2
         828          828          832         1778            1            2
         831          831          835         1784            1            2
         834          834          838         1790            1            2
         837          837          841         1796            1            2
         840          840          844         1802            1            2
         843          843          847         1808            1            2
         846          846          850         1814            1            2
         849          849          853         1820            1            2
         852          852          856         1826            1            2
         855          855          859         1832            1            2
         858          858          862         1838            1            2
         861          861          865         1844            1            2
         864          864          868         1850            1            2
         867          867          871         1856            1            2
         870          870          874         1862            1            2
         873          873          877         1868            1            2
         876          876          880         1874            1            2
         879          879          883         1880            1            2
         882          882          886         1886            1            2
         885          885          889         1892            1            2
         888          888          892         1898            1            2
         891          891          895         1904            1            2
         894          894          898         1910            1            2
         897          897          901         1916            1            2
         900          900          904         1922            1            2
         903          903          907         1928            1            2
         906          906          910         1934            1            2
         909          909          913         1941            1            3
         912          912          916         1950            1            3
         915          915          919         1959            1            3
         918          918          922         1968            1            3
         921          921          925         1977            1            3
         924          924          928         1986            1            3
         927          927          931         1995            1            3
         930          930          934         2004            1            3
         933          933          937         2013            1            3
         936          936          940         2022            1            3
         939          939          949         2043            3            2
         942          942          956         2060            3            2
         945          945          961         2073            1            3
         948          948          964         2079            1            2
         951          951          967         2088            1            3
         954          954          970         2097            1            3
         957          957          973         2104            1            2
         960          960          976         2110            1            2
         963          963          979         2116            1            2
         966          966          982         2122            1            2
         969          969          985         2128            1            2
         972          972          988         2134            1            2
         975          975          991         2140            1            2
         978          978          994         2146            1            2
         981          981          997         2152            1            2
         984          984         1000         2158            1            2
         987          987         1003         2164            1            2
         990          990         1006         2170            1            2
         993          993         1009         2176            1            2
         996          996         1012         2183            1            3
         999          999         1015         2192            1            3
        1002         1002         1018         2201            1            3
        1005         1005         1021         2210            1            3
        1008         1008         1024         2219            1            3
        1011         1011         1027         2228            1            3
        1014         1014         1030         2236            1            2
        1017         1017         1033         2242            1            2
        1020         1020         1036         2248            1            2
        1023         1023         1039         2254            1            2
        1026         1026         1042         2260            1            2
        1029         1029         1045         2266            1            2
        1032         1032         1048         2272            1            2
        1035         1035         1051         2278            1            2
        1038         1038         1054         2284            1            2
        1041         1041         1057         2290            1            2
        1044         1044         1060         2296            1            2
        1047         1047         1063         2302            1            2
        1050         1050         1066         2308            1            2
        1053         1053         1069         2314            1            2
        1056         1056         1072         2320            1            2
        1059         1059         1075         2326            1            2
        1062         1062         1078         2332            1            2
        1065         1065         1081         2338            1            2
        1068         1068         1084         2344            1            2
        1071         1071         1087         2350            1            2
        1074         1074         1090         2356            1            2
        1077         1077         1093         2362            1            2
        1080         1080         1096         2368            1            2
        1083         1083         1099         2374            1            2
        1086         1086         1102         2380            1            2
        1089         1089         1105         2386            1            2
        1092         1092         1108         2392            1            2
        1095         1095         1111         2398            1            2
        1098         1098         1114         2404            1            2
        1101         1101         1117         2410            1            2
        1104         1104         1120         2416            1            2
        1107         1107         1123         2422            1            2
        1110         1110         1126         2428            1            2
        1113         1113         1129         2434            1            2
        1116         1116         1132         2440            1            2
        1119         1119         1135         2446            1            2
        1122         1122         1138         2452            1            2
        1125         1125         1141         2458            1            2
        1128         1128         1144         2464            1            2
        1131         1131         1147         2470            1            2
        1134         1134         1150         2476            1            2
        1137         1137         1153         2482            1            2
        1140         1140         1156         2488            1            2
        1143         1143         1159         2494            1            2
        1146         1146         1162         2500            1            2
        1149         1149         1165         2506            1            2
        1152         1152         1168         2512            1            2
        1155         1155         1171         2518            1            2
        1158         1158         1174         2524            1            2
        1161         1161         1177         2530            1            2
        1164         1164         1180         2536            1            2
        1167         1167         1183         2542            1            2
        1170         1170         1186         2548            1            2
        1173         1173         1189         2554            1            2
        1176         1176         1192         2560            1            2
        1179         1179         1195         2566            1            2
        1182         1182         1198         2572            1            2
        1185         1185         1201         2578            1            2
        1188         1188         1204         2584            1            2
        1191         1191         1207         2590            1            2
        1194         1194         1210         2596            1            2
        1197         1197         1213         2602            1            2
        1200         1200         1216         2608            1            2
        1203         1203         1219         2614            1            2
        1206         1206         1222         2620            1            2
        1209         1209         1225         2626            1            2
        1212         1212         1228         2632            1            2
        1215         1215         1231         2638            1            2
        1218         1218         1234         2644            1            2
        1221         1221         1237         2650            1            2
        1224         1224         1240         2656            1            2
        1227         1227         1243         2662            1            2
        1230         1230         1246         2668            1            2
        1233         1233         1249         2674            1            2
        1236         1236         1252         2680            1            2
        1239         1239         1255         2686            1            2
        1242         1242         1258         2692            1            2
        1245         1245         1261         2698            1            2
        1248         1248         1264         2704            1            2
        1251         1251         1267         2710            1            2
        1254         1254         1270         2716            1            2
        1257         1257         1273         2722            1            2
        1260         1260         1276         2728            1            2
        1263         1263         1279         2734            1            2
        1266         1266         1282         2740            1            2
        1269         1269         1285         2746            1            2
        1272         1272         1288         2752            1            2
        1275         1275         1291         2758            1            2
        1278         1278         1294         2764            1            2
        1281         1281         1297         2770            1            2
        1284         1284         1300         2776            1            2
        1287         1287         1303         2782            1            2
        1290         1290         1306         2788            1            2
        1293         1293         1309         2794            1            2
        1296         1296         1312         2800            1            2
        1299         1299         1315         2806            1            2
        1302         1302         1318         2812            1            2
        1305         1305         1321         2818            1            2
        1308         1308         1324         2824            1            2
        1311         1311         1327         2830            1            2
        1314         1314         1330         2838            1            3
        1317         1317         1333         2845            1            2
        1320         1320         1336         2854            1            3
        1323         1323         1339         2862            1            2
        1326         1326         1342         2868            1            2
        1329         1329         1345         2874            1            2
        1332         1332         1348         2880            1            2
        1335         1335         1351         2886            1            2
        1338         1338         1354         2892            1            2
        1341         1341         1357         2898            1            2
        1344         1344         1360         2904            1            2
        1347         1347         1363         2910            1            2
        1350         1350         1366         2916            1            2
        1353         1353         1369         2922            1            2
        1356         1356         1372         2928            1            2
        1359         1359         1375         2934            1            2
        1362         1362         1378         2940            1            2
        1365         1365         1381         2946            1            2
        1368         1368         1384         2952            1            2
        1371         1371         1387         2958            1            2
        1374         1374         1390         2964            1            2
        1377         1377         1393         2970            1            2
        1380         1380         1396         2976            1            2
        1383         1383         1399         2982            1            2
        1386         1386         1402         2990            1            2
        1389         1389         1405         2996            1            2
        1392         1392         1408         3002            1            2
        1395         1395         1411         3008            1            2
        1398         1398         1414         3014            1            2
        1401         1401         1417         3020            1            2
        1404         1404         1420         3026            1            2
        1407         1407         1423         3032            1            2
        1410         1410         1426         3038            1            2
        1413         1413         1429         3044            1            2
        1416         1416         1432         3050            1            2
        1419         1419         1435         3056            1            2
        1422         1422         1438         3062            1            2
        1425         1425         1441         3068            1            2
        1428         1428         1444         3074            1            2
        1431         1431         1447         3080            1            2
        1434         1434         1450         3086            1            2
        1437         1437         1453         3092            1            2
        1440         1440         1456         3098            1            2
        1443         1443         1459         3104            1            2
        1446         1446         1462         3110            1            2
        1449         1449         1465         3116            1            2
        1452         1452         1468         3122            1            2
        1455         1455         1471         3128            1            2
        1458         1458         1474         3134            1            2
        1461         1461         1477         3140            1            2
        1464         1464         1486         3158            3            2
        1467         1467         1489         3164            1            2
        1470         1470         1492         3170            1            2
        1473         1473         1495         3176            1            2
        1476         1476         1498         3182            1            2
        1479         1479         1501         3188            1            2
        1482         1482         1504         3194            1            2
        1485         1485         1507         3200            1            2
        1488         1488         1510         3206            1            2
        1491         1491         1513         3212            1            2
        1494         1494         1516         3218            1            2
        1497         1497         1519         3224            1            2
        1500         1500         1522         3230            1            2
        1503         1503         1525         3236            1            2
        1506         1506         1528         3242            1            2
        1509         1509         1531         3248            1            2
        1512         1512         1534         3254            1            2
        1515         1515         1537         3260            1            2
        1518         1518         1540         3266            1            2
        1521         1521         1543         3272            1            2
        1524         1524         1546         3278            1            2
        1527         1527         1549         3284            1            2
        1530         1530         1552         3290            1            2
        1533         1533         1555         3296            1            2
        1536         1536         1558         3302            1            2
        1539         1539         1561         3308            1            2
        1542         1542         1564         3314            1            2
        1545         1545         1567         3320            1            2
        1548         1548         1570         3326            1            2
        1551         1551         1573         3332            1            2
        1554         1554         1576         3338            1            2
        1557         1557         1579         3344            1            2
        1560         1560         1582         3350            1            2
        1563         1563         1585         3356            1            2
        1566         1566         1588         3362            1            2
        1569         1569         1591         3368            1            2
        1572         1572         1594         3374            1            2
        1575         1575         1597         3380            1            2
        1578         1578         1600         3386            1            2
        1581         1581         1603         3392            1            2
        1584         1584         1606         3398            1            2
        1587         1587         1609         3404            1            2
        1590         1590         1612         3410            1            2
        1593         1593         1615         3416            1            2
        1596         1596         1618         3422            1            2
        1599         1599         1621         3428            1            2
        1602         1602         1624         3434            1            2
        1605         1605         1627         3440            1            2
        1608         1608         1630         3446            1            2
        1611         1611         1633         3452            1            2
        1614         1614         1636         3458            1            2
        1617         1617         1639         3464            1            2
        1620         1620         1642         3470            1            2
        1623         1623         1645         3476            1            2
        1626         1626         1648         3482            1            2
        1629         1629         1651         3488            1            2
        1632         1632         1654         3494            1            2
        1635         1635         1657         3500            1            2
        1638         1638         1660         3506            1            2
        1641         1641         1663         3512            1            2
        1644         1644         1666         3518            1            2
        1647         1647         1669         3524            1            2
        1650         1650         1672         3530            1            2
        1653         1653         1675         3536            1            2
        1656         1656         1678         3542            1            2
        1659         1659         1681         3548            1            2
        1662         1662         1684         3554            1            2
        1665         1665         1687         3560            1            2
        1668         1668         1690         3566            1            2
        1671         1671         1693         3572            1            2
        1674         1674         1696         3578            1            2
        1677         1677         1699         3584            1            2
        1680         1680         1702         3590            1            2
        1683         1683         1705         3596            1            2
        1686         1686         1708         3602            1            2
        1689         1689         1711         3608            1            2
        1692         1692         1714         3614            1            2
        1695         1695         1717         3620            1            2
        1698         1698         1720         3626            1            2
        1701         1701         1723         3632            1            2
        1704         1704         1726         3638            1            2
        1707         1707         1729         3644            1            2
        1710         1710         1732         3650            1            2
        1713         1713         1735         3656            1            2
        1716         1716         1738         3662            1            2
        1719         1719         1741         3668            1            2
        1722         1722         1744         3674            1            2
        1725         1725         1747         3680            1            2
        1728         1728         1750         3686            1            2
        1731         1731         1753         3692            1            2
        1734         1734         1756         3698            1            2
        1737         1737         1759         3704            1            2
        1740         1740         1762         3710            1            2
        1743         1743         1765         3716            1            2
        1746         1746         1768         3722            1            2
        1749         1749         1771         3728            1            2
        1752         1752         1774         3734            1            2
        1755         1755         1777         3740            1            2
        1758         1758         1780         3746            1            2
        1761         1761         1783         3752            1            2
        1764         1764         1786         3758            1            2
        1767         1767         1789         3764            1            2
        1770         1770         1792         3770            1            2
        1773         1773         1795         3776            1            2
        1776         1776         1798         3782            1            2
        1779         1779         1801         3788            1            2
        1782         1782         1804         3794            1            2
        1785         1785         1807         3800            1            2
        1788         1788         1810         3806            1            2
        1791         1791         1813         3812            1            2
        1794         1794         1816         3818            1            2
        1797         1797         1819         3824            1            2
        1800         1800         1822         3830            1            2
        1803         1803         1825         3836            1            2
        1806         1806         1828         3842            1            2
        1809         1809         1831         3848            1            2
        1812         1812         1834         3854            1            2
        1815         1815         1837         3860            1            2
        1818         1818         1840         3866            1            2
        1821         1821         1843         3872            1            2
        1824         1824         1846         3878            1            2
        1827         1827         1849         3884            1            2
        1830         1830         1852         3890            1            2
        1833         1833         1855         3896            1            2
        1836         1836         1858         3902            1            2
        1839         1839         1861         3908            1            2
        1842         1842         1864         3914            1            2
        1845         1845         1867         3920            1            2
        1848         1848         1870         3926            1            2
        1851         1851         1873         3932            1            2
        1854         1854         1876         3938            1            2
        1857         1857         1879         3944            1            2
        1860         1860         1882         3950            1            2
        1863         1863         1885         3956            1            2
        1866         1866         1888         3962            1            2
        1869         1869         1891         3968            1            2
        1872         1872         1894         3974            1            2
        1875         1875         1897         3980            1            2
        1878         1878         1900         3986            1            2
        1881         1881         1903         3992            1            2
        1884         1884         1906         3998            1            2
        1887         1887         1909         4004            1            2
        1890         1890         1912         4010            1            2
        1893         1893         1915         4016            1            2
        1896         1896         1918         4022            1            2
        1899         1899         1921         4028            1            2
        1902         1902         1924         4034            1            2
        1905         1905         1927         4040            1            2
        1908         1908         1930         4046            1            2
        1911         1911         1933         4052            1            2
        1914         1914         1936         4058            1            2
        1917         1917         1939         4064            1            2
        1920         1920         1942         4070            1            2
        1923         1923         1945         4076            1            2
        1926         1926         1948         4082            1            2
        1929         1929         1951         4088            1            2
        1932         1932         1954         4094            1            2
        1935         1935         1957         4100            1            2
        1938         1938         1960         4106            1            2
        1941         1941         1963         4112            1            2
        1944         1944         1966         4118            1            2
        1947         1947         1969         4124            1            2
        1950         1950         1972         4130            1            2
        1953         1953         1975         4136            1            2
        1956         1956         1978         4142            1            2
        1959         1959         1981         4148            1            2
        1962         1962         1984         4154            1            2
        1965         1965         1987         4160            1            2
        1968         1968         1990         4166            1            2
        1971         1971         1993         4172            1            2
        1974         1974         1996         4178            1            2
        1977         1977         1999         4184            1            2
        1980         1980         2002         4190            1            2
        1983         1983         2005         4196            1            2
        1986         1986         2008         4202            1            2
        1989         1989         2011         4208            1            2
        1992         1992         2014         4214            1            2
        1995         1995         2017         4220            1            2
        1998         1998         2020         4226            1            2
        2001         2001         2023         4232            1            2
        2004         2004         2026         4238            1            2
        2007         2007         2029         4244            1            2
        2010         2010         2032         4250            1            2
        2013         2013         2035         4256            1            2
        2016         2016         2038         4262            1            2
        2019         2019         2041         4268            1            2
        2022         2022         2044         4274            1            2
        2025         2025         2047         4280            1            2
        2028         2028         2050         4286            1            2
        2031         2031         2053         4292            1            2
        2034         2034         2056         4298            1            2
        2037         2037         2059         4304            1            2
        2040         2040         2062         4310            1            2
        2043         2043         2065         4316            1            2
        2046         2046         2068         4322            1            2
        2049         2049         2071         4328            1            2
        2052         2052         2074         4334            1            2
        2055         2055         2077         4340            1            2
        2058         2058         2080         4346            1            2
        2061         2061         2083         4352            1            2
        2064         2064         2086         4358            1            2
        2067         2067         2089         4364            1            2
        2070         2070         2092         4370            1            2
        2073         2073         2095         4376            1            2
        2076         2076         2098         4382            1            2
        2079         2079         2101         4388            1            2
        2082         2082         2104         4394            1            2
        2085         2085         2107         4400            1            2
        2088         2088         2110         4406            1            2
        2091         2091         2113         4412            1            2
        2094         2094         2116         4418            1            2
        2097         2097         2119         4424            1            2
        2100         2100         2122         4430            1            2
        2103         2103         2125         4436            1            2
        2106         2106         2128         4442            1            2
        2109         2109         2131         4448            1            2
        2112         2112         2134         4454            1            2
        2115         2115         2137         4460            1            2
        2118         2118         2140         4466            1            2
        2121         2121         2143         4472            1            2
        2124         2124         2146         4478            1            2
        2127         2127         2149         4484            1            2
        2130         2130         2152         4490            1            2
        2133         2133         2155         4496            1            2
        2136         2136         2158         4502            1            2
        2139         2139         2161         4508            1            2
        2142         2142         2164         4514            1            2
        2145         2145         2167         4520            1            2
        2148         2148         2170         4526            1            2
        2151         2151         2173         4532            1            2
        2154         2154         2176         4538            1            2
        2157         2157         2179         4544            1            2
        2160         2160         2182         4550            1            2
        2163         2163         2185         4556            1            2
        2166         2166         2188         4562            1            2
        2169         2169         2191         4568            1            2
        2172         2172         2194         4574            1            2
        2175         2175         2197         4580            1            2
        2178         2178         2200         4586            1            2
        2181         2181         2203         4592            1            2
        2184         2184         2206         4598            1            2
        2187         2187         2209         4604            1            2
        2190         2190         2212         4610            1            2
        2193         2193         2215         4616            1            2
        2196         2196         2218         4622            1            2
        2199         2199         2221         4628            1            2
        2202         2202         2224         4634            1            2
        2205         2205         2227         4640            1            2
        2208         2208         2230         4646            1            2
        2211         2211         2233         4652            1            2
        2214         2214         2236         4658            1            2
        2217         2217         2239         4664            1            2
        2220         2220         2242         4670            1            2
        2223         2223         2245         4676            1            2
        2226         2226         2248         4682            1            2
        2229         2229         2251         4688            1            2
        2232         2232         2254         4694            1            2
        2235         2235         2257         4700            1            2
        2238         2238         2260         4706            1            2
        2241         2241         2263         4712            1            2
        2244         2244         2266         4718            1            2
        2247         2247         2269         4724            1            2
        2250         2250         2272         4730            1            2
        2253         2253         2275         4736            1            2
        2256         2256         2278         4742            1            2
        2259         2259         2281         4748            1            2
        2262         2262         2284         4754            1            2
        2265         2265         2287         4760            1            2
        2268         2268         2290         4766            1            2
        2271         2271         2293         4772            1            2
        2274         2274         2296         4778            1            2
        2277         2277         2299         4784            1            2
        2280         2280         2302         4790            1            2
        2283         2283         2305         4796            1            2
        2286         2286         2308         4802            1            2
        2289         2289         2311         4808            1            2
        2292         2292         2314         4814            1            2
        2295         2295         2317         4820            1            2
        2298         2298         2320         4826            1            2
        2301         2301         2323         4832            1            2
        2304         2304         2326         4838            1            2
        2307         2307         2329         4844            1            2
        2310         2310         2332         4850            1            2
        2313         2313         2335         4856            1            2
        2316         2316         2338         4862            1            2
        2319         2319         2341         4868            1            2
        2322         2322         2344         4874            1            2
        2325         2325         2347         4880            1            2
        2328         2328         2350         4886            1            2
        2331         2331         2353         4892            1            2
        2334         2334         2356         4898            1            2
        2337         2337         2359         4904            1            2
        2340         2340         2362         4910            1            2
        2343         2343         2365         4916            1            2
        2346         2346         2368         4922            1            2
        2349         2349         2371         4928            1            2
        2352         2352         2374         4934            1            2
        2355         2355         2377         4940            1            2
        2358         2358         2380         4946            1            2
        2361         2361         2383         4952            1            2
        2364         2364         2386         4958            1            2
        2367         2367         2389         4964            1            2
        2370         2370         2392         4970            1            2
        2373         2373         2395         4976            1            2
        2376         2376         2398         4982            1            2
        2379         2379         2401         4988            1            2
        2382         2382         2404         4994            1            2
        2385         2385         2407         5000            1            2
        2388         2388         2410         5006            1            2
        2391         2391         2413         5012            1            2
        2394         2394         2416         5018            1            2
        2397         2397         2419         5024            1            2
        2400         2400         2422         5030            1            2
        2403         2403         2425         5036            1            2
        2406         2406         2428         5042            1            2
        2409         2409         2431         5048            1            2
        2412         2412         2434         5054            1            2
        2415         2415         2437         5060            1            2
        2418         2418         2440         5066            1            2
        2421         2421         2443         5072            1            2
        2424         2424         2446         5078            1            2
        2427         2427         2449         5084            1            2
        2430         2430         2452         5090            1            2
        2433         2433         2455         5096            1            2
        2436         2436         2458         5102            1            2
        2439         2439         2461         5108            1            2
        2442         2442         2464         5114            1            2
        2445         2445         2467         5120            1            2
        2448         2448         2470         5126            1            2
        2451         2451         2473         5132            1            2
        2454         2454         2476         5138            1            2
        2457         2457         2479         5144            1            2
        2460         2460         2482         5150            1            2
        2463         2463         2485         5156            1            2
        2466         2466         2488         5162            1            2
        2469         2469         2491         5168            1            2
        2472         2472         2494         5174            1            2
        2475         2475         2497         5180            1            2
        2478         2478         2500         5186            1            2
        2481         2481         2503         5192            1            2
        2484         2484         2506         5198            1            2
        2487         2487         2509         5204            1            2
        2490         2490         2512         5210            1            2
        2493         2493         2515         5216            1            2
        2496         2496         2518         5222            1            2
        2499         2499         2521         5228            1            2
        2502         2502         2524         5234            1            2
        2505         2505         2527         5240            1            2
        2508         2508         2530         5246            1            2
        2511         2511         2533         5252            1            2
        2514         2514         2536         5258            1            2
        2517         2517         2539         5264            1            2
        2520         2520         2542         5270            1            2
        2523         2523         2545         5276            1            2
        2526         2526         2548         5282            1            2
        2529         2529         2551         5288            1            2
        2532         2532         2554         5294            1            2
        2535         2535         2557         5300            1            2
        2538         2538         2560         5306            1            2
        2541         2541         2563         5312            1            2
        2544         2544         2566         5318            1            2
        2547         2547         2569         5324            1            2
        2550         2550         2572         5330            1            2
        2553         2553         2575         5336            1            2
        2556         2556         2578         5342            1            2
        2559         2559         2581         5348            1            2
        2562         2562         2584         5354            1            2
        2565         2565         2587         5360            1            2
        2568         2568         2590         5366            1            2
        2571         2571         2593         5372            1            2
        2574         2574         2596         5378            1            2
        2577         2577         2599         5384            1            2
        2580         2580         2602         5390            1            2
        2583         2583         2605         5396            1            2
        2586         2586         2608         5402            1            2
        2589         2589         2611         5408            1            2
        2592         2592         2614         5414            1            2
        2595         2595         2617         5420            1            2
        2598         2598         2620         5426            1            2
        2601         2601         2623         5432            1            2
        2604         2604         2626         5438            1            2
        2607         2607         2629         5444            1            2
        2610         2610         2632         5450            1            2
        2613         2613         2635         5456            1            2
        2616         2616         2638         5462            1            2
        2619         2619         2641         5468            1            2
        2622         2622         2644         5474            1            2
        2625         2625         2647         5480            1            2
        2628         2628         2650         5486            1            2
        2631         2631         2653         5492            1            2
        2634         2634         2656         5498            1            2
        2637         2637         2659         5504            1            2
        2640         2640         2662         5510            1            2
        2643         2643         2665         5516            1            2
        2646         2646         2668         5522            1            2
        2649         2649         2671         5528            1            2
        2652         2652         2674         5534            1            2
        2655         2655         2677         5540            1            2
        2658         2658         2680         5546            1            2
        2661         2661         2683         5552            1            2
        2664         2664         2686         5558            1            2
        2667         2667         2689         5564            1            2
        2670         2670         2692         5570            1            2
        2673         2673         2695         5576            1            2
        2676         2676         2698         5582            1            2
        2679         2679         2701         5588            1            2
        2682         2682         2704         5594            1            2
        2685         2685         2707         5600            1            2
        2688         2688         2710         5606            1            2
        2691         2691         2713         5612            1            2
        2694         2694         2716         5618            1            2
        2697         2697         2719         5624            1            2
        2700         2700         2722         5630            1            2
        2703         2703         2725         5636            1            2
        2706         2706         2728         5642            1            2
        2709         2709         2731         5648            1            2
        2712         2712         2734         5654            1            2
        2715         2715         2737         5660            1            2
        2718         2718         2740         5666            1            2
        2721         2721         2743         5672            1            2
        2724         2724         2746         5678            1            2
        2727         2727         2749         5684            1            2
        2730         2730         2752         5690            1            2
        2733         2733         2755         5696            1            2
        2736         2736         2758         5702            1            2
        2739         2739         2761         5708            1            2
        2742         2742         2764         5714            1            2
        2745         2745         2767         5720            1            2
        2748         2748         2770         5726            1            2
        2751         2751         2773         5732            1            2
        2754         2754         2776         5738            1            2
        2757         2757         2779         5744            1            2
        2760         2760         2782         5750            1            2
        2763         2763         2785         5756            1            2
        2766         2766         2788         5762            1            2
        2769         2769         2791         5768            1            2
        2772         2772         2794         5774            1            2
        2775         2775         2797         5780            1            2
        2778         2778         2800         5786            1            2
        2781         2781         2803         5792            1            2
        2784         2784         2806         5798            1            2
        2787         2787         2809         5804            1            2
        2790         2790         2812         5810            1            2
        2793         2793         2815         5816            1            2
        2796         2796         2818         5822            1            2
        2799         2799         2821         5828            1            2
        2802         2802         2824         5834            1            2
        2805         2805         2827         5840            1            2
        2808         2808         2830         5846            1            2
        2811         2811         2833         5852            1            2
        2814         2814         2836         5858            1            2
        2817         2817         2839         5864            1            2
        2820         2820         2842         5870            1            2
        2823         2823         2845         5876            1            2
        2826         2826         2848         5882            1            2
        2829         2829         2851         5888            1            2
        2832         2832         2854         5894            1            2
        2835         2835         2857         5900            1            2
        2838         2838         2860         5906            1            2
        2841         2841         2863         5912            1            2
        2844         2844         2866         5918            1            2
        2847         2847         2869         5924            1            2
        2850         2850         2872         5930            1            2
        2853         2853         2875         5936            1            2
        2856         2856         2878         5942            1            2
        2859         2859         2881         5948            1            2
        2862         2862         2884         5954            1            2
        2865         2865         2887         5960            1            2
        2868         2868         2890         5966            1            2
        2871         2871         2893         5972            1            2
        2874         2874         2896         5978            1            2
        2877         2877         2899         5984            1            2
        2880         2880         2902         5990            1            2
        2883         2883         2905         5996            1            2
        2886         2886         2908         6002            1            2
        2889         2889         2911         6008            1            2
        2892         2892         2914         6014            1            2
        2895         2895         2917         6020            1            2
        2898         2898         2920         6026            1            2
        2901         2901         2923         6032            1            2
        2904         2904         2926         6038            1            2
        2907         2907         2929         6044            1            2
        2910         2910         2932         6050            1            2
        2913         2913         2935         6056            1            2
        2916         2916         2938         6062            1            2
        2919         2919         2941         6068            1            2
        2922         2922         2944         6074            1            2
        2925         2925         2947         6080            1            2
        2928         2928         2950         6086            1            2
        2931         2931         2953         6092            1            2
        2934         2934         2956         6098            1            2
        2937         2937         2959         6104            1            2
        2940         2940         2962         6110            1            2
        2943         2943         2965         6116            1            2
        2946         2946         2968         6122            1            2
        2949         2949         2971         6128            1            2
        2952         2952         2974         6134            1            2
        2955         2955         2977         6140            1            2
        2958         2958         2980         6146            1            2
        2961         2961         2983         6152            1            2
        2964         2964         2986         6158            1            2
        2967         2967         2989         6164            1            2
        2970         2970         2992         6170            1            2
        2973         2973         2995         6176            1            2
        2976         2976         2998         6182            1            2
        2979         2979         3001         6188            1            2
        2982         2982         3004         6194            1            2
        2985         2985         3007         6200            1            2
        2988         2988         3010         6206            1            2
        2991         2991         3013         6212            1            2
        2994         2994         3016         6218            1            2
        2997         2997         3019         6224            1            2
        3000         3000         3022         6230            1            2

 TOTAL NUMBER OF TIME-STEPS COMPLETED      =        3000
 TOTAL NUMBER OF LOAD-STEPS COMPLETED      =        3000
 TOTAL NUMBER OF SUB-STEPS  CONVERGED      =        3011
 TOTAL NUMBER OF SUB-STEPS  DISCARDED      =          11
 TOTAL NUMBER OF ITERATIONS PERFORMED      =        6230

 AVERAGE NUMBER OF SUB-STEPS PER LOAD-STEP =        1.01
 AVERAGE NUMBER OF ITERATIONS PER SUB-STEP =        2.06
 LENGTH OF AVERAGE  CONVERGED SUB-STEP (T) =    0.009963
 LENGTH OF SHORTEST ATTEMPTED SUB-STEP (T) =    0.005000


 N O N L I N E A R   S T A T I C   A N A L Y S I S                      13:52:59

 CASE: DEAD

 STARTING FROM ZERO (UNSTRESSED) INITIAL CONDITIONS

 LOAD CONTROL TYPE                         =       FORCE
 TYPE OF GEOMETRIC NONLINEARITY            =        NONE
 USE EVENT STEPPING                        =         YES
 USE ITERATION                             =         YES
 USE LINE SEARCH                           =          NO
 EVENT LUMPING TOLERANCE                   =    0.010000
 FORCE CONVERGENCE TOLERANCE (RELATIVE)    =    0.000100

 Negative iterations are Constant-Stiffness
 Positive iterations are Newton-Raphson

  Saved    Null   Total  Iteration   Relative  Curr Step   Curr Sum    Max Sum
  Steps   Steps   Steps  this Step  Unbalance       Size   of Steps   of Steps
 (    1      50     200     -10/40   1.000000   1.000000   1.000000   1.000000)

      0       0       1  Conv   -1   0.006755   1.000000   1.000000   1.000000

 ----------------------------------------
 BASIC STABILITY CHECK FOR FORCE-CONTROLLED NONLINEAR STATIC LOAD CASES:
    NUMBER OF NEGATIVE STIFFNESS EIGENVALUES SHOULD BE ZERO FOR STABILITY.
    (NOTE: FURTHER CHECKS SHOULD BE CONSIDERED AS DEEMED NECESSARY)

    NUMBER FOUND AT FINAL CONVERGED STATE  =           0,  OK.
 ----------------------------------------

 NUMBER OF STIFFNESS FORMATIONS/SOLUTIONS  =           2

 TIME FOR INITIALIZING ANALYSIS            =        0.00
 TIME FOR CONTROLLING ANALYSIS             =        0.02
 TIME FOR UPDATING LOADS AND STATE         =        0.00
 TIME FOR FORMING STIFFNESS MATRIX         =        0.02
 TIME FOR SOLVING STIFFNESS MATRIX         =        0.30
 TIME FOR CALCULATING DISPLACEMENTS        =        0.01
 TIME FOR DETERMINING EVENTS               =        0.00
 TIME FOR SAVING RESULTS                   =        0.03
                                               ----------
 TOTAL TIME FOR THIS ANALYSIS              =        0.38


 A N A L Y S I S   C O M P L E T E                          2022/12/31  13:53:01
