

 SAP2000 v22.0.0 Ultimate 64-bit (Analysis Build 9780/64)
 File: C:\Users\Amatek\Documen...n_dissipative_KBF\SAP2000 model\V8\KBF5 (1).LOG




 B E G I N   A N A L Y S I S                                2022/12/27  18:55:16


 RUNNING ANALYSIS WITHIN THE GUI PROCESS
 USING THE ADVANCED SOLVER (PROVIDES LIMITED INSTABILITY INFORMATION)

 NUMBER OF JOINTS                          =          59
    WITH RESTRAINTS                        =           4
 NUMBER OF FRAME/CABLE/TENDON ELEMENTS     =          60
 NUMBER OF LINK/SUPPORT ELEMENTS           =          20
 NUMBER OF LOAD PATTERNS                   =           2
 NUMBER OF ACCELERATION LOADS              =           9
 NUMBER OF LOAD CASES                      =           4

 ADDRESSABLE PHYSICAL MEMORY (RAM)         =       7.914 GB

 PARALLELIZATION OF ANALYSIS OPERATIONS:
 (Env. variable SAPFIRE_NUM_THREADS        =           0)
 NUMBER OF THREADS: STATE (AUTOMATIC)      =           4
 NUMBER OF THREADS: STIFFNESS (AUTOMATIC)  =           4
 NUMBER OF THREADS: EVENT (AUTOMATIC)      =           4
 NUMBER OF THREADS: MOVE (AUTOMATIC)       =           4
 NUMBER OF THREADS: RESPONSE (AUTOMATIC)   =           4
 NUMBER OF THREADS: SOLVE (AUTOMATIC)      =           4
 NUMBER OF THREADS: FORM (AUTOMATIC)       =           4


 E L E M E N T   F O R M A T I O N                                      18:55:16


 NUMBER OF COUPLED CONSTRAINT EQUATIONS    =         100
 REDUCTION OF CONSTRAINTS AND RESTRAINTS:
 NUMBER OF
   CONSTRAINT MASTER DOF BEFORE REDUCTION  =         135
   COUPLED CONSTRAINT/RESTRAINT MASTER DOF =          25
   CONSTRAINT MASTER DOF AFTER REDUCTION   =         110


 L I N E A R   E Q U A T I O N   S O L U T I O N                        18:55:16

 FORMING STIFFNESS AT ZERO (UNSTRESSED) INITIAL CONDITIONS

 TOTAL NUMBER OF EQUILIBRIUM EQUATIONS     =         125
 NUMBER OF NON-ZERO STIFFNESS TERMS        =         889

 ---------------------------------
 BASIC STABILITY CHECK FOR LINEAR LOAD CASES:
    NUMBER OF NEGATIVE STIFFNESS EIGENVALUES SHOULD BE ZERO FOR STABILITY.
    (NOTE: FURTHER CHECKS SHOULD BE CONSIDERED AS DEEMED NECESSARY,
     SUCH AS REVIEWING EIGEN MODES FOR MECHANISMS AND RIGID-BODY MOTION)

    NUMBER OF NEGATIVE EIGENVALUES         =           0,  OK.
 ---------------------------------


 L I N E A R   S T A T I C   C A S E S                                  18:55:16

 USING STIFFNESS AT ZERO (UNSTRESSED) INITIAL CONDITIONS

 TOTAL NUMBER OF CASES TO SOLVE            =           1
 NUMBER OF CASES TO SOLVE PER BLOCK        =           1

 LINEAR STATIC CASES TO BE SOLVED:

 CASE: LL


 E I G E N   M O D A L   A N A L Y S I S                                18:55:16

 CASE: MODAL

 USING STIFFNESS AT ZERO (UNSTRESSED) INITIAL CONDITIONS

 NUMBER OF STIFFNESS DEGREES OF FREEDOM    =         125
 NUMBER OF MASS DEGREES OF FREEDOM         =          90
 MAXIMUM NUMBER OF EIGEN MODES SOUGHT      =          12
 MINIMUM NUMBER OF EIGEN MODES SOUGHT      =           1
 NUMBER OF RESIDUAL-MASS MODES SOUGHT      =           0
 NUMBER OF SUBSPACE VECTORS USED           =          24
 RELATIVE CONVERGENCE TOLERANCE            =    1.00E-09

 FREQUENCY SHIFT  (CENTER) (CYC/TIME)      =     .000000
 FREQUENCY CUTOFF (RADIUS) (CYC/TIME)      =  -INFINITY-
 ALLOW AUTOMATIC FREQUENCY SHIFTING        =         YES


 Original stiffness at shift : EV= 0.0000000E+00, f=     .000000, T=  -INFINITY-
 Number of eigenvalues below shift =      0

 Iteration    Approximations to next 5 eigenvalues, from shift EV= 0.0000000E+00
       1   7.2632605E+01 7.2722052E+02 2.1527071E+03 2.4976309E+03 3.5039097E+03
       2   7.2509242E+01 7.1735389E+02 2.0985736E+03 2.3344929E+03 3.2633940E+03
       4   7.2509241E+01 7.1734661E+02 2.0983533E+03 2.3310894E+03 3.2611648E+03

 Found mode      1 of     12:  EV= 7.2509241E+01, f=    1.355242, T=    0.737876

 Iteration    Approximations to next 5 eigenvalues, from shift EV= 0.0000000E+00
       5   7.1734661E+02 2.0983533E+03 2.3310892E+03 3.2611646E+03 3.4185340E+03

 Found mode      2 of     12:  EV= 7.1734661E+02, f=    4.262699, T=    0.234593
 Found mode      3 of     12:  EV= 2.0983533E+03, f=    7.290536, T=    0.137164

 Iteration    Approximations to next 5 eigenvalues, from shift EV= 0.0000000E+00
       6   2.3310892E+03 3.2611646E+03 3.4185339E+03 4.1097256E+03 4.4643107E+03

 Found mode      4 of     12:  EV= 2.3310892E+03, f=    7.684216, T=    0.130137
 Found mode      5 of     12:  EV= 3.2611646E+03, f=    9.088799, T=    0.110026

 Iteration    Approximations to next 5 eigenvalues, from shift EV= 0.0000000E+00
       7   3.4185339E+03 4.1097256E+03 4.4643107E+03 6.2357943E+03 6.3435935E+03

 Found mode      6 of     12:  EV= 3.4185339E+03, f=    9.305508, T=    0.107463
 Found mode      7 of     12:  EV= 4.1097256E+03, f=   10.202968, T=    0.098011
 Found mode      8 of     12:  EV= 4.4643107E+03, f=   10.634017, T=    0.094038

 Iteration    Approximations to next 5 eigenvalues, from shift EV= 0.0000000E+00
       8   6.2357943E+03 6.3435935E+03 6.8686983E+03 7.9127045E+03 7.9915936E+03

 Found mode      9 of     12:  EV= 6.2357943E+03, f=   12.567996, T=    0.079567
 Found mode     10 of     12:  EV= 6.3435935E+03, f=   12.676163, T=    0.078888
 Found mode     11 of     12:  EV= 6.8686983E+03, f=   13.190381, T=    0.075813
 Found mode     12 of     12:  EV= 7.9127045E+03, f=   14.157371, T=    0.070635

 NUMBER OF EIGEN MODES FOUND               =          12
 NUMBER OF ITERATIONS PERFORMED            =           8
 NUMBER OF STIFFNESS SHIFTS                =           0


 N O N L I N E A R   M O D A L   H I S T O R Y   A N A L Y S I S        18:55:16

 CASE: ARTIF1
 ANALYSIS TYPE                             =   NONLINEAR
 STARTING FROM ZERO (UNSTRESSED) INITIAL CONDITIONS
 USING MODES FROM CASE: MODAL
 NUMBER OF DYNAMIC MODES TO BE USED        =          12
 NUMBER OF STATIC-LOAD MODES TO BE USED    =           1
 CONVERGENCE FACTOR                        =    1.000000
 FORCE  CONVERGENCE TOLERANCE              =    1.00E-05
 ENERGY CONVERGENCE TOLERANCE              =    1.00E-05
 MAXIMUM SUB-STEP LENGTH (TIME)            =    0.010000
 MINIMUM SUB-STEP LENGTH (TIME)            =    1.00E-11
 UPPER MAXIMUM NUMBER OF ITERATIONS        =         100
 LOWER MAXIMUM NUMBER OF ITERATIONS        =           2
 MODES ARE TREATED AS STATIC BELOW PERIOD  =    1.0E-101

 TOTAL HISTORY LENGTH (TIME)               =   30.000000
 LENGTH OF TIME-STEPS (TIME)               =    0.010000
 NUMBER OF TIME-STEPS TO BE INTEGRATED     =        3000



 * * * W A R N I N G * * *
 NON-ZERO TIME-HISTORY FUNCTION VALUES WILL BE IGNORED AT START OF LOAD CASE.

 TIME-HISTORY FUNCTIONS WITH A NON-ZERO VALUE AT START OF THE LOAD CASE:
    ARTIF1

 EFFECTIVE MODAL DAMPING RATIOS (CROSS-COUPLING TERMS ARE NEGLECTED)
       1    0.737876    0.050000
       2    0.234593    0.050000
       3    0.137164    0.050000
       4    0.130137    0.050000
       5    0.110026    0.050000
       6    0.107463    0.050000
       7    0.098011    0.050000
       8    0.094038    0.050000
       9    0.079567    0.050000
      10    0.078888    0.050000
      11    0.075813    0.050000
      12    0.070635    0.050000
   Time-step    Load-step     Sub-step    Iteration   Sub-steps/  Iterations/
      number       number       number       number    load-step     sub-step

           1            1            1            2            1            2
           3            3            3            6            1            2
           6            6            6           12            1            2
           9            9            9           18            1            2
          12           12           12           24            1            2
          15           15           15           30            1            2
          18           18           18           36            1            2
          21           21           21           42            1            2
          24           24           24           48            1            2
          27           27           27           54            1            2
          30           30           30           60            1            2
          33           33           33           66            1            2
          36           36           36           72            1            2
          39           39           39           78            1            2
          42           42           42           84            1            2
          45           45           45           90            1            2
          48           48           48           98            1            3
          51           51           51          106            1            3
          54           54           54          115            1            3
          57           57           57          124            1            3
          60           60           60          133            1            3
          63           63           63          139            1            2
          66           66           66          147            1            3
          69           69           69          154            1            2
          72           72           72          160            1            2
          75           75           75          166            1            2
          78           78           78          172            1            2
          81           81           81          181            1            3
          84           84           84          190            1            3
          87           87           87          199            1            3
          90           90           90          208            1            3
          93           93           93          217            1            3
          96           96           96          226            1            3
          99           99           99          235            1            3
         102          102          102          244            1            3
         105          105          105          251            1            2
         108          108          108          258            1            3
         111          111          111          265            1            2
         114          114          114          271            1            2
         117          117          117          277            1            2
         120          120          120          283            1            2
         123          123          123          289            1            2
         126          126          126          296            1            3
         129          129          129          305            1            3
         132          132          132          314            1            3
         135          135          135          323            1            3
         138          138          138          332            1            3
         141          141          141          339            1            2
         144          144          144          345            1            2
         147          147          147          351            1            2
         150          150          150          359            1            3
         153          153          153          368            1            3
         156          156          156          377            1            3
         159          159          161          392            3            3
         162          162          170          416            3            2
         165          165          179          439            3            2
         168          168          182          448            1            3
         171          171          185          457            1            3
         174          174          188          464            1            2
         177          177          191          471            1            3
         180          180          194          480            1            3
         183          183          197          490            1            4
         186          186          204          513            3            3
         189          189          213          542            3            3
         192          192          222          569            3            3
         195          195          231          594            3            2
         198          198          234          602            1            2
         201          201          237          609            1            2
         204          204          240          615            1            2
         207          207          243          622            1            3
         210          210          246          631            1            3
         213          213          253          652            3            3
         216          216          262          679            3            3
         219          219          271          706            3            3
         222          222          280          735            3            3
         225          225          289          765            3            3
         228          228          294          783            1            4
         231          231          297          791            1            2
         234          234          300          797            1            2
         237          237          303          806            1            3
         240          240          306          813            1            2
         243          243          313          832            3            2
         246          246          316          843            1            4
         249          249          325          871            3            3
         252          252          334          901            3            3
         255          255          343          931            3            3
         258          258          352          961            3            3
         261          261          359          985            1            4
         264          264          382         1050           10            3
         267          267          408         1113            6            3
         270          270          442         1184            8            2
         273          273          449         1204            1            3
         276          276          452         1211            1            2
         279          279          455         1220            1            3
         282          282          458         1229            1            3
         285          285          461         1237            1            3
         288          288          470         1261            3            3
         291          291          479         1285            3            3
         294          294          488         1311            3            3
         297          297          499         1343            5            3
         300          300          515         1390            6            3
         303          303          524         1417            3            3
         306          306          539         1454            6            3
         309          309          555         1498            6            3
         312          312          562         1518            1            3
         315          315          565         1528            1            4
         318          318          572         1550            1            2
         321          321          575         1556            1            2
         324          324          578         1563            1            3
         327          327          581         1571            1            2
         330          330          584         1577            1            2
         333          333          587         1585            1            3
         336          336          594         1602            3            2
         339          339          603         1623            3            2
         342          342          610         1643            3            3
         345          345          623         1673            4            2
         348          348          631         1693            3            2
         351          351          638         1712            5            3
         354          354          656         1750            6            2
         357          357          667         1777            3            2
         360          360          670         1786            1            3
         363          363          673         1795            1            3
         366          366          676         1804            1            3
         369          369          679         1810            1            2
         372          372          682         1816            1            2
         375          375          685         1825            1            3
         378          378          688         1831            1            2
         381          381          691         1838            1            3
         384          384          694         1846            1            2
         387          387          697         1855            1            3
         390          390          711         1892            6            2
         393          393          720         1913            3            2
         396          396          725         1926            1            3
         399          399          734         1947            3            2
         402          402          743         1968            3            2
         405          405          755         1999            4            3
         408          408          770         2037            8            2
         411          411          788         2075            4            2
         414          414          792         2084            1            3
         417          417          795         2092            1            2
         420          420          798         2098            1            2
         423          423          801         2106            1            3
         426          426          804         2114            1            2
         429          429          807         2123            1            3
         432          432          810         2131            1            3
         435          435          815         2145            3            3
         438          438          824         2166            3            2
         441          441          829         2176            1            2
         444          444          832         2182            1            2
         447          447          835         2191            1            3
         450          450          838         2197            1            2
         453          453          841         2203            1            2
         456          456          844         2210            1            3
         459          459          847         2219            1            3
         462          462          852         2234            3            3
         465          465          861         2260            3            3
         468          468          870         2286            3            3
         471          471          881         2316            5            2
         474          474          916         2401           10            3
         477          477          923         2417            1            2
         480          480          926         2424            1            3
         483          483          929         2433            1            3
         486          486          932         2442            1            3
         489          489          935         2451            1            3
         492          492          942         2472            3            3
         495          495          951         2499            3            3
         498          498          960         2526            3            3
         501          501          973         2566            7            3
         504          504         1009         2644            7            2
         507          507         1013         2653            1            2
         510          510         1016         2659            1            2
         513          513         1019         2665            1            2
         516          516         1022         2672            1            3
         519          519         1027         2687            3            3
         522          522         1034         2708            1            3
         525          525         1037         2720            1            4
         528          528         1046         2747            3            3
         531          531         1055         2774            3            3
         534          534         1064         2803            3            3
         537          537         1081         2848           11            2
         540          540         1102         2900            6            3
         543          543         1114         2934            2            2
         546          546         1117         2940            1            2
         549          549         1120         2947            1            2
         552          552         1123         2953            1            2
         555          555         1126         2962            1            3
         558          558         1133         2982            3            3
         561          561         1138         2999            1            4
         564          564         1141         3010            1            4
         567          567         1144         3022            1            4
         570          570         1151         3046            3            3
         573          573         1160         3076            3            3
         576          576         1171         3110            5            3
         579          579         1193         3161           14            2
         582          582         1203         3184            1            3
         585          585         1206         3190            1            2
         588          588         1209         3196            1            2
         591          591         1212         3202            1            2
         594          594         1215         3208            1            2
         597          597         1222         3225            3            2
         600          600         1229         3244            3            3
         603          603         1238         3271            3            3
         606          606         1247         3298            3            3
         609          609         1256         3326            3            3
         612          612         1265         3356            3            3
         615          615         1282         3404            6            3
         618          618         1300         3447            6            2
         621          621         1304         3456            1            3
         624          624         1307         3464            1            2
         627          627         1310         3470            1            2
         630          630         1313         3476            1            2
         633          633         1316         3483            1            3
         636          636         1319         3492            1            3
         639          639         1326         3513            3            3
         642          642         1335         3542            3            3
         645          645         1344         3570            3            3
         648          648         1353         3598            3            3
         651          651         1362         3628            3            3
         654          654         1373         3659            5            2
         657          657         1377         3668            1            2
         660          660         1380         3674            1            2
         663          663         1383         3680            1            2
         666          666         1386         3686            1            2
         669          669         1389         3693            1            2
         672          672         1392         3702            1            3
         675          675         1401         3723            3            2
         678          678         1410         3748            3            3
         681          681         1419         3775            3            3
         684          684         1428         3802            3            3
         687          687         1437         3828            3            3
         690          690         1444         3849            1            3
         693          693         1447         3855            1            2
         696          696         1450         3861            1            2
         699          699         1453         3869            1            3
         702          702         1456         3875            1            2
         705          705         1459         3883            1            3
         708          708         1462         3892            1            3
         711          711         1467         3907            3            3
         714          714         1476         3935            3            3
         717          717         1485         3963            3            3
         720          720         1494         3990            3            3
         723          723         1503         4018            3            3
         726          726         1510         4040            1            3
         729          729         1513         4048            1            2
         732          732         1516         4057            1            3
         735          735         1519         4064            1            2
         738          738         1522         4070            1            2
         741          741         1525         4076            1            2
         744          744         1528         4084            1            3
         747          747         1531         4093            1            3
         750          750         1540         4120            3            3
         753          753         1549         4146            3            3
         756          756         1558         4173            3            3
         759          759         1567         4202            3            3
         762          762         1572         4216            1            2
         765          765         1575         4222            1            2
         768          768         1578         4228            1            2
         771          771         1581         4234            1            2
         774          774         1584         4240            1            2
         777          777         1587         4246            1            2
         780          780         1590         4254            1            3
         783          783         1593         4263            1            3
         786          786         1600         4284            3            3
         789          789         1609         4310            3            3
         792          792         1618         4337            3            3
         795          795         1627         4364            3            3
         798          798         1634         4381            1            3
         801          801         1637         4388            1            2
         804          804         1640         4396            1            2
         807          807         1643         4402            1            2
         810          810         1646         4408            1            2
         813          813         1649         4414            1            2
         816          816         1652         4423            1            3
         819          819         1657         4438            3            3
         822          822         1666         4464            3            3
         825          825         1675         4488            3            2
         828          828         1684         4513            3            3
         831          831         1693         4541            3            3
         834          834         1702         4566            3            2
         837          837         1707         4578            1            2
         840          840         1710         4584            1            2
         843          843         1713         4590            1            2
         846          846         1716         4596            1            2
         849          849         1719         4602            1            2
         852          852         1722         4609            1            3
         855          855         1727         4622            3            2
         858          858         1736         4643            3            2
         861          861         1745         4664            3            2
         864          864         1754         4685            3            2
         867          867         1763         4711            3            3
         870          870         1770         4734            1            4
         873          873         1773         4741            1            2
         876          876         1776         4747            1            2
         879          879         1779         4753            1            2
         882          882         1782         4759            1            2
         885          885         1785         4768            1            3
         888          888         1788         4777            1            3
         891          891         1791         4786            1            3
         894          894         1794         4795            1            3
         897          897         1797         4805            1            4
         900          900         1802         4820            3            3
         903          903         1811         4847            3            3
         906          906         1820         4877            3            3
         909          909         1827         4896            3            3
         912          912         1832         4911            1            4
         915          915         1835         4920            1            2
         918          918         1838         4926            1            2
         921          921         1841         4934            1            2
         924          924         1844         4943            1            3
         927          927         1851         4964            1            3
         930          930         1856         4979            3            3
         933          933         1865         5006            3            3
         936          936         1874         5033            3            3
         939          939         1881         5055            3            3
         942          942         1888         5075            1            3
         945          945         1893         5090            1            3
         948          948         1896         5100            1            3
         951          951         1899         5109            1            3
         954          954         1902         5119            1            3
         957          957         1905         5127            1            3
         960          960         1908         5135            1            2
         963          963         1911         5143            1            2
         966          966         1914         5152            1            3
         969          969         1921         5173            3            3
         972          972         1930         5199            3            3
         975          975         1939         5224            3            3
         978          978         1944         5237            3            2
         981          981         1955         5262            2            2
         984          984         1958         5271            1            3
         987          987         1961         5278            1            2
         990          990         1964         5284            1            2
         993          993         1967         5291            1            3
         996          996         1970         5297            1            2
         999          999         1973         5304            1            2
        1002         1002         1976         5313            1            3
        1005         1005         1979         5322            1            3
        1008         1008         1982         5331            1            3
        1011         1011         1985         5340            1            3
        1014         1014         1988         5349            1            3
        1017         1017         1993         5365            3            3
        1020         1020         1996         5374            1            3
        1023         1023         2005         5395            3            2
        1026         1026         2010         5407            1            2
        1029         1029         2013         5416            1            3
        1032         1032         2016         5425            1            3
        1035         1035         2019         5432            1            2
        1038         1038         2022         5438            1            2
        1041         1041         2025         5446            1            3
        1044         1044         2028         5455            1            3
        1047         1047         2037         5482            3            3
        1050         1050         2046         5510            3            3
        1053         1053         2055         5539            3            3
        1056         1056         2060         5553            3            3
        1059         1059         2069         5580            3            3
        1062         1062         2074         5595            1            3
        1065         1065         2077         5604            1            3
        1068         1068         2080         5613            1            3
        1071         1071         2083         5620            1            2
        1074         1074         2086         5626            1            2
        1077         1077         2089         5635            1            3
        1080         1080         2092         5642            1            2
        1083         1083         2095         5650            1            3
        1086         1086         2098         5659            1            3
        1089         1089         2101         5668            1            3
        1092         1092         2106         5683            3            3
        1095         1095         2115         5710            3            3
        1098         1098         2124         5736            3            3
        1101         1101         2139         5774            9            2
        1104         1104         2146         5789            1            2
        1107         1107         2149         5795            1            2
        1110         1110         2152         5801            1            2
        1113         1113         2155         5807            1            2
        1116         1116         2158         5813            1            2
        1119         1119         2161         5820            1            3
        1122         1122         2164         5829            1            3
        1125         1125         2167         5838            1            3
        1128         1128         2170         5847            1            3
        1131         1131         2179         5874            3            3
        1134         1134         2188         5899            3            3
        1137         1137         2197         5924            3            3
        1140         1140         2204         5941            1            3
        1143         1143         2207         5949            1            2
        1146         1146         2210         5955            1            2
        1149         1149         2213         5961            1            2
        1152         1152         2216         5967            1            2
        1155         1155         2219         5975            1            3
        1158         1158         2222         5984            1            3
        1161         1161         2225         5994            1            4
        1164         1164         2232         6017            3            3
        1167         1167         2241         6045            3            3
        1170         1170         2250         6072            3            3
        1173         1173         2259         6100            3            3
        1176         1176         2267         6123            1            4
        1179         1179         2270         6134            1            3
        1182         1182         2273         6140            1            2
        1185         1185         2276         6146            1            2
        1188         1188         2279         6153            1            3
        1191         1191         2286         6174            3            3
        1194         1194         2293         6197            3            3
        1197         1197         2302         6226            3            3
        1200         1200         2311         6256            3            3
        1203         1203         2320         6282            3            2
        1206         1206         2329         6309            3            3
        1209         1209         2338         6337            3            3
        1212         1212         2349         6367            2            3
        1215         1215         2356         6391            1            4
        1218         1218         2359         6397            1            2
        1221         1221         2362         6403            1            2
        1224         1224         2365         6409            1            2
        1227         1227         2372         6428            3            3
        1230         1230         2377         6443            3            3
        1233         1233         2386         6472            3            3
        1236         1236         2395         6502            3            3
        1239         1239         2404         6529            3            3
        1242         1242         2413         6558            3            3
        1245         1245         2422         6587            3            3
        1248         1248         2446         6649           16            2
        1251         1251         2465         6696            2            3
        1254         1254         2468         6702            1            2
        1257         1257         2471         6708            1            2
        1260         1260         2474         6714            1            2
        1263         1263         2477         6722            1            3
        1266         1266         2482         6737            3            3
        1269         1269         2491         6763            3            3
        1272         1272         2500         6790            3            3
        1275         1275         2509         6817            3            3
        1278         1278         2518         6844            3            3
        1281         1281         2527         6871            3            3
        1284         1284         2538         6904            5            3
        1287         1287         2542         6916            1            2
        1290         1290         2545         6922            1            2
        1293         1293         2548         6930            1            2
        1296         1296         2551         6936            1            2
        1299         1299         2554         6944            1            3
        1302         1302         2561         6961            3            2
        1305         1305         2566         6974            1            3
        1308         1308         2573         6994            3            3
        1311         1311         2582         7021            3            3
        1314         1314         2591         7049            3            3
        1317         1317         2598         7072            1            4
        1320         1320         2619         7126            5            2
        1323         1323         2623         7137            1            3
        1326         1326         2626         7144            1            3
        1329         1329         2629         7150            1            2
        1332         1332         2632         7156            1            2
        1335         1335         2635         7164            1            3
        1338         1338         2642         7185            3            3
        1341         1341         2645         7194            1            3
        1344         1344         2650         7210            3            3
        1347         1347         2659         7237            3            3
        1350         1350         2668         7264            3            3
        1353         1353         2675         7285            1            3
        1356         1356         2682         7309            1            4
        1359         1359         2685         7317            1            2
        1362         1362         2688         7326            1            3
        1365         1365         2691         7332            1            2
        1368         1368         2694         7338            1            2
        1371         1371         2697         7347            1            3
        1374         1374         2706         7373            3            3
        1377         1377         2709         7382            1            3
        1380         1380         2716         7403            3            3
        1383         1383         2725         7431            3            3
        1386         1386         2734         7457            3            3
        1389         1389         2739         7472            3            3
        1392         1392         2748         7498            3            3
        1395         1395         2753         7513            1            3
        1398         1398         2756         7523            1            2
        1401         1401         2759         7529            1            2
        1404         1404         2762         7535            1            2
        1407         1407         2765         7542            1            3
        1410         1410         2768         7551            1            3
        1413         1413         2771         7558            1            3
        1416         1416         2776         7571            3            2
        1419         1419         2785         7592            3            2
        1422         1422         2794         7613            3            2
        1425         1425         2797         7622            1            3
        1428         1428         2806         7644            5            2
        1431         1431         2822         7681            6            2
        1434         1434         2829         7697            1            2
        1437         1437         2832         7706            1            3
        1440         1440         2835         7714            1            2
        1443         1443         2838         7720            1            2
        1446         1446         2841         7726            1            2
        1449         1449         2844         7732            1            2
        1452         1452         2847         7738            1            2
        1455         1455         2850         7744            1            2
        1458         1458         2853         7752            1            2
        1461         1461         2856         7761            1            3
        1464         1464         2859         7767            1            2
        1467         1467         2862         7775            1            3
        1470         1470         2865         7782            1            2
        1473         1473         2868         7789            1            3
        1476         1476         2871         7797            1            3
        1479         1479         2878         7814            3            2
        1482         1482         2881         7821            1            2
        1485         1485         2884         7827            1            2
        1488         1488         2887         7835            1            3
        1491         1491         2890         7841            1            2
        1494         1494         2893         7849            1            3
        1497         1497         2896         7856            1            2
        1500         1500         2899         7862            1            2
        1503         1503         2902         7868            1            2
        1506         1506         2905         7874            1            2
        1509         1509         2908         7881            1            2
        1512         1512         2911         7887            1            2
        1515         1515         2914         7893            1            2
        1518         1518         2917         7899            1            2
        1521         1521         2920         7905            1            2
        1524         1524         2923         7911            1            2
        1527         1527         2926         7917            1            2
        1530         1530         2929         7923            1            2
        1533         1533         2932         7929            1            2
        1536         1536         2935         7935            1            2
        1539         1539         2938         7942            1            3
        1542         1542         2941         7948            1            2
        1545         1545         2944         7954            1            2
        1548         1548         2947         7960            1            2
        1551         1551         2950         7967            1            3
        1554         1554         2953         7975            1            2
        1557         1557         2956         7982            1            2
        1560         1560         2959         7988            1            2
        1563         1563         2962         7995            1            3
        1566         1566         2965         8004            1            3
        1569         1569         2968         8012            1            3
        1572         1572         2971         8021            1            3
        1575         1575         2974         8030            1            3
        1578         1578         2977         8039            1            3
        1581         1581         2980         8048            1            3
        1584         1584         2983         8057            1            3
        1587         1587         2990         8074            1            3
        1590         1590         2993         8081            1            2
        1593         1593         2996         8087            1            2
        1596         1596         2999         8096            1            3
        1599         1599         3002         8102            1            2
        1602         1602         3005         8108            1            2
        1605         1605         3008         8114            1            2
        1608         1608         3011         8120            1            2
        1611         1611         3014         8126            1            2
        1614         1614         3017         8134            1            3
        1617         1617         3020         8142            1            3
        1620         1620         3023         8151            1            3
        1623         1623         3026         8160            1            3
        1626         1626         3031         8173            3            2
        1629         1629         3036         8184            1            2
        1632         1632         3039         8192            1            3
        1635         1635         3042         8198            1            2
        1638         1638         3045         8204            1            2
        1641         1641         3048         8210            1            2
        1644         1644         3051         8219            1            3
        1647         1647         3054         8228            1            3
        1650         1650         3057         8237            1            3
        1653         1653         3060         8246            1            3
        1656         1656         3063         8255            1            3
        1659         1659         3066         8264            1            3
        1662         1662         3069         8273            1            3
        1665         1665         3072         8281            1            2
        1668         1668         3075         8287            1            2
        1671         1671         3078         8293            1            2
        1674         1674         3081         8299            1            2
        1677         1677         3084         8305            1            2
        1680         1680         3087         8312            1            3
        1683         1683         3090         8321            1            3
        1686         1686         3093         8330            1            3
        1689         1689         3096         8339            1            3
        1692         1692         3099         8348            1            3
        1695         1695         3102         8356            1            2
        1698         1698         3105         8363            1            2
        1701         1701         3108         8369            1            2
        1704         1704         3111         8375            1            2
        1707         1707         3114         8381            1            2
        1710         1710         3117         8389            1            3
        1713         1713         3120         8398            1            3
        1716         1716         3123         8407            1            3
        1719         1719         3126         8416            1            3
        1722         1722         3129         8425            1            3
        1725         1725         3134         8440            3            3
        1728         1728         3143         8465            3            3
        1731         1731         3148         8478            1            3
        1734         1734         3151         8487            1            3
        1737         1737         3154         8495            1            3
        1740         1740         3157         8502            1            2
        1743         1743         3160         8508            1            2
        1746         1746         3163         8514            1            2
        1749         1749         3166         8520            1            2
        1752         1752         3169         8529            1            3
        1755         1755         3176         8548            3            3
        1758         1758         3185         8572            3            3
        1761         1761         3194         8597            3            3
        1764         1764         3203         8620            3            2
        1767         1767         3212         8644            3            3
        1770         1770         3215         8651            1            2
        1773         1773         3218         8657            1            2
        1776         1776         3221         8663            1            2
        1779         1779         3224         8669            1            2
        1782         1782         3227         8675            1            2
        1785         1785         3230         8681            1            2
        1788         1788         3233         8688            1            3
        1791         1791         3236         8697            1            3
        1794         1794         3239         8706            1            3
        1797         1797         3246         8727            3            3
        1800         1800         3255         8753            3            3
        1803         1803         3264         8780            3            3
        1806         1806         3271         8800            1            3
        1809         1809         3274         8807            1            2
        1812         1812         3277         8813            1            2
        1815         1815         3280         8819            1            2
        1818         1818         3283         8825            1            2
        1821         1821         3286         8831            1            2
        1824         1824         3289         8837            1            2
        1827         1827         3292         8845            1            3
        1830         1830         3295         8854            1            3
        1833         1833         3298         8863            1            3
        1836         1836         3307         8884            3            2
        1839         1839         3316         8909            3            3
        1842         1842         3325         8930            3            2
        1845         1845         3332         8947            1            3
        1848         1848         3335         8954            1            2
        1851         1851         3338         8960            1            2
        1854         1854         3341         8966            1            2
        1857         1857         3344         8972            1            2
        1860         1860         3347         8978            1            2
        1863         1863         3350         8984            1            2
        1866         1866         3353         8993            1            3
        1869         1869         3356         9002            1            3
        1872         1872         3363         9019            3            2
        1875         1875         3372         9044            3            2
        1878         1878         3381         9067            3            2
        1881         1881         3390         9094            3            3
        1884         1884         3395         9106            1            2
        1887         1887         3398         9113            1            3
        1890         1890         3401         9119            1            2
        1893         1893         3404         9125            1            2
        1896         1896         3407         9131            1            2
        1899         1899         3410         9137            1            2
        1902         1902         3413         9143            1            2
        1905         1905         3416         9152            1            3
        1908         1908         3419         9161            1            3
        1911         1911         3428         9182            3            2
        1914         1914         3437         9203            3            2
        1917         1917         3446         9228            3            2
        1920         1920         3454         9248            1            3
        1923         1923         3457         9254            1            2
        1926         1926         3460         9260            1            2
        1929         1929         3463         9266            1            2
        1932         1932         3466         9272            1            2
        1935         1935         3469         9278            1            2
        1938         1938         3472         9286            1            3
        1941         1941         3475         9295            1            3
        1944         1944         3478         9304            1            3
        1947         1947         3481         9313            1            3
        1950         1950         3484         9322            1            3
        1953         1953         3489         9336            3            3
        1956         1956         3496         9353            1            3
        1959         1959         3499         9361            1            2
        1962         1962         3502         9367            1            2
        1965         1965         3505         9373            1            2
        1968         1968         3508         9379            1            2
        1971         1971         3511         9385            1            2
        1974         1974         3514         9391            1            2
        1977         1977         3517         9397            1            2
        1980         1980         3520         9406            1            3
        1983         1983         3523         9413            1            2
        1986         1986         3526         9422            1            3
        1989         1989         3529         9429            1            3
        1992         1992         3532         9436            1            2
        1995         1995         3535         9442            1            2
        1998         1998         3538         9448            1            2
        2001         2001         3541         9454            1            2
        2004         2004         3544         9460            1            2
        2007         2007         3547         9466            1            2
        2010         2010         3550         9472            1            2
        2013         2013         3553         9479            1            2
        2016         2016         3556         9485            1            2
        2019         2019         3559         9491            1            2
        2022         2022         3562         9497            1            2
        2025         2025         3565         9503            1            2
        2028         2028         3568         9509            1            2
        2031         2031         3571         9515            1            2
        2034         2034         3574         9521            1            2
        2037         2037         3577         9527            1            2
        2040         2040         3580         9533            1            2
        2043         2043         3583         9539            1            2
        2046         2046         3586         9545            1            2
        2049         2049         3589         9551            1            2
        2052         2052         3592         9557            1            2
        2055         2055         3595         9563            1            2
        2058         2058         3598         9571            1            2
        2061         2061         3601         9577            1            2
        2064         2064         3604         9584            1            2
        2067         2067         3607         9590            1            2
        2070         2070         3610         9596            1            2
        2073         2073         3613         9602            1            2
        2076         2076         3616         9608            1            2
        2079         2079         3619         9614            1            2
        2082         2082         3622         9620            1            2
        2085         2085         3625         9626            1            2
        2088         2088         3628         9632            1            2
        2091         2091         3631         9641            1            3
        2094         2094         3634         9649            1            3
        2097         2097         3637         9657            1            2
        2100         2100         3640         9663            1            2
        2103         2103         3643         9669            1            2
        2106         2106         3646         9675            1            2
        2109         2109         3649         9681            1            2
        2112         2112         3652         9687            1            2
        2115         2115         3655         9693            1            2
        2118         2118         3658         9700            1            2
        2121         2121         3661         9708            1            3
        2124         2124         3664         9717            1            3
        2127         2127         3667         9726            1            3
        2130         2130         3674         9743            3            2
        2133         2133         3679         9754            1            2
        2136         2136         3682         9760            1            2
        2139         2139         3685         9766            1            2
        2142         2142         3688         9772            1            2
        2145         2145         3691         9778            1            2
        2148         2148         3694         9786            1            2
        2151         2151         3697         9794            1            3
        2154         2154         3700         9803            1            3
        2157         2157         3703         9812            1            3
        2160         2160         3706         9821            1            3
        2163         2163         3709         9830            1            3
        2166         2166         3712         9839            1            3
        2169         2169         3715         9848            1            3
        2172         2172         3718         9854            1            2
        2175         2175         3721         9860            1            2
        2178         2178         3724         9866            1            2
        2181         2181         3727         9872            1            2
        2184         2184         3730         9878            1            2
        2187         2187         3733         9884            1            2
        2190         2190         3736         9891            1            3
        2193         2193         3739         9898            1            2
        2196         2196         3742         9907            1            3
        2199         2199         3745         9916            1            3
        2202         2202         3748         9925            1            3
        2205         2205         3751         9934            1            3
        2208         2208         3756         9948            3            3
        2211         2211         3763         9967            1            2
        2214         2214         3766         9973            1            2
        2217         2217         3769         9981            1            2
        2220         2220         3772         9987            1            2
        2223         2223         3775         9993            1            2
        2226         2226         3778         9999            1            2
        2229         2229         3781        10005            1            2
        2232         2232         3784        10011            1            2
        2235         2235         3787        10017            1            2
        2238         2238         3790        10023            1            2
        2241         2241         3793        10029            1            2
        2244         2244         3796        10035            1            2
        2247         2247         3799        10043            1            3
        2250         2250         3802        10051            1            2
        2253         2253         3805        10057            1            2
        2256         2256         3808        10063            1            2
        2259         2259         3811        10069            1            2
        2262         2262         3814        10075            1            2
        2265         2265         3817        10081            1            2
        2268         2268         3820        10087            1            2
        2271         2271         3823        10093            1            2
        2274         2274         3826        10099            1            2
        2277         2277         3829        10105            1            2
        2280         2280         3832        10111            1            2
        2283         2283         3835        10117            1            2
        2286         2286         3838        10126            1            3
        2289         2289         3841        10132            1            2
        2292         2292         3844        10139            1            3
        2295         2295         3847        10145            1            2
        2298         2298         3850        10151            1            2
        2301         2301         3853        10157            1            2
        2304         2304         3856        10163            1            2
        2307         2307         3859        10169            1            2
        2310         2310         3862        10177            1            3
        2313         2313         3865        10185            1            3
        2316         2316         3868        10193            1            2
        2319         2319         3871        10202            1            3
        2322         2322         3874        10210            1            3
        2325         2325         3877        10216            1            2
        2328         2328         3880        10222            1            2
        2331         2331         3883        10228            1            2
        2334         2334         3886        10234            1            2
        2337         2337         3889        10240            1            2
        2340         2340         3892        10246            1            2
        2343         2343         3895        10252            1            2
        2346         2346         3898        10258            1            2
        2349         2349         3901        10264            1            2
        2352         2352         3904        10270            1            2
        2355         2355         3907        10276            1            2
        2358         2358         3910        10282            1            2
        2361         2361         3913        10288            1            2
        2364         2364         3916        10294            1            2
        2367         2367         3919        10302            1            2
        2370         2370         3922        10308            1            2
        2373         2373         3925        10314            1            2
        2376         2376         3928        10320            1            2
        2379         2379         3931        10326            1            2
        2382         2382         3934        10332            1            2
        2385         2385         3937        10338            1            2
        2388         2388         3940        10344            1            2
        2391         2391         3943        10350            1            2
        2394         2394         3946        10356            1            2
        2397         2397         3949        10362            1            2
        2400         2400         3952        10368            1            2
        2403         2403         3955        10374            1            2
        2406         2406         3958        10380            1            2
        2409         2409         3961        10387            1            2
        2412         2412         3964        10393            1            2
        2415         2415         3967        10400            1            2
        2418         2418         3970        10406            1            2
        2421         2421         3973        10412            1            2
        2424         2424         3976        10418            1            2
        2427         2427         3979        10425            1            2
        2430         2430         3982        10434            1            3
        2433         2433         3985        10442            1            2
        2436         2436         3988        10448            1            2
        2439         2439         3991        10455            1            3
        2442         2442         3994        10464            1            3
        2445         2445         3999        10478            1            2
        2448         2448         4002        10484            1            2
        2451         2451         4005        10491            1            3
        2454         2454         4008        10500            1            3
        2457         2457         4011        10509            1            3
        2460         2460         4014        10518            1            3
        2463         2463         4017        10527            1            3
        2466         2466         4024        10548            3            3
        2469         2469         4027        10557            1            3
        2472         2472         4030        10566            1            3
        2475         2475         4039        10587            3            2
        2478         2478         4044        10599            1            2
        2481         2481         4047        10607            1            3
        2484         2484         4050        10616            1            3
        2487         2487         4053        10623            1            2
        2490         2490         4056        10629            1            2
        2493         2493         4059        10637            1            3
        2496         2496         4062        10646            1            3
        2499         2499         4065        10655            1            3
        2502         2502         4074        10678            3            2
        2505         2505         4081        10699            1            3
        2508         2508         4086        10712            3            2
        2511         2511         4091        10724            1            2
        2514         2514         4094        10730            1            2
        2517         2517         4097        10736            1            2
        2520         2520         4100        10745            1            3
        2523         2523         4103        10751            1            2
        2526         2526         4106        10758            1            3
        2529         2529         4109        10767            1            3
        2532         2532         4112        10776            1            3
        2535         2535         4121        10798            3            2
        2538         2538         4130        10819            3            2
        2541         2541         4133        10828            1            3
        2544         2544         4136        10837            1            3
        2547         2547         4139        10846            1            3
        2550         2550         4142        10852            1            2
        2553         2553         4145        10860            1            3
        2556         2556         4148        10867            1            2
        2559         2559         4151        10874            1            3
        2562         2562         4154        10882            1            2
        2565         2565         4157        10889            1            3
        2568         2568         4160        10898            1            3
        2571         2571         4163        10906            1            3
        2574         2574         4166        10915            1            3
        2577         2577         4169        10924            1            3
        2580         2580         4172        10933            1            3
        2583         2583         4175        10942            1            3
        2586         2586         4180        10955            3            2
        2589         2589         4185        10968            1            3
        2592         2592         4188        10977            1            3
        2595         2595         4191        10984            1            2
        2598         2598         4194        10991            1            2
        2601         2601         4197        10998            1            3
        2604         2604         4200        11007            1            3
        2607         2607         4203        11016            1            3
        2610         2610         4206        11025            1            3
        2613         2613         4213        11042            3            2
        2616         2616         4220        11059            1            3
        2619         2619         4223        11068            1            3
        2622         2622         4232        11092            3            2
        2625         2625         4235        11101            1            3
        2628         2628         4238        11107            1            2
        2631         2631         4241        11113            1            2
        2634         2634         4244        11120            1            3
        2637         2637         4247        11129            1            3
        2640         2640         4250        11138            1            3
        2643         2643         4255        11151            3            2
        2646         2646         4264        11178            3            3
        2649         2649         4273        11199            3            2
        2652         2652         4280        11216            1            3
        2655         2655         4283        11225            1            3
        2658         2658         4286        11234            1            3
        2661         2661         4289        11241            1            2
        2664         2664         4292        11247            1            2
        2667         2667         4295        11253            1            2
        2670         2670         4298        11259            1            2
        2673         2673         4301        11266            1            3
        2676         2676         4304        11275            1            3
        2679         2679         4309        11290            3            3
        2682         2682         4318        11314            3            2
        2685         2685         4327        11335            3            2
        2688         2688         4336        11356            3            2
        2691         2691         4349        11390            7            2
        2694         2694         4353        11401            1            2
        2697         2697         4356        11407            1            2
        2700         2700         4359        11413            1            2
        2703         2703         4362        11419            1            2
        2706         2706         4365        11425            1            2
        2709         2709         4368        11432            1            3
        2712         2712         4371        11441            1            3
        2715         2715         4376        11456            3            3
        2718         2718         4385        11480            3            3
        2721         2721         4394        11505            3            3
        2724         2724         4403        11530            3            3
        2727         2727         4412        11557            3            3
        2730         2730         4427        11590            2            2
        2733         2733         4430        11596            1            2
        2736         2736         4433        11602            1            2
        2739         2739         4436        11608            1            2
        2742         2742         4439        11614            1            2
        2745         2745         4442        11620            1            2
        2748         2748         4445        11626            1            2
        2751         2751         4448        11633            1            3
        2754         2754         4451        11642            1            3
        2757         2757         4458        11659            3            2
        2760         2760         4467        11680            3            2
        2763         2763         4476        11705            3            3
        2766         2766         4485        11726            3            2
        2769         2769         4488        11732            1            2
        2772         2772         4491        11738            1            2
        2775         2775         4494        11744            1            2
        2778         2778         4497        11750            1            2
        2781         2781         4500        11756            1            2
        2784         2784         4503        11762            1            2
        2787         2787         4506        11769            1            3
        2790         2790         4509        11778            1            3
        2793         2793         4512        11787            1            3
        2796         2796         4515        11796            1            3
        2799         2799         4518        11805            1            3
        2802         2802         4521        11813            1            2
        2805         2805         4524        11819            1            2
        2808         2808         4527        11825            1            2
        2811         2811         4530        11831            1            2
        2814         2814         4533        11837            1            2
        2817         2817         4536        11843            1            2
        2820         2820         4539        11850            1            3
        2823         2823         4542        11859            1            3
        2826         2826         4545        11868            1            3
        2829         2829         4548        11877            1            3
        2832         2832         4551        11886            1            3
        2835         2835         4558        11903            3            2
        2838         2838         4565        11919            1            2
        2841         2841         4568        11927            1            2
        2844         2844         4571        11933            1            2
        2847         2847         4574        11939            1            2
        2850         2850         4577        11945            1            2
        2853         2853         4580        11951            1            2
        2856         2856         4583        11957            1            2
        2859         2859         4586        11965            1            3
        2862         2862         4589        11974            1            3
        2865         2865         4592        11983            1            3
        2868         2868         4595        11992            1            3
        2871         2871         4602        12009            3            2
        2874         2874         4611        12031            3            3
        2877         2877         4614        12040            1            3
        2880         2880         4617        12049            1            3
        2883         2883         4620        12057            1            2
        2886         2886         4623        12063            1            2
        2889         2889         4626        12069            1            2
        2892         2892         4629        12075            1            2
        2895         2895         4632        12083            1            3
        2898         2898         4635        12091            1            3
        2901         2901         4638        12100            1            3
        2904         2904         4643        12113            3            2
        2907         2907         4652        12134            3            2
        2910         2910         4657        12147            1            3
        2913         2913         4660        12156            1            3
        2916         2916         4663        12165            1            3
        2919         2919         4666        12172            1            3
        2922         2922         4669        12178            1            2
        2925         2925         4672        12184            1            2
        2928         2928         4675        12190            1            2
        2931         2931         4678        12199            1            3
        2934         2934         4681        12208            1            3
        2937         2937         4684        12217            1            3
        2940         2940         4687        12226            1            3
        2943         2943         4690        12235            1            3
        2946         2946         4693        12244            1            3
        2949         2949         4696        12252            1            3
        2952         2952         4699        12258            1            2
        2955         2955         4702        12264            1            2
        2958         2958         4705        12270            1            2
        2961         2961         4708        12276            1            2
        2964         2964         4711        12282            1            2
        2967         2967         4714        12288            1            2
        2970         2970         4717        12295            1            2
        2973         2973         4720        12304            1            3
        2976         2976         4723        12312            1            3
        2979         2979         4726        12319            1            2
        2982         2982         4729        12328            1            3
        2985         2985         4732        12334            1            2
        2988         2988         4735        12340            1            2
        2991         2991         4738        12346            1            2
        2994         2994         4741        12352            1            2
        2997         2997         4744        12358            1            2
        3000         3000         4747        12364            1            2

 TOTAL NUMBER OF TIME-STEPS COMPLETED      =        3000
 TOTAL NUMBER OF LOAD-STEPS COMPLETED      =        3000
 TOTAL NUMBER OF SUB-STEPS  CONVERGED      =        3920
 TOTAL NUMBER OF SUB-STEPS  DISCARDED      =         827
 TOTAL NUMBER OF ITERATIONS PERFORMED      =       12364

 AVERAGE NUMBER OF SUB-STEPS PER LOAD-STEP =        1.58
 AVERAGE NUMBER OF ITERATIONS PER SUB-STEP =        2.60
 LENGTH OF AVERAGE  CONVERGED SUB-STEP (T) =    0.007653
 LENGTH OF SHORTEST ATTEMPTED SUB-STEP (T) =    0.000445


 N O N L I N E A R   S T A T I C   A N A L Y S I S                      18:55:17

 CASE: DEAD

 STARTING FROM ZERO (UNSTRESSED) INITIAL CONDITIONS

 LOAD CONTROL TYPE                         =       FORCE
 TYPE OF GEOMETRIC NONLINEARITY            =        NONE
 USE EVENT STEPPING                        =         YES
 USE ITERATION                             =         YES
 USE LINE SEARCH                           =          NO
 EVENT LUMPING TOLERANCE                   =    0.010000
 FORCE CONVERGENCE TOLERANCE (RELATIVE)    =    0.000100

 Negative iterations are Constant-Stiffness
 Positive iterations are Newton-Raphson

  Saved    Null   Total  Iteration   Relative  Curr Step   Curr Sum    Max Sum
  Steps   Steps   Steps  this Step  Unbalance       Size   of Steps   of Steps
 (    1      50     200     -10/40   1.000000   1.000000   1.000000   1.000000)

      0       0       1  Conv   -1   0.039075   1.000000   1.000000   1.000000

 ----------------------------------------
 BASIC STABILITY CHECK FOR FORCE-CONTROLLED NONLINEAR STATIC LOAD CASES:
    NUMBER OF NEGATIVE STIFFNESS EIGENVALUES SHOULD BE ZERO FOR STABILITY.
    (NOTE: FURTHER CHECKS SHOULD BE CONSIDERED AS DEEMED NECESSARY)

    NUMBER FOUND AT FINAL CONVERGED STATE  =           0,  OK.
 ----------------------------------------

 NUMBER OF STIFFNESS FORMATIONS/SOLUTIONS  =           2

 TIME FOR INITIALIZING ANALYSIS            =        0.00
 TIME FOR CONTROLLING ANALYSIS             =        0.00
 TIME FOR UPDATING LOADS AND STATE         =        0.01
 TIME FOR FORMING STIFFNESS MATRIX         =        0.00
 TIME FOR SOLVING STIFFNESS MATRIX         =        0.00
 TIME FOR CALCULATING DISPLACEMENTS        =        0.00
 TIME FOR DETERMINING EVENTS               =        0.00
 TIME FOR SAVING RESULTS                   =        0.00
                                               ----------
 TOTAL TIME FOR THIS ANALYSIS              =        0.01


 A N A L Y S I S   C O M P L E T E                          2022/12/27  18:55:17
