

 SAP2000 v22.0.0 Ultimate 64-bit (Analysis Build 9780/64)
 File: C:\Users\Amatek\Documen...n_dissipative_KBF\SAP2000 model\V2\KBF5 (1).LOG




 B E G I N   A N A L Y S I S                                2022/12/26  18:57:57


 RUNNING ANALYSIS WITHIN THE GUI PROCESS
 USING THE ADVANCED SOLVER (PROVIDES LIMITED INSTABILITY INFORMATION)

 NUMBER OF JOINTS                          =          59
    WITH RESTRAINTS                        =           4
 NUMBER OF FRAME/CABLE/TENDON ELEMENTS     =          60
 NUMBER OF LINK/SUPPORT ELEMENTS           =          20
 NUMBER OF LOAD PATTERNS                   =           2
 NUMBER OF ACCELERATION LOADS              =           9
 NUMBER OF LOAD CASES                      =           4

 ADDRESSABLE PHYSICAL MEMORY (RAM)         =       7.914 GB

 PARALLELIZATION OF ANALYSIS OPERATIONS:
 (Env. variable SAPFIRE_NUM_THREADS        =           0)
 NUMBER OF THREADS: STATE (AUTOMATIC)      =           4
 NUMBER OF THREADS: STIFFNESS (AUTOMATIC)  =           4
 NUMBER OF THREADS: EVENT (AUTOMATIC)      =           4
 NUMBER OF THREADS: MOVE (AUTOMATIC)       =           4
 NUMBER OF THREADS: RESPONSE (AUTOMATIC)   =           4
 NUMBER OF THREADS: SOLVE (AUTOMATIC)      =           4
 NUMBER OF THREADS: FORM (AUTOMATIC)       =           4


 E L E M E N T   F O R M A T I O N                                      18:57:57


 NUMBER OF COUPLED CONSTRAINT EQUATIONS    =         100
 REDUCTION OF CONSTRAINTS AND RESTRAINTS:
 NUMBER OF
   CONSTRAINT MASTER DOF BEFORE REDUCTION  =         135
   COUPLED CONSTRAINT/RESTRAINT MASTER DOF =          25
   CONSTRAINT MASTER DOF AFTER REDUCTION   =         110


 L I N E A R   E Q U A T I O N   S O L U T I O N                        18:57:57

 FORMING STIFFNESS AT ZERO (UNSTRESSED) INITIAL CONDITIONS

 TOTAL NUMBER OF EQUILIBRIUM EQUATIONS     =         125
 NUMBER OF NON-ZERO STIFFNESS TERMS        =         889

 ---------------------------------
 BASIC STABILITY CHECK FOR LINEAR LOAD CASES:
    NUMBER OF NEGATIVE STIFFNESS EIGENVALUES SHOULD BE ZERO FOR STABILITY.
    (NOTE: FURTHER CHECKS SHOULD BE CONSIDERED AS DEEMED NECESSARY,
     SUCH AS REVIEWING EIGEN MODES FOR MECHANISMS AND RIGID-BODY MOTION)

    NUMBER OF NEGATIVE EIGENVALUES         =           0,  OK.
 ---------------------------------


 L I N E A R   S T A T I C   C A S E S                                  18:57:57

 USING STIFFNESS AT ZERO (UNSTRESSED) INITIAL CONDITIONS

 TOTAL NUMBER OF CASES TO SOLVE            =           1
 NUMBER OF CASES TO SOLVE PER BLOCK        =           1

 LINEAR STATIC CASES TO BE SOLVED:

 CASE: LL


 E I G E N   M O D A L   A N A L Y S I S                                18:57:57

 CASE: MODAL

 USING STIFFNESS AT ZERO (UNSTRESSED) INITIAL CONDITIONS

 NUMBER OF STIFFNESS DEGREES OF FREEDOM    =         125
 NUMBER OF MASS DEGREES OF FREEDOM         =          90
 MAXIMUM NUMBER OF EIGEN MODES SOUGHT      =          12
 MINIMUM NUMBER OF EIGEN MODES SOUGHT      =           1
 NUMBER OF RESIDUAL-MASS MODES SOUGHT      =           0
 NUMBER OF SUBSPACE VECTORS USED           =          24
 RELATIVE CONVERGENCE TOLERANCE            =    1.00E-09

 FREQUENCY SHIFT  (CENTER) (CYC/TIME)      =     .000000
 FREQUENCY CUTOFF (RADIUS) (CYC/TIME)      =  -INFINITY-
 ALLOW AUTOMATIC FREQUENCY SHIFTING        =         YES


 Original stiffness at shift : EV= 0.0000000E+00, f=     .000000, T=  -INFINITY-
 Number of eigenvalues below shift =      0
 Found mode      1 of     12:  EV= 7.2509241E+01, f=    1.355242, T=    0.737876
 Found mode      2 of     12:  EV= 7.1734661E+02, f=    4.262699, T=    0.234593
 Found mode      3 of     12:  EV= 2.0983533E+03, f=    7.290536, T=    0.137164
 Found mode      4 of     12:  EV= 2.3310892E+03, f=    7.684216, T=    0.130137
 Found mode      5 of     12:  EV= 3.2611646E+03, f=    9.088799, T=    0.110026
 Found mode      6 of     12:  EV= 3.4185339E+03, f=    9.305508, T=    0.107463
 Found mode      7 of     12:  EV= 4.1097256E+03, f=   10.202968, T=    0.098011
 Found mode      8 of     12:  EV= 4.4643107E+03, f=   10.634017, T=    0.094038
 Found mode      9 of     12:  EV= 6.2357943E+03, f=   12.567996, T=    0.079567
 Found mode     10 of     12:  EV= 6.3435935E+03, f=   12.676163, T=    0.078888
 Found mode     11 of     12:  EV= 6.8686983E+03, f=   13.190381, T=    0.075813
 Found mode     12 of     12:  EV= 7.9127045E+03, f=   14.157371, T=    0.070635

 NUMBER OF EIGEN MODES FOUND               =          12
 NUMBER OF ITERATIONS PERFORMED            =           8
 NUMBER OF STIFFNESS SHIFTS                =           0


 N O N L I N E A R   M O D A L   H I S T O R Y   A N A L Y S I S        18:57:57

 CASE: ARTIF1
 ANALYSIS TYPE                             =   NONLINEAR
 STARTING FROM ZERO (UNSTRESSED) INITIAL CONDITIONS
 USING MODES FROM CASE: MODAL
 NUMBER OF DYNAMIC MODES TO BE USED        =          12
 NUMBER OF STATIC-LOAD MODES TO BE USED    =           1
 CONVERGENCE FACTOR                        =    1.000000
 FORCE  CONVERGENCE TOLERANCE              =    1.00E-05
 ENERGY CONVERGENCE TOLERANCE              =    1.00E-05
 MAXIMUM SUB-STEP LENGTH (TIME)            =    0.010000
 MINIMUM SUB-STEP LENGTH (TIME)            =    1.00E-11
 UPPER MAXIMUM NUMBER OF ITERATIONS        =         100
 LOWER MAXIMUM NUMBER OF ITERATIONS        =           2
 MODES ARE TREATED AS STATIC BELOW PERIOD  =    1.0E-101

 TOTAL HISTORY LENGTH (TIME)               =   30.000000
 LENGTH OF TIME-STEPS (TIME)               =    0.010000
 NUMBER OF TIME-STEPS TO BE INTEGRATED     =        3000



 * * * W A R N I N G * * *
 NON-ZERO TIME-HISTORY FUNCTION VALUES WILL BE IGNORED AT START OF LOAD CASE.

 TIME-HISTORY FUNCTIONS WITH A NON-ZERO VALUE AT START OF THE LOAD CASE:
    ARTIF1

 EFFECTIVE MODAL DAMPING RATIOS (CROSS-COUPLING TERMS ARE NEGLECTED)
       1    0.737876    0.050000
       2    0.234593    0.050000
       3    0.137164    0.050000
       4    0.130137    0.050000
       5    0.110026    0.050000
       6    0.107463    0.050000
       7    0.098011    0.050000
       8    0.094038    0.050000
       9    0.079567    0.050000
      10    0.078888    0.050000
      11    0.075813    0.050000
      12    0.070635    0.050000
   Time-step    Load-step     Sub-step    Iteration   Sub-steps/  Iterations/
      number       number       number       number    load-step     sub-step

           1            1            1            2            1            2
           3            3            3            6            1            2
           6            6            6           12            1            2
           9            9            9           18            1            2
          12           12           12           24            1            2
          15           15           15           30            1            2
          18           18           18           36            1            2
          21           21           21           42            1            2
          24           24           24           48            1            2
          27           27           27           54            1            2
          30           30           30           60            1            2
          33           33           33           66            1            2
          36           36           36           72            1            2
          39           39           39           78            1            2
          42           42           42           84            1            2
          45           45           45           90            1            2
          48           48           48           98            1            3
          51           51           51          106            1            3
          54           54           54          115            1            3
          57           57           57          124            1            3
          60           60           60          133            1            3
          63           63           63          139            1            2
          66           66           66          147            1            3
          69           69           69          154            1            2
          72           72           72          160            1            2
          75           75           75          166            1            2
          78           78           78          172            1            2
          81           81           81          181            1            3
          84           84           84          190            1            3
          87           87           87          199            1            3
          90           90           90          208            1            3
          93           93           93          217            1            3
          96           96           96          226            1            3
          99           99           99          235            1            3
         102          102          102          244            1            3
         105          105          105          251            1            2
         108          108          108          258            1            3
         111          111          111          265            1            2
         114          114          114          271            1            2
         117          117          117          277            1            2
         120          120          120          283            1            2
         123          123          123          289            1            2
         126          126          126          296            1            3
         129          129          129          305            1            3
         132          132          132          314            1            3
         135          135          135          323            1            3
         138          138          138          332            1            3
         141          141          141          339            1            2
         144          144          144          345            1            2
         147          147          147          351            1            2
         150          150          150          359            1            3
         153          153          153          368            1            3
         156          156          156          377            1            3
         159          159          161          392            3            3
         162          162          170          416            3            2
         165          165          177          434            3            2
         168          168          180          443            1            3
         171          171          183          452            1            3
         174          174          186          459            1            2
         177          177          189          466            1            3
         180          180          192          475            1            3
         183          183          195          485            1            4
         186          186          202          507            3            3
         189          189          211          536            3            3
         192          192          220          563            3            3
         195          195          229          588            3            2
         198          198          232          596            1            2
         201          201          235          603            1            2
         204          204          238          609            1            2
         207          207          241          616            1            3
         210          210          244          625            1            3
         213          213          251          646            3            3
         216          216          260          673            3            3
         219          219          269          700            3            3
         222          222          278          729            3            3
         225          225          287          759            3            3
         228          228          292          777            1            4
         231          231          295          785            1            2
         234          234          298          791            1            2
         237          237          301          800            1            3
         240          240          304          807            1            2
         243          243          311          826            3            2
         246          246          314          837            1            4
         249          249          323          865            3            3
         252          252          332          895            3            3
         255          255          341          925            3            3
         258          258          350          955            3            3
         261          261          359          985            3            3
         264          264          382         1050           10            3
         267          267          404         1106            4            3
         270          270          438         1175            8            2
         273          273          445         1195            1            3
         276          276          448         1202            1            2
         279          279          451         1211            1            3
         282          282          454         1220            1            3
         285          285          457         1228            1            3
         288          288          466         1252            3            3
         291          291          475         1276            3            3
         294          294          484         1302            3            3
         297          297          495         1334            5            3
         300          300          511         1380            6            3
         303          303          520         1407            3            3
         306          306          535         1444            6            3
         309          309          551         1488            6            3
         312          312          558         1508            1            3
         315          315          561         1518            1            4
         318          318          568         1540            1            2
         321          321          571         1546            1            2
         324          324          574         1553            1            3
         327          327          577         1561            1            2
         330          330          580         1567            1            2
         333          333          583         1575            1            3
         336          336          590         1592            3            2
         339          339          599         1613            3            2
         342          342          606         1633            3            3
         345          345          619         1663            4            2
         348          348          627         1683            3            2
         351          351          634         1702            5            3
         354          354          652         1740            6            2
         357          357          663         1767            3            2
         360          360          666         1776            1            3
         363          363          669         1785            1            3
         366          366          672         1794            1            3
         369          369          675         1800            1            2
         372          372          678         1806            1            2
         375          375          681         1815            1            3
         378          378          684         1821            1            2
         381          381          687         1828            1            3
         384          384          690         1836            1            2
         387          387          693         1845            1            3
         390          390          707         1882            6            2
         393          393          716         1903            3            2
         396          396          721         1916            1            3
         399          399          730         1937            3            2
         402          402          739         1958            3            2
         405          405          748         1984            3            3
         408          408          764         2025            8            2
         411          411          782         2063            4            2
         414          414          786         2072            1            3
         417          417          789         2080            1            2
         420          420          792         2086            1            2
         423          423          795         2094            1            3
         426          426          798         2102            1            2
         429          429          801         2111            1            3
         432          432          804         2119            1            3
         435          435          809         2133            3            3
         438          438          818         2154            3            2
         441          441          823         2164            1            2
         444          444          826         2170            1            2
         447          447          829         2179            1            3
         450          450          832         2185            1            2
         453          453          835         2191            1            2
         456          456          838         2198            1            3
         459          459          841         2207            1            3
         462          462          846         2222            3            3
         465          465          855         2248            3            3
         468          468          864         2274            3            3
         471          471          875         2304            5            2
         474          474          910         2389           10            3
         477          477          917         2405            1            2
         480          480          920         2412            1            3
         483          483          923         2421            1            3
         486          486          926         2430            1            3
         489          489          929         2439            1            3
         492          492          936         2460            3            3
         495          495          945         2487            3            3
         498          498          954         2514            3            3
         501          501          967         2554            7            3
         504          504         1003         2632            7            2
         507          507         1007         2641            1            2
         510          510         1010         2647            1            2
         513          513         1013         2653            1            2
         516          516         1016         2660            1            3
         519          519         1021         2675            3            3
         522          522         1028         2696            1            3
         525          525         1031         2708            1            4
         528          528         1040         2735            3            3
         531          531         1049         2762            3            3
         534          534         1058         2791            3            3
         537          537         1075         2836           11            2
         540          540         1094         2884            6            3
         543          543         1106         2918            2            2
         546          546         1109         2924            1            2
         549          549         1112         2931            1            2
         552          552         1115         2937            1            2
         555          555         1118         2946            1            3
         558          558         1125         2966            3            3
         561          561         1130         2983            1            4
         564          564         1133         2994            1            4
         567          567         1136         3006            1            4
         570          570         1143         3030            3            3
         573          573         1152         3060            3            3
         576          576         1163         3094            5            3
         579          579         1185         3145           14            2
         582          582         1195         3168            1            3
         585          585         1198         3174            1            2
         588          588         1201         3180            1            2
         591          591         1204         3186            1            2
         594          594         1207         3192            1            2
         597          597         1214         3209            3            2
         600          600         1221         3228            3            3
         603          603         1230         3255            3            3
         606          606         1239         3282            3            3
         609          609         1248         3310            3            3
         612          612         1257         3340            3            3
         615          615         1274         3388            6            3
         618          618         1292         3430            6            2
         621          621         1296         3439            1            3
         624          624         1299         3447            1            2
         627          627         1302         3453            1            2
         630          630         1305         3459            1            2
         633          633         1308         3466            1            3
         636          636         1311         3475            1            3
         639          639         1318         3496            3            3
         642          642         1327         3525            3            3
         645          645         1336         3553            3            3
         648          648         1345         3581            3            3
         651          651         1354         3611            3            3
         654          654         1365         3642            5            2
         657          657         1369         3651            1            2
         660          660         1372         3657            1            2
         663          663         1375         3663            1            2
         666          666         1378         3669            1            2
         669          669         1381         3676            1            2
         672          672         1384         3685            1            3
         675          675         1393         3706            3            2
         678          678         1402         3731            3            3
         681          681         1411         3758            3            3
         684          684         1420         3785            3            3
         687          687         1429         3811            3            3
         690          690         1436         3832            1            3
         693          693         1439         3838            1            2
         696          696         1442         3844            1            2
         699          699         1445         3852            1            3
         702          702         1448         3858            1            2
         705          705         1451         3866            1            3
         708          708         1454         3875            1            3
         711          711         1459         3890            3            3
         714          714         1468         3918            3            3
         717          717         1477         3946            3            3
         720          720         1486         3973            3            3
         723          723         1495         4001            3            3
         726          726         1502         4023            1            3
         729          729         1505         4031            1            2
         732          732         1508         4040            1            3
         735          735         1511         4046            1            2
         738          738         1514         4052            1            2
         741          741         1517         4058            1            2
         744          744         1520         4066            1            3
         747          747         1523         4075            1            3
         750          750         1532         4102            3            3
         753          753         1541         4128            3            3
         756          756         1550         4155            3            3
         759          759         1559         4184            3            3
         762          762         1564         4198            1            2
         765          765         1567         4204            1            2
         768          768         1570         4210            1            2
         771          771         1573         4216            1            2
         774          774         1576         4222            1            2
         777          777         1579         4228            1            2
         780          780         1582         4236            1            3
         783          783         1585         4245            1            3
         786          786         1592         4266            3            3
         789          789         1601         4292            3            3
         792          792         1610         4319            3            3
         795          795         1619         4346            3            3
         798          798         1626         4363            1            3
         801          801         1629         4370            1            2
         804          804         1632         4378            1            2
         807          807         1635         4384            1            2
         810          810         1638         4390            1            2
         813          813         1641         4396            1            2
         816          816         1644         4405            1            3
         819          819         1649         4420            3            3
         822          822         1658         4446            3            3
         825          825         1667         4470            3            2
         828          828         1676         4495            3            3
         831          831         1685         4523            3            3
         834          834         1694         4548            3            2
         837          837         1699         4560            1            2
         840          840         1702         4566            1            2
         843          843         1705         4572            1            2
         846          846         1708         4578            1            2
         849          849         1711         4584            1            2
         852          852         1714         4591            1            3
         855          855         1719         4604            3            2
         858          858         1728         4625            3            2
         861          861         1737         4646            3            2
         864          864         1746         4667            3            2
         867          867         1755         4693            3            3
         870          870         1762         4716            1            4
         873          873         1765         4723            1            2
         876          876         1768         4729            1            2
         879          879         1771         4735            1            2
         882          882         1774         4741            1            2
         885          885         1777         4750            1            3
         888          888         1780         4759            1            3
         891          891         1783         4768            1            3
         894          894         1786         4777            1            3
         897          897         1789         4787            1            4
         900          900         1794         4802            3            3
         903          903         1803         4829            3            3
         906          906         1812         4859            3            3
         909          909         1819         4878            3            3
         912          912         1824         4893            1            4
         915          915         1827         4902            1            2
         918          918         1830         4908            1            2
         921          921         1833         4916            1            2
         924          924         1836         4925            1            3
         927          927         1843         4946            1            3
         930          930         1848         4961            3            3
         933          933         1857         4988            3            3
         936          936         1866         5015            3            3
         939          939         1873         5037            3            3
         942          942         1880         5057            1            3
         945          945         1885         5072            1            3
         948          948         1888         5082            1            3
         951          951         1891         5091            1            3
         954          954         1894         5101            1            3
         957          957         1897         5109            1            3
         960          960         1900         5117            1            2
         963          963         1903         5125            1            2
         966          966         1906         5134            1            3
         969          969         1913         5155            3            3
         972          972         1922         5181            3            3
         975          975         1931         5206            3            3
         978          978         1936         5219            3            2
         981          981         1947         5244            2            2
         984          984         1950         5253            1            3
         987          987         1953         5260            1            2
         990          990         1956         5266            1            2
         993          993         1959         5273            1            3
         996          996         1962         5279            1            2
         999          999         1965         5286            1            2
        1002         1002         1968         5295            1            3
        1005         1005         1971         5304            1            3
        1008         1008         1974         5313            1            3
        1011         1011         1977         5322            1            3
        1014         1014         1980         5331            1            3
        1017         1017         1985         5347            3            3
        1020         1020         1988         5356            1            3
        1023         1023         1997         5377            3            2
        1026         1026         2002         5389            1            2
        1029         1029         2005         5398            1            3
        1032         1032         2008         5407            1            3
        1035         1035         2011         5414            1            2
        1038         1038         2014         5420            1            2
        1041         1041         2017         5428            1            3
        1044         1044         2020         5437            1            3
        1047         1047         2029         5464            3            3
        1050         1050         2038         5491            3            3
        1053         1053         2047         5520            3            3
        1056         1056         2052         5534            3            3
        1059         1059         2061         5561            3            3
        1062         1062         2066         5576            1            3
        1065         1065         2069         5585            1            3
        1068         1068         2072         5594            1            3
        1071         1071         2075         5601            1            2
        1074         1074         2078         5607            1            2
        1077         1077         2081         5616            1            3
        1080         1080         2084         5623            1            2
        1083         1083         2087         5631            1            3
        1086         1086         2090         5640            1            3
        1089         1089         2093         5649            1            3
        1092         1092         2098         5664            3            3
        1095         1095         2107         5690            3            3
        1098         1098         2116         5716            3            3
        1101         1101         2131         5754            9            2
        1104         1104         2138         5769            1            2
        1107         1107         2141         5775            1            2
        1110         1110         2144         5781            1            2
        1113         1113         2147         5787            1            2
        1116         1116         2150         5793            1            2
        1119         1119         2153         5800            1            3
        1122         1122         2156         5809            1            3
        1125         1125         2159         5818            1            3
        1128         1128         2162         5827            1            3
        1131         1131         2171         5854            3            3
        1134         1134         2180         5879            3            3
        1137         1137         2189         5904            3            3
        1140         1140         2196         5921            1            3
        1143         1143         2199         5929            1            2
        1146         1146         2202         5935            1            2
        1149         1149         2205         5941            1            2
        1152         1152         2208         5947            1            2
        1155         1155         2211         5955            1            3
        1158         1158         2214         5964            1            3
        1161         1161         2217         5974            1            4
        1164         1164         2224         5997            3            3
        1167         1167         2233         6025            3            3
        1170         1170         2242         6052            3            3
        1173         1173         2251         6080            3            3
        1176         1176         2259         6103            1            4
        1179         1179         2262         6114            1            3
        1182         1182         2265         6120            1            2
        1185         1185         2268         6126            1            2
        1188         1188         2271         6133            1            3
        1191         1191         2278         6154            3            3
        1194         1194         2285         6177            3            3
        1197         1197         2294         6206            3            3
        1200         1200         2303         6236            3            3
        1203         1203         2312         6262            3            2
        1206         1206         2321         6290            3            3
        1209         1209         2330         6318            3            3
        1212         1212         2341         6348            2            3
        1215         1215         2348         6372            1            4
        1218         1218         2351         6378            1            2
        1221         1221         2354         6384            1            2
        1224         1224         2357         6390            1            2
        1227         1227         2364         6409            3            3
        1230         1230         2369         6424            3            3
        1233         1233         2378         6453            3            3
        1236         1236         2387         6483            3            3
        1239         1239         2396         6510            3            3
        1242         1242         2405         6539            3            3
        1245         1245         2414         6568            3            3
        1248         1248         2440         6634           16            2
        1251         1251         2459         6681            2            3
        1254         1254         2462         6687            1            2
        1257         1257         2465         6693            1            2
        1260         1260         2468         6699            1            2
        1263         1263         2471         6707            1            3
        1266         1266         2476         6722            3            3
        1269         1269         2485         6748            3            3
        1272         1272         2494         6775            3            3
        1275         1275         2503         6802            3            3
        1278         1278         2512         6829            3            3
        1281         1281         2521         6856            3            3
        1284         1284         2532         6889            5            3
        1287         1287         2536         6901            1            2
        1290         1290         2539         6907            1            2
        1293         1293         2542         6915            1            2
        1296         1296         2545         6921            1            2
        1299         1299         2548         6929            1            3
        1302         1302         2555         6946            3            2
        1305         1305         2560         6959            1            3
        1308         1308         2567         6979            3            3
        1311         1311         2576         7006            3            3
        1314         1314         2585         7034            3            3
        1317         1317         2592         7057            1            4
        1320         1320         2613         7111            5            2
        1323         1323         2617         7121            1            3
        1326         1326         2620         7128            1            3
        1329         1329         2623         7134            1            2
        1332         1332         2626         7140            1            2
        1335         1335         2629         7148            1            3
        1338         1338         2636         7169            3            3
        1341         1341         2639         7178            1            3
        1344         1344         2644         7194            3            3
        1347         1347         2653         7221            3            3
        1350         1350         2662         7248            3            3
        1353         1353         2669         7269            1            3
        1356         1356         2676         7293            1            4
        1359         1359         2679         7301            1            2
        1362         1362         2682         7310            1            3
        1365         1365         2685         7316            1            2
        1368         1368         2688         7322            1            2
        1371         1371         2691         7331            1            3
        1374         1374         2700         7357            3            3
        1377         1377         2703         7366            1            3
        1380         1380         2710         7387            3            3
        1383         1383         2719         7415            3            3
        1386         1386         2728         7441            3            3
        1389         1389         2733         7456            3            3
        1392         1392         2742         7482            3            3
        1395         1395         2747         7497            1            3
        1398         1398         2750         7507            1            2
        1401         1401         2753         7513            1            2
        1404         1404         2756         7519            1            2
        1407         1407         2759         7526            1            3
        1410         1410         2762         7535            1            3
        1413         1413         2765         7542            1            3
        1416         1416         2770         7555            3            2
        1419         1419         2779         7576            3            2
        1422         1422         2788         7597            3            2
        1425         1425         2791         7606            1            3
        1428         1428         2800         7628            5            2
        1431         1431         2816         7665            6            2
        1434         1434         2823         7681            1            2
        1437         1437         2826         7690            1            3
        1440         1440         2829         7698            1            2
        1443         1443         2832         7704            1            2
        1446         1446         2835         7710            1            2
        1449         1449         2838         7716            1            2
        1452         1452         2841         7722            1            2
        1455         1455         2844         7728            1            2
        1458         1458         2847         7735            1            2
        1461         1461         2850         7744            1            3
        1464         1464         2853         7750            1            2
        1467         1467         2856         7758            1            3
        1470         1470         2859         7765            1            2
        1473         1473         2862         7772            1            3
        1476         1476         2865         7780            1            3
        1479         1479         2872         7797            3            2
        1482         1482         2875         7804            1            2
        1485         1485         2878         7810            1            2
        1488         1488         2881         7818            1            3
        1491         1491         2884         7824            1            2
        1494         1494         2887         7832            1            3
        1497         1497         2890         7839            1            2
        1500         1500         2893         7845            1            2
        1503         1503         2896         7851            1            2
        1506         1506         2899         7857            1            2
        1509         1509         2902         7863            1            2
        1512         1512         2905         7869            1            2
        1515         1515         2908         7875            1            2
        1518         1518         2911         7881            1            2
        1521         1521         2914         7887            1            2
        1524         1524         2917         7893            1            2
        1527         1527         2920         7899            1            2
        1530         1530         2923         7905            1            2
        1533         1533         2926         7911            1            2
        1536         1536         2929         7917            1            2
        1539         1539         2932         7924            1            3
        1542         1542         2935         7930            1            2
        1545         1545         2938         7936            1            2
        1548         1548         2941         7942            1            2
        1551         1551         2944         7949            1            3
        1554         1554         2947         7957            1            2
        1557         1557         2950         7964            1            2
        1560         1560         2953         7970            1            2
        1563         1563         2956         7977            1            3
        1566         1566         2959         7986            1            3
        1569         1569         2962         7994            1            3
        1572         1572         2965         8003            1            3
        1575         1575         2968         8012            1            3
        1578         1578         2971         8021            1            3
        1581         1581         2974         8030            1            3
        1584         1584         2977         8039            1            3
        1587         1587         2984         8056            1            3
        1590         1590         2987         8063            1            2
        1593         1593         2990         8069            1            2
        1596         1596         2993         8078            1            3
        1599         1599         2996         8084            1            2
        1602         1602         2999         8090            1            2
        1605         1605         3002         8096            1            2
        1608         1608         3005         8103            1            2
        1611         1611         3008         8109            1            2
        1614         1614         3011         8117            1            3
        1617         1617         3014         8125            1            3
        1620         1620         3017         8134            1            3
        1623         1623         3020         8143            1            3
        1626         1626         3025         8156            3            2
        1629         1629         3030         8167            1            2
        1632         1632         3033         8175            1            3
        1635         1635         3036         8181            1            2
        1638         1638         3039         8187            1            2
        1641         1641         3042         8193            1            2
        1644         1644         3045         8202            1            3
        1647         1647         3048         8211            1            3
        1650         1650         3051         8220            1            3
        1653         1653         3054         8229            1            3
        1656         1656         3057         8238            1            3
        1659         1659         3060         8247            1            3
        1662         1662         3063         8256            1            3
        1665         1665         3066         8264            1            2
        1668         1668         3069         8270            1            2
        1671         1671         3072         8276            1            2
        1674         1674         3075         8282            1            2
        1677         1677         3078         8288            1            2
        1680         1680         3081         8295            1            3
        1683         1683         3084         8304            1            3
        1686         1686         3087         8313            1            3
        1689         1689         3090         8322            1            3
        1692         1692         3093         8331            1            3
        1695         1695         3096         8339            1            2
        1698         1698         3099         8346            1            2
        1701         1701         3102         8352            1            2
        1704         1704         3105         8358            1            2
        1707         1707         3108         8364            1            2
        1710         1710         3111         8372            1            3
        1713         1713         3114         8381            1            3
        1716         1716         3117         8390            1            3
        1719         1719         3120         8399            1            3
        1722         1722         3123         8408            1            3
        1725         1725         3128         8423            3            3
        1728         1728         3137         8448            3            3
        1731         1731         3142         8461            1            3
        1734         1734         3145         8470            1            3
        1737         1737         3148         8478            1            3
        1740         1740         3151         8485            1            2
        1743         1743         3154         8491            1            2
        1746         1746         3157         8497            1            2
        1749         1749         3160         8503            1            2
        1752         1752         3163         8512            1            3
        1755         1755         3170         8531            3            3
        1758         1758         3179         8555            3            3
        1761         1761         3188         8580            3            3
        1764         1764         3197         8603            3            2
        1767         1767         3206         8627            3            3
        1770         1770         3209         8634            1            2
        1773         1773         3212         8640            1            2
        1776         1776         3215         8646            1            2
        1779         1779         3218         8652            1            2
        1782         1782         3221         8658            1            2
        1785         1785         3224         8664            1            2
        1788         1788         3227         8671            1            3
        1791         1791         3230         8680            1            3
        1794         1794         3233         8689            1            3
        1797         1797         3240         8710            3            3
        1800         1800         3249         8736            3            3
        1803         1803         3258         8763            3            3
        1806         1806         3265         8783            1            3
        1809         1809         3268         8790            1            2
        1812         1812         3271         8796            1            2
        1815         1815         3274         8802            1            2
        1818         1818         3277         8808            1            2
        1821         1821         3280         8814            1            2
        1824         1824         3283         8820            1            2
        1827         1827         3286         8828            1            3
        1830         1830         3289         8837            1            3
        1833         1833         3292         8846            1            3
        1836         1836         3301         8867            3            2
        1839         1839         3310         8892            3            3
        1842         1842         3319         8913            3            2
        1845         1845         3326         8930            1            3
        1848         1848         3329         8937            1            2
        1851         1851         3332         8943            1            2
        1854         1854         3335         8949            1            2
        1857         1857         3338         8955            1            2
        1860         1860         3341         8961            1            2
        1863         1863         3344         8967            1            2
        1866         1866         3347         8976            1            3
        1869         1869         3350         8985            1            3
        1872         1872         3357         9002            3            2
        1875         1875         3366         9026            3            2
        1878         1878         3375         9049            3            2
        1881         1881         3384         9076            3            3
        1884         1884         3389         9088            1            2
        1887         1887         3392         9095            1            3
        1890         1890         3395         9101            1            2
        1893         1893         3398         9107            1            2
        1896         1896         3401         9113            1            2
        1899         1899         3404         9119            1            2
        1902         1902         3407         9125            1            2
        1905         1905         3410         9134            1            3
        1908         1908         3413         9143            1            3
        1911         1911         3422         9164            3            2
        1914         1914         3431         9185            3            2
        1917         1917         3440         9210            3            2
        1920         1920         3448         9230            1            3
        1923         1923         3451         9236            1            2
        1926         1926         3454         9242            1            2
        1929         1929         3457         9248            1            2
        1932         1932         3460         9254            1            2
        1935         1935         3463         9260            1            2
        1938         1938         3466         9268            1            3
        1941         1941         3469         9277            1            3
        1944         1944         3472         9286            1            3
        1947         1947         3475         9295            1            3
        1950         1950         3478         9304            1            3
        1953         1953         3483         9318            3            3
        1956         1956         3490         9335            1            3
        1959         1959         3493         9343            1            2
        1962         1962         3496         9349            1            2
        1965         1965         3499         9355            1            2
        1968         1968         3502         9361            1            2
        1971         1971         3505         9367            1            2
        1974         1974         3508         9373            1            2
        1977         1977         3511         9379            1            2
        1980         1980         3514         9388            1            3
        1983         1983         3517         9395            1            2
        1986         1986         3520         9404            1            3
        1989         1989         3523         9411            1            3
        1992         1992         3526         9418            1            2
        1995         1995         3529         9424            1            2
        1998         1998         3532         9430            1            2
        2001         2001         3535         9436            1            2
        2004         2004         3538         9442            1            2
        2007         2007         3541         9448            1            2
        2010         2010         3544         9454            1            2
        2013         2013         3547         9461            1            2
        2016         2016         3550         9467            1            2
        2019         2019         3553         9473            1            2
        2022         2022         3556         9479            1            2
        2025         2025         3559         9485            1            2
        2028         2028         3562         9491            1            2
        2031         2031         3565         9497            1            2
        2034         2034         3568         9503            1            2
        2037         2037         3571         9509            1            2
        2040         2040         3574         9515            1            2
        2043         2043         3577         9521            1            2
        2046         2046         3580         9527            1            2
        2049         2049         3583         9533            1            2
        2052         2052         3586         9539            1            2
        2055         2055         3589         9545            1            2
        2058         2058         3592         9553            1            2
        2061         2061         3595         9559            1            2
        2064         2064         3598         9566            1            2
        2067         2067         3601         9572            1            2
        2070         2070         3604         9578            1            2
        2073         2073         3607         9584            1            2
        2076         2076         3610         9590            1            2
        2079         2079         3613         9596            1            2
        2082         2082         3616         9602            1            2
        2085         2085         3619         9608            1            2
        2088         2088         3622         9614            1            2
        2091         2091         3625         9623            1            3
        2094         2094         3628         9631            1            3
        2097         2097         3631         9639            1            2
        2100         2100         3634         9645            1            2
        2103         2103         3637         9651            1            2
        2106         2106         3640         9657            1            2
        2109         2109         3643         9663            1            2
        2112         2112         3646         9669            1            2
        2115         2115         3649         9675            1            2
        2118         2118         3652         9682            1            2
        2121         2121         3655         9690            1            3
        2124         2124         3658         9699            1            3
        2127         2127         3661         9708            1            3
        2130         2130         3668         9725            3            2
        2133         2133         3673         9736            1            2
        2136         2136         3676         9742            1            2
        2139         2139         3679         9748            1            2
        2142         2142         3682         9754            1            2
        2145         2145         3685         9760            1            2
        2148         2148         3688         9768            1            2
        2151         2151         3691         9776            1            3
        2154         2154         3694         9785            1            3
        2157         2157         3697         9794            1            3
        2160         2160         3700         9803            1            3
        2163         2163         3703         9812            1            3
        2166         2166         3706         9821            1            3
        2169         2169         3709         9830            1            3
        2172         2172         3712         9836            1            2
        2175         2175         3715         9842            1            2
        2178         2178         3718         9848            1            2
        2181         2181         3721         9854            1            2
        2184         2184         3724         9860            1            2
        2187         2187         3727         9866            1            2
        2190         2190         3730         9873            1            3
        2193         2193         3733         9880            1            2
        2196         2196         3736         9889            1            3
        2199         2199         3739         9898            1            3
        2202         2202         3742         9907            1            3
        2205         2205         3745         9916            1            3
        2208         2208         3750         9930            3            3
        2211         2211         3755         9944            1            2
        2214         2214         3758         9950            1            2
        2217         2217         3761         9958            1            2
        2220         2220         3764         9964            1            2
        2223         2223         3767         9970            1            2
        2226         2226         3770         9976            1            2
        2229         2229         3773         9982            1            2
        2232         2232         3776         9988            1            2
        2235         2235         3779         9994            1            2
        2238         2238         3782        10000            1            2
        2241         2241         3785        10006            1            2
        2244         2244         3788        10012            1            2
        2247         2247         3791        10020            1            3
        2250         2250         3794        10028            1            2
        2253         2253         3797        10034            1            2
        2256         2256         3800        10040            1            2
        2259         2259         3803        10046            1            2
        2262         2262         3806        10052            1            2
        2265         2265         3809        10058            1            2
        2268         2268         3812        10064            1            2
        2271         2271         3815        10070            1            2
        2274         2274         3818        10076            1            2
        2277         2277         3821        10082            1            2
        2280         2280         3824        10088            1            2
        2283         2283         3827        10094            1            2
        2286         2286         3830        10103            1            3
        2289         2289         3833        10109            1            2
        2292         2292         3836        10117            1            3
        2295         2295         3839        10123            1            2
        2298         2298         3842        10129            1            2
        2301         2301         3845        10135            1            2
        2304         2304         3848        10141            1            2
        2307         2307         3851        10147            1            2
        2310         2310         3854        10155            1            3
        2313         2313         3857        10163            1            3
        2316         2316         3860        10171            1            2
        2319         2319         3863        10180            1            3
        2322         2322         3866        10188            1            3
        2325         2325         3869        10194            1            2
        2328         2328         3872        10200            1            2
        2331         2331         3875        10206            1            2
        2334         2334         3878        10212            1            2
        2337         2337         3881        10218            1            2
        2340         2340         3884        10224            1            2
        2343         2343         3887        10230            1            2
        2346         2346         3890        10236            1            2
        2349         2349         3893        10242            1            2
        2352         2352         3896        10248            1            2
        2355         2355         3899        10254            1            2
        2358         2358         3902        10260            1            2
        2361         2361         3905        10266            1            2
        2364         2364         3908        10272            1            2
        2367         2367         3911        10280            1            2
        2370         2370         3914        10286            1            2
        2373         2373         3917        10292            1            2
        2376         2376         3920        10298            1            2
        2379         2379         3923        10304            1            2
        2382         2382         3926        10310            1            2
        2385         2385         3929        10316            1            2
        2388         2388         3932        10322            1            2
        2391         2391         3935        10328            1            2
        2394         2394         3938        10334            1            2
        2397         2397         3941        10340            1            2
        2400         2400         3944        10346            1            2
        2403         2403         3947        10352            1            2
        2406         2406         3950        10358            1            2
        2409         2409         3953        10365            1            2
        2412         2412         3956        10371            1            2
        2415         2415         3959        10378            1            2
        2418         2418         3962        10384            1            2
        2421         2421         3965        10390            1            2
        2424         2424         3968        10396            1            2
        2427         2427         3971        10403            1            2
        2430         2430         3974        10412            1            3
        2433         2433         3977        10420            1            2
        2436         2436         3980        10426            1            2
        2439         2439         3983        10433            1            3
        2442         2442         3986        10442            1            3
        2445         2445         3991        10456            1            2
        2448         2448         3994        10462            1            2
        2451         2451         3997        10469            1            3
        2454         2454         4000        10478            1            3
        2457         2457         4003        10487            1            3
        2460         2460         4006        10496            1            3
        2463         2463         4009        10505            1            3
        2466         2466         4016        10526            3            3
        2469         2469         4019        10535            1            3
        2472         2472         4022        10544            1            3
        2475         2475         4031        10565            3            2
        2478         2478         4036        10577            1            2
        2481         2481         4039        10585            1            3
        2484         2484         4042        10594            1            3
        2487         2487         4045        10601            1            2
        2490         2490         4048        10607            1            2
        2493         2493         4051        10615            1            3
        2496         2496         4054        10624            1            3
        2499         2499         4057        10633            1            3
        2502         2502         4066        10656            3            2
        2505         2505         4073        10677            1            3
        2508         2508         4078        10690            3            2
        2511         2511         4083        10702            1            2
        2514         2514         4086        10708            1            2
        2517         2517         4089        10714            1            2
        2520         2520         4092        10723            1            3
        2523         2523         4095        10729            1            2
        2526         2526         4098        10736            1            3
        2529         2529         4101        10745            1            3
        2532         2532         4104        10754            1            3
        2535         2535         4113        10776            3            2
        2538         2538         4122        10797            3            2
        2541         2541         4125        10806            1            3
        2544         2544         4128        10815            1            3
        2547         2547         4131        10824            1            3
        2550         2550         4134        10830            1            2
        2553         2553         4137        10838            1            3
        2556         2556         4140        10845            1            2
        2559         2559         4143        10852            1            3
        2562         2562         4146        10860            1            2
        2565         2565         4149        10867            1            3
        2568         2568         4152        10876            1            3
        2571         2571         4155        10884            1            3
        2574         2574         4158        10893            1            3
        2577         2577         4161        10902            1            3
        2580         2580         4164        10911            1            3
        2583         2583         4167        10920            1            3
        2586         2586         4172        10933            3            2
        2589         2589         4177        10946            1            3
        2592         2592         4180        10955            1            3
        2595         2595         4183        10962            1            2
        2598         2598         4186        10969            1            2
        2601         2601         4189        10976            1            3
        2604         2604         4192        10985            1            3
        2607         2607         4195        10994            1            3
        2610         2610         4198        11003            1            3
        2613         2613         4205        11020            3            2
        2616         2616         4212        11037            1            3
        2619         2619         4215        11046            1            3
        2622         2622         4224        11070            3            2
        2625         2625         4227        11079            1            3
        2628         2628         4230        11085            1            2
        2631         2631         4233        11091            1            2
        2634         2634         4236        11098            1            3
        2637         2637         4239        11107            1            3
        2640         2640         4242        11116            1            3
        2643         2643         4247        11129            3            2
        2646         2646         4256        11156            3            3
        2649         2649         4265        11177            3            2
        2652         2652         4272        11194            1            3
        2655         2655         4275        11203            1            3
        2658         2658         4278        11212            1            3
        2661         2661         4281        11219            1            2
        2664         2664         4284        11225            1            2
        2667         2667         4287        11231            1            2
        2670         2670         4290        11237            1            2
        2673         2673         4293        11244            1            3
        2676         2676         4296        11253            1            3
        2679         2679         4301        11268            3            3
        2682         2682         4310        11292            3            2
        2685         2685         4319        11313            3            2
        2688         2688         4328        11334            3            2
        2691         2691         4341        11368            7            2
        2694         2694         4345        11379            1            2
        2697         2697         4348        11385            1            2
        2700         2700         4351        11391            1            2
        2703         2703         4354        11397            1            2
        2706         2706         4357        11403            1            2
        2709         2709         4360        11410            1            3
        2712         2712         4363        11419            1            3
        2715         2715         4368        11434            3            3
        2718         2718         4377        11458            3            3
        2721         2721         4386        11482            3            3
        2724         2724         4395        11507            3            3
        2727         2727         4404        11534            3            3
        2730         2730         4418        11566            2            2
        2733         2733         4421        11572            1            2
        2736         2736         4424        11578            1            2
        2739         2739         4427        11584            1            2
        2742         2742         4430        11590            1            2
        2745         2745         4433        11596            1            2
        2748         2748         4436        11602            1            2
        2751         2751         4439        11610            1            3
        2754         2754         4442        11619            1            3
        2757         2757         4449        11636            3            2
        2760         2760         4458        11657            3            2
        2763         2763         4467        11682            3            3
        2766         2766         4476        11703            3            2
        2769         2769         4479        11709            1            2
        2772         2772         4482        11715            1            2
        2775         2775         4485        11721            1            2
        2778         2778         4488        11727            1            2
        2781         2781         4491        11733            1            2
        2784         2784         4494        11739            1            2
        2787         2787         4497        11746            1            3
        2790         2790         4500        11755            1            3
        2793         2793         4503        11764            1            3
        2796         2796         4506        11773            1            3
        2799         2799         4509        11782            1            3
        2802         2802         4512        11790            1            2
        2805         2805         4515        11796            1            2
        2808         2808         4518        11802            1            2
        2811         2811         4521        11808            1            2
        2814         2814         4524        11814            1            2
        2817         2817         4527        11820            1            2
        2820         2820         4530        11827            1            3
        2823         2823         4533        11836            1            3
        2826         2826         4536        11845            1            3
        2829         2829         4539        11854            1            3
        2832         2832         4542        11863            1            3
        2835         2835         4549        11880            3            2
        2838         2838         4556        11896            1            2
        2841         2841         4559        11904            1            2
        2844         2844         4562        11910            1            2
        2847         2847         4565        11916            1            2
        2850         2850         4568        11922            1            2
        2853         2853         4571        11928            1            2
        2856         2856         4574        11934            1            2
        2859         2859         4577        11942            1            3
        2862         2862         4580        11951            1            3
        2865         2865         4583        11960            1            3
        2868         2868         4586        11969            1            3
        2871         2871         4593        11986            3            2
        2874         2874         4602        12008            3            3
        2877         2877         4605        12017            1            3
        2880         2880         4608        12026            1            3
        2883         2883         4611        12034            1            2
        2886         2886         4614        12040            1            2
        2889         2889         4617        12046            1            2
        2892         2892         4620        12052            1            2
        2895         2895         4623        12060            1            3
        2898         2898         4626        12068            1            3
        2901         2901         4629        12077            1            3
        2904         2904         4634        12090            3            2
        2907         2907         4643        12111            3            2
        2910         2910         4648        12124            1            3
        2913         2913         4651        12133            1            3
        2916         2916         4654        12142            1            3
        2919         2919         4657        12149            1            3
        2922         2922         4660        12155            1            2
        2925         2925         4663        12161            1            2
        2928         2928         4666        12167            1            2
        2931         2931         4669        12176            1            3
        2934         2934         4672        12185            1            3
        2937         2937         4675        12194            1            3
        2940         2940         4678        12203            1            3
        2943         2943         4681        12212            1            3
        2946         2946         4684        12221            1            3
        2949         2949         4687        12229            1            3
        2952         2952         4690        12235            1            2
        2955         2955         4693        12241            1            2
        2958         2958         4696        12247            1            2
        2961         2961         4699        12253            1            2
        2964         2964         4702        12259            1            2
        2967         2967         4705        12265            1            2
        2970         2970         4708        12272            1            2
        2973         2973         4711        12281            1            3
        2976         2976         4714        12289            1            3
        2979         2979         4717        12296            1            2
        2982         2982         4720        12305            1            3
        2985         2985         4723        12311            1            2
        2988         2988         4726        12317            1            2
        2991         2991         4729        12323            1            2
        2994         2994         4732        12329            1            2
        2997         2997         4735        12335            1            2
        3000         3000         4738        12341            1            2

 TOTAL NUMBER OF TIME-STEPS COMPLETED      =        3000
 TOTAL NUMBER OF LOAD-STEPS COMPLETED      =        3000
 TOTAL NUMBER OF SUB-STEPS  CONVERGED      =        3914
 TOTAL NUMBER OF SUB-STEPS  DISCARDED      =         824
 TOTAL NUMBER OF ITERATIONS PERFORMED      =       12341

 AVERAGE NUMBER OF SUB-STEPS PER LOAD-STEP =        1.58
 AVERAGE NUMBER OF ITERATIONS PER SUB-STEP =        2.60
 LENGTH OF AVERAGE  CONVERGED SUB-STEP (T) =    0.007665
 LENGTH OF SHORTEST ATTEMPTED SUB-STEP (T) =    0.000494


 N O N L I N E A R   S T A T I C   A N A L Y S I S                      18:57:58

 CASE: DEAD

 STARTING FROM ZERO (UNSTRESSED) INITIAL CONDITIONS

 LOAD CONTROL TYPE                         =       FORCE
 TYPE OF GEOMETRIC NONLINEARITY            =        NONE
 USE EVENT STEPPING                        =         YES
 USE ITERATION                             =         YES
 USE LINE SEARCH                           =          NO
 EVENT LUMPING TOLERANCE                   =    0.010000
 FORCE CONVERGENCE TOLERANCE (RELATIVE)    =    0.000100

 Negative iterations are Constant-Stiffness
 Positive iterations are Newton-Raphson

  Saved    Null   Total  Iteration   Relative  Curr Step   Curr Sum    Max Sum
  Steps   Steps   Steps  this Step  Unbalance       Size   of Steps   of Steps
 (    1      50     200     -10/40   1.000000   1.000000   1.000000   1.000000)

      0       0       1  Conv   -1   0.038897   1.000000   1.000000   1.000000

 ----------------------------------------
 BASIC STABILITY CHECK FOR FORCE-CONTROLLED NONLINEAR STATIC LOAD CASES:
    NUMBER OF NEGATIVE STIFFNESS EIGENVALUES SHOULD BE ZERO FOR STABILITY.
    (NOTE: FURTHER CHECKS SHOULD BE CONSIDERED AS DEEMED NECESSARY)

    NUMBER FOUND AT FINAL CONVERGED STATE  =           0,  OK.
 ----------------------------------------

 NUMBER OF STIFFNESS FORMATIONS/SOLUTIONS  =           2

 TIME FOR INITIALIZING ANALYSIS            =        0.00
 TIME FOR CONTROLLING ANALYSIS             =        0.01
 TIME FOR UPDATING LOADS AND STATE         =        0.00
 TIME FOR FORMING STIFFNESS MATRIX         =        0.00
 TIME FOR SOLVING STIFFNESS MATRIX         =        0.02
 TIME FOR CALCULATING DISPLACEMENTS        =        0.01
 TIME FOR DETERMINING EVENTS               =        0.00
 TIME FOR SAVING RESULTS                   =        0.00
                                               ----------
 TOTAL TIME FOR THIS ANALYSIS              =        0.04


 A N A L Y S I S   C O M P L E T E                          2022/12/26  18:57:59
