

 SAP2000 v22.0.0 Ultimate 64-bit (Analysis Build 9780/64)
 File: C:\Users\lotfi\Document...sipative_KBF\SAP2000 model\5 story\KBF5 (1).LOG




 B E G I N   A N A L Y S I S                                2022/12/31  23:01:25


 RUNNING ANALYSIS WITHIN THE GUI PROCESS
 USING THE ADVANCED SOLVER (PROVIDES LIMITED INSTABILITY INFORMATION)

 NUMBER OF JOINTS                          =          59
    WITH RESTRAINTS                        =           4
 NUMBER OF FRAME/CABLE/TENDON ELEMENTS     =          60
 NUMBER OF LINK/SUPPORT ELEMENTS           =          20
 NUMBER OF LOAD PATTERNS                   =           2
 NUMBER OF ACCELERATION LOADS              =           9
 NUMBER OF LOAD CASES                      =           4

 ADDRESSABLE PHYSICAL MEMORY (RAM)         =       3.927 GB

 PARALLELIZATION OF ANALYSIS OPERATIONS:
 (Env. variable SAPFIRE_NUM_THREADS        =           0)
 NUMBER OF THREADS: STATE (AUTOMATIC)      =           2
 NUMBER OF THREADS: STIFFNESS (AUTOMATIC)  =           2
 NUMBER OF THREADS: EVENT (AUTOMATIC)      =           2
 NUMBER OF THREADS: MOVE (AUTOMATIC)       =           2
 NUMBER OF THREADS: RESPONSE (AUTOMATIC)   =           2
 NUMBER OF THREADS: SOLVE (AUTOMATIC)      =           2
 NUMBER OF THREADS: FORM (AUTOMATIC)       =           2


 E L E M E N T   F O R M A T I O N                                      23:01:25


 NUMBER OF COUPLED CONSTRAINT EQUATIONS    =         100
 REDUCTION OF CONSTRAINTS AND RESTRAINTS:
 NUMBER OF
   CONSTRAINT MASTER DOF BEFORE REDUCTION  =         135
   COUPLED CONSTRAINT/RESTRAINT MASTER DOF =          25
   CONSTRAINT MASTER DOF AFTER REDUCTION   =         110


 L I N E A R   E Q U A T I O N   S O L U T I O N                        23:01:25

 FORMING STIFFNESS AT ZERO (UNSTRESSED) INITIAL CONDITIONS

 TOTAL NUMBER OF EQUILIBRIUM EQUATIONS     =         125
 NUMBER OF NON-ZERO STIFFNESS TERMS        =         889

 ---------------------------------
 BASIC STABILITY CHECK FOR LINEAR LOAD CASES:
    NUMBER OF NEGATIVE STIFFNESS EIGENVALUES SHOULD BE ZERO FOR STABILITY.
    (NOTE: FURTHER CHECKS SHOULD BE CONSIDERED AS DEEMED NECESSARY,
     SUCH AS REVIEWING EIGEN MODES FOR MECHANISMS AND RIGID-BODY MOTION)

    NUMBER OF NEGATIVE EIGENVALUES         =           0,  OK.
 ---------------------------------


 L I N E A R   S T A T I C   C A S E S                                  23:01:25

 USING STIFFNESS AT ZERO (UNSTRESSED) INITIAL CONDITIONS

 TOTAL NUMBER OF CASES TO SOLVE            =           1
 NUMBER OF CASES TO SOLVE PER BLOCK        =           1

 LINEAR STATIC CASES TO BE SOLVED:

 CASE: LL


 E I G E N   M O D A L   A N A L Y S I S                                23:01:25

 CASE: MODAL

 USING STIFFNESS AT ZERO (UNSTRESSED) INITIAL CONDITIONS

 NUMBER OF STIFFNESS DEGREES OF FREEDOM    =         125
 NUMBER OF MASS DEGREES OF FREEDOM         =          90
 MAXIMUM NUMBER OF EIGEN MODES SOUGHT      =          12
 MINIMUM NUMBER OF EIGEN MODES SOUGHT      =           1
 NUMBER OF RESIDUAL-MASS MODES SOUGHT      =           0
 NUMBER OF SUBSPACE VECTORS USED           =          24
 RELATIVE CONVERGENCE TOLERANCE            =    1.00E-09

 FREQUENCY SHIFT  (CENTER) (CYC/TIME)      =     .000000
 FREQUENCY CUTOFF (RADIUS) (CYC/TIME)      =  -INFINITY-
 ALLOW AUTOMATIC FREQUENCY SHIFTING        =         YES


 Original stiffness at shift : EV= 0.0000000E+00, f=     .000000, T=  -INFINITY-
 Number of eigenvalues below shift =      0

 Iteration    Approximations to next 5 eigenvalues, from shift EV= 0.0000000E+00
       1   7.2632605E+01 7.2722052E+02 2.1527071E+03 2.4976309E+03 3.5039097E+03
       3   7.2509241E+01 7.1734662E+02 2.0983541E+03 2.3311190E+03 3.2611880E+03

 Found mode      1 of     12:  EV= 7.2509241E+01, f=    1.355242, T=    0.737876
 Found mode      2 of     12:  EV= 7.1734661E+02, f=    4.262699, T=    0.234593
 Found mode      3 of     12:  EV= 2.0983533E+03, f=    7.290536, T=    0.137164

 Iteration    Approximations to next 5 eigenvalues, from shift EV= 0.0000000E+00
       6   2.3310892E+03 3.2611646E+03 3.4185339E+03 4.1097256E+03 4.4643107E+03

 Found mode      4 of     12:  EV= 2.3310892E+03, f=    7.684216, T=    0.130137
 Found mode      5 of     12:  EV= 3.2611646E+03, f=    9.088799, T=    0.110026
 Found mode      6 of     12:  EV= 3.4185339E+03, f=    9.305508, T=    0.107463
 Found mode      7 of     12:  EV= 4.1097256E+03, f=   10.202968, T=    0.098011
 Found mode      8 of     12:  EV= 4.4643107E+03, f=   10.634017, T=    0.094038
 Found mode      9 of     12:  EV= 6.2357943E+03, f=   12.567996, T=    0.079567
 Found mode     10 of     12:  EV= 6.3435935E+03, f=   12.676163, T=    0.078888
 Found mode     11 of     12:  EV= 6.8686983E+03, f=   13.190381, T=    0.075813
 Found mode     12 of     12:  EV= 7.9127045E+03, f=   14.157371, T=    0.070635

 NUMBER OF EIGEN MODES FOUND               =          12
 NUMBER OF ITERATIONS PERFORMED            =           8
 NUMBER OF STIFFNESS SHIFTS                =           0


 N O N L I N E A R   M O D A L   H I S T O R Y   A N A L Y S I S        23:01:25

 CASE: ARTIF1
 ANALYSIS TYPE                             =   NONLINEAR
 STARTING FROM ZERO (UNSTRESSED) INITIAL CONDITIONS
 USING MODES FROM CASE: MODAL
 NUMBER OF DYNAMIC MODES TO BE USED        =          12
 NUMBER OF STATIC-LOAD MODES TO BE USED    =           1
 CONVERGENCE FACTOR                        =    1.000000
 FORCE  CONVERGENCE TOLERANCE              =    1.00E-05
 ENERGY CONVERGENCE TOLERANCE              =    1.00E-05
 MAXIMUM SUB-STEP LENGTH (TIME)            =    0.010000
 MINIMUM SUB-STEP LENGTH (TIME)            =    1.00E-11
 UPPER MAXIMUM NUMBER OF ITERATIONS        =         100
 LOWER MAXIMUM NUMBER OF ITERATIONS        =           2
 MODES ARE TREATED AS STATIC BELOW PERIOD  =    1.0E-101

 TOTAL HISTORY LENGTH (TIME)               =   30.000000
 LENGTH OF TIME-STEPS (TIME)               =    0.010000
 NUMBER OF TIME-STEPS TO BE INTEGRATED     =        3000



 * * * W A R N I N G * * *
 NON-ZERO TIME-HISTORY FUNCTION VALUES WILL BE IGNORED AT START OF LOAD CASE.

 TIME-HISTORY FUNCTIONS WITH A NON-ZERO VALUE AT START OF THE LOAD CASE:
    ARTIF1

 EFFECTIVE MODAL DAMPING RATIOS (CROSS-COUPLING TERMS ARE NEGLECTED)
       1    0.737876    0.050000
       2    0.234593    0.050000
       3    0.137164    0.050000
       4    0.130137    0.050000
       5    0.110026    0.050000
       6    0.107463    0.050000
       7    0.098011    0.050000
       8    0.094038    0.050000
       9    0.079567    0.050000
      10    0.078888    0.050000
      11    0.075813    0.050000
      12    0.070635    0.050000
   Time-step    Load-step     Sub-step    Iteration   Sub-steps/  Iterations/
      number       number       number       number    load-step     sub-step

           1            1            1            2            1            2
           3            3            3            6            1            2
           6            6            6           12            1            2
           9            9            9           18            1            2
          12           12           12           24            1            2
          15           15           15           30            1            2
          18           18           18           36            1            2
          21           21           21           42            1            2
          24           24           24           48            1            2
          27           27           27           54            1            2
          30           30           30           60            1            2
          33           33           33           66            1            2
          36           36           36           72            1            2
          39           39           39           78            1            2
          42           42           42           84            1            2
          45           45           45           90            1            2
          48           48           48           98            1            3
          51           51           51          106            1            3
          54           54           54          115            1            3
          57           57           57          124            1            3
          60           60           60          133            1            3
          63           63           63          139            1            2
          66           66           66          146            1            3
          69           69           69          152            1            2
          72           72           72          158            1            2
          75           75           75          164            1            2
          78           78           78          170            1            2
          81           81           81          179            1            3
          84           84           84          188            1            3
          87           87           87          197            1            3
          90           90           90          206            1            3
          93           93           93          215            1            3
          96           96           96          224            1            3
          99           99           99          233            1            3
         102          102          102          242            1            3
         105          105          105          249            1            2
         108          108          108          258            1            3
         111          111          111          265            1            2
         114          114          114          271            1            2
         117          117          117          277            1            2
         120          120          120          283            1            2
         123          123          123          289            1            2
         126          126          126          298            1            3
         129          129          129          307            1            3
         132          132          132          316            1            3
         135          135          135          325            1            3
         138          138          138          334            1            3
         141          141          141          341            1            2
         144          144          144          347            1            2
         147          147          147          353            1            2
         150          150          150          361            1            3
         153          153          153          370            1            3
         156          156          156          379            1            3
         159          159          163          400            3            3
         162          162          172          424            3            2
         165          165          177          439            1            3
         168          168          180          448            1            3
         171          171          183          457            1            3
         174          174          186          464            1            2
         177          177          189          472            1            3
         180          180          192          481            1            3
         183          183          195          491            1            4
         186          186          202          512            3            3
         189          189          211          541            3            3
         192          192          220          570            3            3
         195          195          229          597            3            3
         198          198          232          606            1            3
         201          201          235          614            1            2
         204          204          238          620            1            2
         207          207          241          628            1            3
         210          210          244          637            1            3
         213          213          251          658            3            3
         216          216          260          685            3            3
         219          219          269          715            3            3
         222          222          278          743            3            3
         225          225          287          773            3            3
         228          228          294          797            3            3
         231          231          297          805            1            2
         234          234          300          811            1            2
         237          237          303          820            1            3
         240          240          306          828            1            3
         243          243          309          837            1            3
         246          246          316          860            1            4
         249          249          319          872            1            4
         252          252          328          902            3            3
         255          255          335          926            1            4
         258          258          342          950            3            3
         261          261          351          980            3            3
         264          264          376         1047           12            2
         267          267          396         1097            2            3
         270          270          421         1155           10            2
         273          273          433         1189            2            3
         276          276          436         1196            1            2
         279          279          439         1204            1            3
         282          282          442         1213            1            3
         285          285          449         1233            3            3
         288          288          458         1259            3            3
         291          291          467         1285            3            3
         294          294          476         1311            3            3
         297          297          488         1347            4            3
         300          300          500         1382            4            3
         303          303          508         1408            3            3
         306          306          521         1442            4            3
         309          309          545         1500           15            2
         312          312          554         1525            1            4
         315          315          557         1537            1            4
         318          318          560         1547            1            2
         321          321          563         1553            1            2
         324          324          566         1560            1            3
         327          327          569         1569            1            3
         330          330          572         1575            1            2
         333          333          575         1584            1            3
         336          336          584         1605            3            2
         339          339          593         1631            3            3
         342          342          602         1656            5            3
         345          345          614         1682            4            2
         348          348          621         1700            1            3
         351          351          628         1719            5            3
         354          354          646         1758            6            2
         357          357          660         1789            2            2
         360          360          665         1802            1            3
         363          363          670         1815            1            3
         366          366          673         1824            1            3
         369          369          676         1830            1            2
         372          372          679         1836            1            2
         375          375          682         1844            1            3
         378          378          687         1855            3            2
         381          381          696         1875            3            2
         384          384          701         1888            1            3
         387          387          704         1897            1            3
         390          390          718         1934            6            2
         393          393          727         1955            3            2
         396          396          734         1973            1            3
         399          399          743         1994            3            2
         402          402          752         2015            3            2
         405          405          764         2045            4            2
         408          408          777         2079            6            2
         411          411          791         2109            4            2
         414          414          795         2118            1            3
         417          417          798         2126            1            2
         420          420          801         2132            1            2
         423          423          804         2140            1            3
         426          426          807         2148            1            2
         429          429          810         2156            1            2
         432          432          813         2164            1            3
         435          435          818         2177            3            2
         438          438          827         2198            3            2
         441          441          832         2208            1            2
         444          444          835         2214            1            2
         447          447          838         2221            1            2
         450          450          841         2227            1            2
         453          453          844         2235            1            3
         456          456          847         2243            1            3
         459          459          850         2252            1            3
         462          462          857         2273            3            3
         465          465          866         2299            3            3
         468          468          875         2325            3            3
         471          471          891         2364            8            2
         474          474          934         2457           10            3
         477          477          938         2466            1            2
         480          480          941         2473            1            3
         483          483          944         2482            1            3
         486          486          947         2491            1            3
         489          489          950         2500            1            3
         492          492          957         2521            3            3
         495          495          966         2549            3            3
         498          498          973         2571            1            3
         501          501          984         2606            7            3
         504          504         1021         2689            6            3
         507          507         1025         2697            1            2
         510          510         1028         2703            1            2
         513          513         1031         2709            1            2
         516          516         1034         2717            1            3
         519          519         1037         2726            1            3
         522          522         1040         2735            1            3
         525          525         1043         2745            1            4
         528          528         1052         2772            3            3
         531          531         1061         2799            3            3
         534          534         1070         2826            3            3
         537          537         1083         2864            7            3
         540          540         1099         2909            6            3
         543          543         1106         2929            1            2
         546          546         1109         2935            1            2
         549          549         1112         2942            1            2
         552          552         1115         2949            1            3
         555          555         1118         2958            1            3
         558          558         1121         2967            1            3
         561          561         1124         2978            1            4
         564          564         1131         3001            1            4
         567          567         1134         3012            1            3
         570          570         1141         3036            3            3
         573          573         1150         3066            3            3
         576          576         1161         3100            5            3
         579          579         1179         3142           10            2
         582          582         1194         3175            2            2
         585          585         1197         3182            1            2
         588          588         1200         3188            1            2
         591          591         1203         3194            1            2
         594          594         1206         3201            1            2
         597          597         1215         3227            3            3
         600          600         1222         3247            1            3
         603          603         1231         3274            3            3
         606          606         1240         3301            3            3
         609          609         1249         3328            3            3
         612          612         1258         3356            3            3
         615          615         1273         3400            6            3
         618          618         1293         3446            8            2
         621          621         1297         3457            1            3
         624          624         1300         3465            1            2
         627          627         1303         3471            1            2
         630          630         1306         3477            1            2
         633          633         1309         3485            1            3
         636          636         1312         3494            1            3
         639          639         1321         3522            3            3
         642          642         1330         3551            3            3
         645          645         1339         3580            3            3
         648          648         1348         3607            3            3
         651          651         1357         3636            3            3
         654          654         1366         3663            3            3
         657          657         1374         3686            1            2
         660          660         1377         3692            1            2
         663          663         1380         3698            1            2
         666          666         1383         3704            1            2
         669          669         1386         3712            1            3
         672          672         1389         3721            1            3
         675          675         1398         3746            3            3
         678          678         1407         3773            3            3
         681          681         1416         3801            3            3
         684          684         1425         3831            3            3
         687          687         1434         3858            3            3
         690          690         1443         3885            3            3
         693          693         1446         3893            1            2
         696          696         1449         3899            1            2
         699          699         1452         3907            1            3
         702          702         1455         3914            1            2
         705          705         1458         3922            1            3
         708          708         1461         3931            1            3
         711          711         1466         3946            3            3
         714          714         1475         3975            3            3
         717          717         1484         4004            3            3
         720          720         1493         4034            3            3
         723          723         1502         4062            3            3
         726          726         1511         4088            3            2
         729          729         1514         4097            1            3
         732          732         1517         4106            1            3
         735          735         1520         4113            1            2
         738          738         1523         4120            1            3
         741          741         1526         4126            1            2
         744          744         1529         4134            1            3
         747          747         1532         4143            1            3
         750          750         1539         4164            3            3
         753          753         1548         4191            3            3
         756          756         1557         4218            3            3
         759          759         1566         4248            3            3
         762          762         1573         4268            1            3
         765          765         1576         4275            1            3
         768          768         1579         4283            1            2
         771          771         1582         4289            1            2
         774          774         1585         4295            1            2
         777          777         1588         4301            1            2
         780          780         1591         4309            1            3
         783          783         1594         4318            1            3
         786          786         1601         4339            3            3
         789          789         1610         4366            3            3
         792          792         1619         4393            3            3
         795          795         1628         4418            3            2
         798          798         1635         4435            1            3
         801          801         1638         4443            1            2
         804          804         1641         4452            1            3
         807          807         1644         4458            1            2
         810          810         1647         4464            1            2
         813          813         1650         4470            1            2
         816          816         1653         4479            1            3
         819          819         1658         4494            3            3
         822          822         1667         4520            3            3
         825          825         1676         4547            3            3
         828          828         1685         4573            3            3
         831          831         1694         4601            3            3
         834          834         1703         4628            3            3
         837          837         1710         4644            1            2
         840          840         1713         4651            1            2
         843          843         1716         4657            1            2
         846          846         1719         4663            1            2
         849          849         1722         4669            1            2
         852          852         1725         4677            1            3
         855          855         1728         4686            1            3
         858          858         1737         4708            3            2
         861          861         1746         4729            3            2
         864          864         1755         4755            3            3
         867          867         1764         4781            3            3
         870          870         1773         4810            3            3
         873          873         1776         4817            1            2
         876          876         1779         4823            1            2
         879          879         1782         4829            1            2
         882          882         1785         4835            1            2
         885          885         1788         4844            1            3
         888          888         1791         4852            1            2
         891          891         1794         4861            1            3
         894          894         1797         4870            1            3
         897          897         1800         4879            1            3
         900          900         1807         4900            3            3
         903          903         1816         4927            3            3
         906          906         1825         4957            3            3
         909          909         1832         4976            3            3
         912          912         1837         4991            1            3
         915          915         1840         5000            1            2
         918          918         1843         5006            1            2
         921          921         1846         5014            1            2
         924          924         1849         5023            1            3
         927          927         1854         5038            3            3
         930          930         1863         5064            3            3
         933          933         1872         5091            3            3
         936          936         1881         5118            3            3
         939          939         1890         5146            3            3
         942          942         1901         5174            2            3
         945          945         1906         5189            1            3
         948          948         1911         5207            3            3
         951          951         1914         5216            1            3
         954          954         1919         5231            1            3
         957          957         1922         5239            1            3
         960          960         1925         5247            1            2
         963          963         1928         5256            1            3
         966          966         1931         5265            1            3
         969          969         1936         5280            3            3
         972          972         1945         5307            3            3
         975          975         1954         5332            3            3
         978          978         1961         5351            3            2
         981          981         1975         5386            2            3
         984          984         1980         5401            1            3
         987          987         1983         5409            1            3
         990          990         1986         5415            1            2
         993          993         1989         5422            1            3
         996          996         1992         5430            1            3
         999          999         1995         5438            1            2
        1002         1002         1998         5446            1            3
        1005         1005         2001         5455            1            3
        1008         1008         2004         5464            1            3
        1011         1011         2007         5473            1            3
        1014         1014         2010         5482            1            3
        1017         1017         2013         5492            1            4
        1020         1020         2016         5501            1            3
        1023         1023         2025         5524            3            2
        1026         1026         2033         5545            1            3
        1029         1029         2036         5554            1            3
        1032         1032         2039         5563            1            3
        1035         1035         2042         5571            1            2
        1038         1038         2045         5578            1            3
        1041         1041         2048         5587            1            3
        1044         1044         2051         5596            1            3
        1047         1047         2060         5623            3            3
        1050         1050         2069         5652            3            3
        1053         1053         2078         5680            3            3
        1056         1056         2087         5707            3            3
        1059         1059         2096         5734            3            3
        1062         1062         2105         5763            3            3
        1065         1065         2110         5780            1            3
        1068         1068         2113         5789            1            3
        1071         1071         2116         5797            1            2
        1074         1074         2119         5803            1            2
        1077         1077         2122         5812            1            3
        1080         1080         2125         5819            1            2
        1083         1083         2128         5828            1            3
        1086         1086         2135         5847            3            3
        1089         1089         2140         5862            1            3
        1092         1092         2147         5883            3            3
        1095         1095         2156         5909            3            3
        1098         1098         2165         5936            3            3
        1101         1101         2176         5966            5            2
        1104         1104         2185         5986            1            2
        1107         1107         2188         5993            1            2
        1110         1110         2191         5999            1            2
        1113         1113         2194         6005            1            2
        1116         1116         2197         6011            1            2
        1119         1119         2200         6019            1            3
        1122         1122         2203         6028            1            3
        1125         1125         2206         6037            1            3
        1128         1128         2209         6046            1            3
        1131         1131         2218         6073            3            3
        1134         1134         2227         6098            3            3
        1137         1137         2236         6124            3            3
        1140         1140         2243         6141            1            3
        1143         1143         2246         6149            1            2
        1146         1146         2249         6155            1            2
        1149         1149         2252         6161            1            2
        1152         1152         2255         6167            1            2
        1155         1155         2258         6174            1            3
        1158         1158         2261         6183            1            3
        1161         1161         2268         6204            1            4
        1164         1164         2275         6227            3            3
        1167         1167         2284         6255            3            3
        1170         1170         2293         6282            3            3
        1173         1173         2302         6310            3            3
        1176         1176         2313         6339            2            3
        1179         1179         2316         6351            1            4
        1182         1182         2319         6357            1            2
        1185         1185         2322         6363            1            2
        1188         1188         2325         6370            1            3
        1191         1191         2334         6395            3            3
        1194         1194         2341         6419            1            4
        1197         1197         2346         6436            3            3
        1200         1200         2355         6466            3            3
        1203         1203         2364         6493            3            3
        1206         1206         2373         6523            3            3
        1209         1209         2382         6551            3            3
        1212         1212         2396         6590            4            3
        1215         1215         2404         6616            3            3
        1218         1218         2407         6622            1            2
        1221         1221         2410         6628            1            2
        1224         1224         2413         6635            1            3
        1227         1227         2420         6652            3            2
        1230         1230         2427         6673            1            3
        1233         1233         2434         6696            3            3
        1236         1236         2443         6726            3            3
        1239         1239         2452         6754            3            3
        1242         1242         2461         6784            3            3
        1245         1245         2470         6813            3            3
        1248         1248         2490         6867           12            2
        1251         1251         2525         6944            4            3
        1254         1254         2529         6953            1            2
        1257         1257         2532         6959            1            2
        1260         1260         2535         6965            1            2
        1263         1263         2538         6974            1            3
        1266         1266         2541         6983            1            3
        1269         1269         2546         6998            3            3
        1272         1272         2555         7025            3            3
        1275         1275         2564         7052            3            3
        1278         1278         2573         7079            3            3
        1281         1281         2582         7106            3            3
        1284         1284         2597         7146            9            2
        1287         1287         2601         7158            1            2
        1290         1290         2604         7164            1            2
        1293         1293         2607         7172            1            2
        1296         1296         2610         7178            1            2
        1299         1299         2613         7186            1            3
        1302         1302         2616         7195            1            3
        1305         1305         2619         7204            1            3
        1308         1308         2624         7218            3            3
        1311         1311         2633         7246            3            3
        1314         1314         2642         7275            3            3
        1317         1317         2649         7298            1            4
        1320         1320         2675         7363           14            2
        1323         1323         2682         7380            1            3
        1326         1326         2685         7387            1            3
        1329         1329         2688         7393            1            2
        1332         1332         2691         7399            1            2
        1335         1335         2694         7407            1            3
        1338         1338         2697         7416            1            3
        1341         1341         2700         7425            1            3
        1344         1344         2707         7446            3            3
        1347         1347         2716         7474            3            3
        1350         1350         2728         7509            4            3
        1353         1353         2737         7533            3            3
        1356         1356         2746         7560            3            3
        1359         1359         2749         7569            1            3
        1362         1362         2752         7578            1            3
        1365         1365         2755         7584            1            2
        1368         1368         2758         7590            1            2
        1371         1371         2761         7599            1            3
        1374         1374         2764         7608            1            3
        1377         1377         2771         7629            3            3
        1380         1380         2778         7652            3            3
        1383         1383         2790         7687            4            3
        1386         1386         2802         7716            4            2
        1389         1389         2806         7728            1            3
        1392         1392         2811         7743            3            3
        1395         1395         2818         7763            1            3
        1398         1398         2821         7771            1            2
        1401         1401         2824         7777            1            2
        1404         1404         2827         7783            1            2
        1407         1407         2830         7790            1            3
        1410         1410         2833         7799            1            3
        1413         1413         2836         7807            1            3
        1416         1416         2841         7820            3            2
        1419         1419         2853         7846            4            2
        1422         1422         2863         7867            2            2
        1425         1425         2866         7876            1            3
        1428         1428         2873         7893            3            2
        1431         1431         2888         7929            6            2
        1434         1434         2895         7945            1            3
        1437         1437         2898         7954            1            3
        1440         1440         2901         7963            1            3
        1443         1443         2904         7970            1            2
        1446         1446         2907         7976            1            2
        1449         1449         2910         7982            1            2
        1452         1452         2913         7988            1            2
        1455         1455         2916         7995            1            3
        1458         1458         2919         8003            1            2
        1461         1461         2922         8011            1            3
        1464         1464         2925         8017            1            2
        1467         1467         2928         8023            1            2
        1470         1470         2931         8030            1            2
        1473         1473         2934         8037            1            3
        1476         1476         2937         8045            1            3
        1479         1479         2944         8062            3            2
        1482         1482         2951         8078            1            2
        1485         1485         2954         8084            1            2
        1488         1488         2957         8092            1            3
        1491         1491         2960         8098            1            2
        1494         1494         2963         8104            1            2
        1497         1497         2966         8110            1            2
        1500         1500         2969         8116            1            2
        1503         1503         2972         8122            1            2
        1506         1506         2975         8128            1            2
        1509         1509         2978         8134            1            2
        1512         1512         2981         8140            1            2
        1515         1515         2984         8146            1            2
        1518         1518         2987         8152            1            2
        1521         1521         2990         8158            1            2
        1524         1524         2993         8165            1            2
        1527         1527         2996         8171            1            2
        1530         1530         2999         8177            1            2
        1533         1533         3002         8183            1            2
        1536         1536         3005         8189            1            2
        1539         1539         3008         8196            1            3
        1542         1542         3011         8202            1            2
        1545         1545         3014         8208            1            2
        1548         1548         3017         8215            1            3
        1551         1551         3020         8223            1            3
        1554         1554         3023         8231            1            2
        1557         1557         3026         8237            1            2
        1560         1560         3029         8243            1            2
        1563         1563         3032         8249            1            2
        1566         1566         3035         8258            1            3
        1569         1569         3038         8266            1            3
        1572         1572         3041         8275            1            3
        1575         1575         3044         8284            1            3
        1578         1578         3047         8293            1            3
        1581         1581         3050         8302            1            3
        1584         1584         3053         8311            1            3
        1587         1587         3062         8334            3            3
        1590         1590         3065         8341            1            2
        1593         1593         3068         8348            1            2
        1596         1596         3071         8357            1            3
        1599         1599         3074         8363            1            2
        1602         1602         3077         8369            1            2
        1605         1605         3080         8375            1            2
        1608         1608         3083         8381            1            2
        1611         1611         3086         8387            1            2
        1614         1614         3089         8395            1            3
        1617         1617         3092         8404            1            3
        1620         1620         3095         8413            1            3
        1623         1623         3098         8422            1            3
        1626         1626         3101         8431            1            3
        1629         1629         3108         8446            1            2
        1632         1632         3111         8454            1            3
        1635         1635         3114         8461            1            2
        1638         1638         3117         8467            1            2
        1641         1641         3120         8473            1            2
        1644         1644         3123         8481            1            3
        1647         1647         3126         8490            1            3
        1650         1650         3129         8499            1            3
        1653         1653         3132         8508            1            3
        1656         1656         3141         8532            3            2
        1659         1659         3144         8541            1            3
        1662         1662         3147         8550            1            3
        1665         1665         3152         8562            1            2
        1668         1668         3155         8568            1            2
        1671         1671         3158         8574            1            2
        1674         1674         3161         8580            1            2
        1677         1677         3164         8586            1            2
        1680         1680         3167         8592            1            2
        1683         1683         3170         8601            1            3
        1686         1686         3173         8610            1            3
        1689         1689         3176         8619            1            3
        1692         1692         3181         8632            3            2
        1695         1695         3188         8648            1            2
        1698         1698         3191         8655            1            2
        1701         1701         3194         8661            1            2
        1704         1704         3197         8668            1            2
        1707         1707         3200         8674            1            2
        1710         1710         3203         8682            1            3
        1713         1713         3206         8691            1            3
        1716         1716         3209         8700            1            3
        1719         1719         3212         8709            1            3
        1722         1722         3215         8718            1            3
        1725         1725         3222         8739            3            3
        1728         1728         3231         8766            3            3
        1731         1731         3238         8784            1            3
        1734         1734         3241         8793            1            3
        1737         1737         3244         8802            1            3
        1740         1740         3247         8809            1            2
        1743         1743         3250         8815            1            2
        1746         1746         3253         8821            1            2
        1749         1749         3256         8827            1            2
        1752         1752         3259         8836            1            3
        1755         1755         3266         8855            3            3
        1758         1758         3275         8880            3            3
        1761         1761         3284         8904            3            2
        1764         1764         3293         8927            3            2
        1767         1767         3302         8952            3            3
        1770         1770         3305         8959            1            2
        1773         1773         3308         8965            1            2
        1776         1776         3311         8971            1            2
        1779         1779         3314         8977            1            2
        1782         1782         3317         8984            1            3
        1785         1785         3320         8990            1            2
        1788         1788         3323         8998            1            3
        1791         1791         3326         9007            1            3
        1794         1794         3329         9016            1            3
        1797         1797         3338         9042            3            3
        1800         1800         3347         9069            3            3
        1803         1803         3356         9097            3            3
        1806         1806         3365         9122            3            2
        1809         1809         3368         9130            1            2
        1812         1812         3371         9136            1            2
        1815         1815         3374         9142            1            2
        1818         1818         3377         9148            1            2
        1821         1821         3380         9154            1            2
        1824         1824         3383         9160            1            2
        1827         1827         3386         9169            1            3
        1830         1830         3389         9178            1            3
        1833         1833         3392         9187            1            3
        1836         1836         3401         9208            3            2
        1839         1839         3410         9231            3            2
        1842         1842         3419         9252            3            2
        1845         1845         3428         9273            3            2
        1848         1848         3431         9280            1            2
        1851         1851         3434         9286            1            2
        1854         1854         3437         9292            1            2
        1857         1857         3440         9298            1            2
        1860         1860         3443         9304            1            2
        1863         1863         3446         9310            1            2
        1866         1866         3449         9318            1            3
        1869         1869         3452         9327            1            3
        1872         1872         3461         9348            3            2
        1875         1875         3470         9373            3            3
        1878         1878         3479         9398            3            3
        1881         1881         3488         9425            3            3
        1884         1884         3493         9437            1            2
        1887         1887         3496         9444            1            3
        1890         1890         3499         9451            1            2
        1893         1893         3502         9457            1            2
        1896         1896         3505         9463            1            2
        1899         1899         3508         9469            1            2
        1902         1902         3511         9475            1            2
        1905         1905         3514         9484            1            3
        1908         1908         3523         9508            3            3
        1911         1911         3532         9535            3            3
        1914         1914         3541         9558            3            3
        1917         1917         3550         9583            3            3
        1920         1920         3557         9604            1            3
        1923         1923         3560         9610            1            2
        1926         1926         3563         9616            1            2
        1929         1929         3566         9622            1            2
        1932         1932         3569         9628            1            2
        1935         1935         3572         9634            1            2
        1938         1938         3575         9641            1            3
        1941         1941         3578         9650            1            3
        1944         1944         3583         9663            3            2
        1947         1947         3592         9686            3            2
        1950         1950         3601         9710            3            2
        1953         1953         3606         9724            3            3
        1956         1956         3613         9741            1            3
        1959         1959         3616         9749            1            2
        1962         1962         3619         9755            1            2
        1965         1965         3622         9761            1            2
        1968         1968         3625         9767            1            2
        1971         1971         3628         9773            1            2
        1974         1974         3631         9779            1            2
        1977         1977         3634         9786            1            3
        1980         1980         3637         9795            1            3
        1983         1983         3640         9803            1            3
        1986         1986         3643         9811            1            2
        1989         1989         3646         9819            1            3
        1992         1992         3649         9826            1            2
        1995         1995         3652         9832            1            2
        1998         1998         3655         9838            1            2
        2001         2001         3658         9844            1            2
        2004         2004         3661         9850            1            2
        2007         2007         3664         9856            1            2
        2010         2010         3667         9862            1            2
        2013         2013         3670         9868            1            2
        2016         2016         3673         9874            1            2
        2019         2019         3676         9880            1            2
        2022         2022         3679         9886            1            2
        2025         2025         3682         9892            1            2
        2028         2028         3685         9898            1            2
        2031         2031         3688         9904            1            2
        2034         2034         3691         9910            1            2
        2037         2037         3694         9916            1            2
        2040         2040         3697         9922            1            2
        2043         2043         3700         9928            1            2
        2046         2046         3703         9934            1            2
        2049         2049         3706         9940            1            2
        2052         2052         3709         9946            1            2
        2055         2055         3712         9952            1            2
        2058         2058         3715         9960            1            2
        2061         2061         3718         9966            1            2
        2064         2064         3721         9973            1            2
        2067         2067         3724         9980            1            3
        2070         2070         3727         9986            1            2
        2073         2073         3730         9993            1            2
        2076         2076         3733         9999            1            2
        2079         2079         3736        10005            1            2
        2082         2082         3739        10011            1            2
        2085         2085         3742        10017            1            2
        2088         2088         3745        10023            1            2
        2091         2091         3748        10032            1            3
        2094         2094         3751        10041            1            3
        2097         2097         3754        10049            1            2
        2100         2100         3757        10055            1            2
        2103         2103         3760        10061            1            2
        2106         2106         3763        10067            1            2
        2109         2109         3766        10073            1            2
        2112         2112         3769        10079            1            2
        2115         2115         3772        10086            1            3
        2118         2118         3775        10094            1            2
        2121         2121         3778        10103            1            3
        2124         2124         3781        10112            1            3
        2127         2127         3784        10121            1            3
        2130         2130         3791        10138            3            2
        2133         2133         3798        10154            1            2
        2136         2136         3801        10160            1            2
        2139         2139         3804        10166            1            2
        2142         2142         3807        10172            1            2
        2145         2145         3810        10178            1            2
        2148         2148         3813        10186            1            2
        2151         2151         3816        10194            1            3
        2154         2154         3819        10203            1            3
        2157         2157         3822        10212            1            3
        2160         2160         3825        10221            1            3
        2163         2163         3828        10230            1            3
        2166         2166         3831        10239            1            3
        2169         2169         3834        10248            1            3
        2172         2172         3837        10255            1            2
        2175         2175         3840        10261            1            2
        2178         2178         3843        10267            1            2
        2181         2181         3846        10273            1            2
        2184         2184         3849        10279            1            2
        2187         2187         3852        10285            1            2
        2190         2190         3855        10292            1            3
        2193         2193         3858        10299            1            2
        2196         2196         3861        10308            1            3
        2199         2199         3864        10317            1            3
        2202         2202         3867        10326            1            3
        2205         2205         3870        10335            1            3
        2208         2208         3875        10350            3            3
        2211         2211         3882        10370            1            2
        2214         2214         3885        10376            1            2
        2217         2217         3888        10384            1            2
        2220         2220         3891        10390            1            2
        2223         2223         3894        10396            1            2
        2226         2226         3897        10402            1            2
        2229         2229         3900        10408            1            2
        2232         2232         3903        10414            1            2
        2235         2235         3906        10421            1            3
        2238         2238         3909        10427            1            2
        2241         2241         3912        10434            1            3
        2244         2244         3915        10441            1            2
        2247         2247         3918        10448            1            3
        2250         2250         3921        10456            1            2
        2253         2253         3924        10462            1            2
        2256         2256         3927        10468            1            2
        2259         2259         3930        10474            1            2
        2262         2262         3933        10480            1            2
        2265         2265         3936        10486            1            2
        2268         2268         3939        10492            1            2
        2271         2271         3942        10498            1            2
        2274         2274         3945        10505            1            3
        2277         2277         3948        10511            1            2
        2280         2280         3951        10517            1            2
        2283         2283         3954        10523            1            2
        2286         2286         3957        10530            1            2
        2289         2289         3960        10537            1            2
        2292         2292         3963        10546            1            3
        2295         2295         3966        10552            1            2
        2298         2298         3969        10558            1            2
        2301         2301         3972        10564            1            2
        2304         2304         3975        10570            1            2
        2307         2307         3978        10576            1            2
        2310         2310         3981        10582            1            2
        2313         2313         3984        10589            1            3
        2316         2316         3987        10597            1            2
        2319         2319         3990        10606            1            3
        2322         2322         3993        10615            1            3
        2325         2325         3996        10621            1            2
        2328         2328         3999        10627            1            2
        2331         2331         4002        10633            1            2
        2334         2334         4005        10639            1            2
        2337         2337         4008        10645            1            2
        2340         2340         4011        10651            1            2
        2343         2343         4014        10657            1            2
        2346         2346         4017        10663            1            2
        2349         2349         4020        10669            1            2
        2352         2352         4023        10675            1            2
        2355         2355         4026        10681            1            2
        2358         2358         4029        10687            1            2
        2361         2361         4032        10693            1            2
        2364         2364         4035        10699            1            2
        2367         2367         4038        10707            1            2
        2370         2370         4041        10713            1            2
        2373         2373         4044        10719            1            2
        2376         2376         4047        10725            1            2
        2379         2379         4050        10731            1            2
        2382         2382         4053        10737            1            2
        2385         2385         4056        10743            1            2
        2388         2388         4059        10749            1            2
        2391         2391         4062        10755            1            2
        2394         2394         4065        10761            1            2
        2397         2397         4068        10767            1            2
        2400         2400         4071        10773            1            2
        2403         2403         4074        10779            1            2
        2406         2406         4077        10785            1            2
        2409         2409         4080        10792            1            2
        2412         2412         4083        10799            1            3
        2415         2415         4086        10806            1            2
        2418         2418         4089        10813            1            2
        2421         2421         4092        10820            1            3
        2424         2424         4095        10826            1            2
        2427         2427         4098        10833            1            2
        2430         2430         4101        10842            1            3
        2433         2433         4104        10850            1            2
        2436         2436         4107        10856            1            2
        2439         2439         4110        10863            1            3
        2442         2442         4117        10880            3            2
        2445         2445         4122        10894            1            2
        2448         2448         4125        10900            1            2
        2451         2451         4128        10908            1            3
        2454         2454         4137        10929            3            2
        2457         2457         4140        10938            1            3
        2460         2460         4143        10947            1            3
        2463         2463         4146        10956            1            3
        2466         2466         4153        10977            3            3
        2469         2469         4158        10990            3            2
        2472         2472         4163        11003            3            2
        2475         2475         4172        11024            3            2
        2478         2478         4177        11036            1            2
        2481         2481         4180        11044            1            3
        2484         2484         4183        11053            1            3
        2487         2487         4186        11061            1            2
        2490         2490         4189        11067            1            2
        2493         2493         4192        11075            1            3
        2496         2496         4195        11084            1            3
        2499         2499         4198        11093            1            3
        2502         2502         4207        11116            3            2
        2505         2505         4216        11143            3            3
        2508         2508         4227        11171            5            2
        2511         2511         4233        11184            1            2
        2514         2514         4236        11190            1            2
        2517         2517         4239        11196            1            2
        2520         2520         4242        11205            1            3
        2523         2523         4245        11212            1            2
        2526         2526         4248        11220            1            3
        2529         2529         4251        11229            1            3
        2532         2532         4254        11238            1            3
        2535         2535         4263        11265            3            3
        2538         2538         4272        11286            3            2
        2541         2541         4275        11295            1            3
        2544         2544         4278        11304            1            3
        2547         2547         4281        11313            1            3
        2550         2550         4284        11319            1            2
        2553         2553         4287        11327            1            3
        2556         2556         4290        11335            1            2
        2559         2559         4293        11342            1            3
        2562         2562         4296        11350            1            2
        2565         2565         4299        11357            1            3
        2568         2568         4302        11365            1            3
        2571         2571         4305        11374            1            3
        2574         2574         4308        11383            1            3
        2577         2577         4311        11392            1            3
        2580         2580         4316        11406            3            3
        2583         2583         4325        11427            3            2
        2586         2586         4330        11440            3            2
        2589         2589         4335        11454            1            3
        2592         2592         4344        11475            3            2
        2595         2595         4347        11482            1            2
        2598         2598         4350        11490            1            2
        2601         2601         4353        11498            1            3
        2604         2604         4356        11507            1            3
        2607         2607         4359        11516            1            3
        2610         2610         4362        11525            1            3
        2613         2613         4371        11548            3            2
        2616         2616         4380        11570            3            2
        2619         2619         4383        11579            1            3
        2622         2622         4392        11600            3            2
        2625         2625         4397        11613            1            3
        2628         2628         4400        11619            1            2
        2631         2631         4403        11625            1            2
        2634         2634         4406        11632            1            3
        2637         2637         4409        11641            1            3
        2640         2640         4412        11650            1            3
        2643         2643         4415        11659            1            3
        2646         2646         4424        11686            3            3
        2649         2649         4433        11710            3            2
        2652         2652         4440        11727            1            3
        2655         2655         4443        11736            1            3
        2658         2658         4446        11745            1            3
        2661         2661         4449        11752            1            2
        2664         2664         4452        11758            1            2
        2667         2667         4455        11764            1            2
        2670         2670         4458        11771            1            3
        2673         2673         4463        11784            3            2
        2676         2676         4470        11803            1            3
        2679         2679         4475        11818            3            3
        2682         2682         4484        11841            3            2
        2685         2685         4493        11865            3            2
        2688         2688         4502        11886            3            2
        2691         2691         4515        11920            7            2
        2694         2694         4519        11930            1            3
        2697         2697         4522        11936            1            2
        2700         2700         4525        11942            1            2
        2703         2703         4528        11948            1            2
        2706         2706         4531        11954            1            2
        2709         2709         4534        11960            1            2
        2712         2712         4541        11977            1            3
        2715         2715         4546        11992            3            3
        2718         2718         4555        12016            3            3
        2721         2721         4564        12041            3            3
        2724         2724         4573        12065            3            3
        2727         2727         4582        12093            3            3
        2730         2730         4597        12128            3            2
        2733         2733         4601        12136            1            2
        2736         2736         4604        12142            1            2
        2739         2739         4607        12148            1            2
        2742         2742         4610        12154            1            2
        2745         2745         4613        12160            1            2
        2748         2748         4616        12166            1            2
        2751         2751         4619        12175            1            3
        2754         2754         4626        12192            3            2
        2757         2757         4635        12213            3            2
        2760         2760         4644        12236            3            2
        2763         2763         4653        12261            3            3
        2766         2766         4662        12283            3            2
        2769         2769         4667        12294            1            2
        2772         2772         4670        12300            1            2
        2775         2775         4673        12306            1            2
        2778         2778         4676        12312            1            2
        2781         2781         4679        12318            1            2
        2784         2784         4682        12324            1            2
        2787         2787         4685        12331            1            3
        2790         2790         4688        12340            1            3
        2793         2793         4691        12349            1            3
        2796         2796         4694        12358            1            3
        2799         2799         4697        12367            1            3
        2802         2802         4700        12375            1            2
        2805         2805         4703        12381            1            2
        2808         2808         4706        12387            1            2
        2811         2811         4709        12393            1            2
        2814         2814         4712        12399            1            2
        2817         2817         4715        12405            1            2
        2820         2820         4718        12412            1            3
        2823         2823         4721        12421            1            3
        2826         2826         4724        12430            1            3
        2829         2829         4727        12439            1            3
        2832         2832         4732        12454            3            3
        2835         2835         4741        12477            3            3
        2838         2838         4748        12495            1            3
        2841         2841         4751        12504            1            3
        2844         2844         4754        12513            1            3
        2847         2847         4757        12520            1            2
        2850         2850         4760        12526            1            2
        2853         2853         4763        12532            1            2
        2856         2856         4766        12538            1            2
        2859         2859         4769        12546            1            3
        2862         2862         4772        12555            1            3
        2865         2865         4775        12564            1            3
        2868         2868         4778        12573            1            3
        2871         2871         4787        12594            3            2
        2874         2874         4796        12616            3            3
        2877         2877         4799        12625            1            3
        2880         2880         4802        12634            1            3
        2883         2883         4805        12643            1            3
        2886         2886         4808        12649            1            2
        2889         2889         4811        12655            1            2
        2892         2892         4814        12661            1            2
        2895         2895         4817        12668            1            3
        2898         2898         4820        12676            1            3
        2901         2901         4823        12685            1            3
        2904         2904         4830        12702            3            2
        2907         2907         4839        12723            3            2
        2910         2910         4844        12736            1            3
        2913         2913         4847        12745            1            3
        2916         2916         4850        12754            1            3
        2919         2919         4853        12763            1            3
        2922         2922         4856        12769            1            2
        2925         2925         4859        12775            1            2
        2928         2928         4862        12781            1            2
        2931         2931         4865        12790            1            3
        2934         2934         4868        12799            1            3
        2937         2937         4871        12808            1            3
        2940         2940         4876        12821            3            2
        2943         2943         4883        12838            1            3
        2946         2946         4886        12847            1            3
        2949         2949         4889        12855            1            3
        2952         2952         4892        12864            1            3
        2955         2955         4895        12870            1            2
        2958         2958         4898        12876            1            2
        2961         2961         4901        12882            1            2
        2964         2964         4904        12888            1            2
        2967         2967         4907        12894            1            2
        2970         2970         4910        12901            1            2
        2973         2973         4913        12910            1            3
        2976         2976         4916        12918            1            3
        2979         2979         4919        12925            1            2
        2982         2982         4922        12934            1            3
        2985         2985         4925        12940            1            2
        2988         2988         4928        12946            1            2
        2991         2991         4931        12952            1            2
        2994         2994         4934        12958            1            2
        2997         2997         4937        12964            1            2
        3000         3000         4940        12970            1            2

 TOTAL NUMBER OF TIME-STEPS COMPLETED      =        3000
 TOTAL NUMBER OF LOAD-STEPS COMPLETED      =        3000
 TOTAL NUMBER OF SUB-STEPS  CONVERGED      =        4024
 TOTAL NUMBER OF SUB-STEPS  DISCARDED      =         916
 TOTAL NUMBER OF ITERATIONS PERFORMED      =       12970

 AVERAGE NUMBER OF SUB-STEPS PER LOAD-STEP =        1.65
 AVERAGE NUMBER OF ITERATIONS PER SUB-STEP =        2.63
 LENGTH OF AVERAGE  CONVERGED SUB-STEP (T) =    0.007455
 LENGTH OF SHORTEST ATTEMPTED SUB-STEP (T) =    0.000396


 N O N L I N E A R   S T A T I C   A N A L Y S I S                      23:01:27

 CASE: DEAD

 STARTING FROM ZERO (UNSTRESSED) INITIAL CONDITIONS

 LOAD CONTROL TYPE                         =       FORCE
 TYPE OF GEOMETRIC NONLINEARITY            =        NONE
 USE EVENT STEPPING                        =         YES
 USE ITERATION                             =         YES
 USE LINE SEARCH                           =          NO
 EVENT LUMPING TOLERANCE                   =    0.010000
 FORCE CONVERGENCE TOLERANCE (RELATIVE)    =    0.000100

 Negative iterations are Constant-Stiffness
 Positive iterations are Newton-Raphson

  Saved    Null   Total  Iteration   Relative  Curr Step   Curr Sum    Max Sum
  Steps   Steps   Steps  this Step  Unbalance       Size   of Steps   of Steps
 (    1      50     200     -10/40   1.000000   1.000000   1.000000   1.000000)

      0       0       1  Conv   -1   0.062010   1.000000   1.000000   1.000000

 ----------------------------------------
 BASIC STABILITY CHECK FOR FORCE-CONTROLLED NONLINEAR STATIC LOAD CASES:
    NUMBER OF NEGATIVE STIFFNESS EIGENVALUES SHOULD BE ZERO FOR STABILITY.
    (NOTE: FURTHER CHECKS SHOULD BE CONSIDERED AS DEEMED NECESSARY)

    NUMBER FOUND AT FINAL CONVERGED STATE  =           0,  OK.
 ----------------------------------------

 NUMBER OF STIFFNESS FORMATIONS/SOLUTIONS  =           2

 TIME FOR INITIALIZING ANALYSIS            =        0.00
 TIME FOR CONTROLLING ANALYSIS             =        0.02
 TIME FOR UPDATING LOADS AND STATE         =        0.00
 TIME FOR FORMING STIFFNESS MATRIX         =        0.00
 TIME FOR SOLVING STIFFNESS MATRIX         =        0.01
 TIME FOR CALCULATING DISPLACEMENTS        =        0.02
 TIME FOR DETERMINING EVENTS               =        0.00
 TIME FOR SAVING RESULTS                   =        0.13
                                               ----------
 TOTAL TIME FOR THIS ANALYSIS              =        0.18


 A N A L Y S I S   C O M P L E T E                          2022/12/31  23:01:29
