

 SAP2000 v22.0.0 Ultimate 64-bit (Analysis Build 9780/64)
 File: C:\Users\Amatek\Documen...n_dissipative_KBF\SAP2000 model\V3\KBF5 (1).LOG




 B E G I N   A N A L Y S I S                                2022/12/27  00:59:48


 RUNNING ANALYSIS WITHIN THE GUI PROCESS
 USING THE ADVANCED SOLVER (PROVIDES LIMITED INSTABILITY INFORMATION)

 NUMBER OF JOINTS                          =          59
    WITH RESTRAINTS                        =           4
 NUMBER OF FRAME/CABLE/TENDON ELEMENTS     =          60
 NUMBER OF LINK/SUPPORT ELEMENTS           =          20
 NUMBER OF LOAD PATTERNS                   =           2
 NUMBER OF ACCELERATION LOADS              =           9
 NUMBER OF LOAD CASES                      =           4

 ADDRESSABLE PHYSICAL MEMORY (RAM)         =       7.914 GB

 PARALLELIZATION OF ANALYSIS OPERATIONS:
 (Env. variable SAPFIRE_NUM_THREADS        =           0)
 NUMBER OF THREADS: STATE (AUTOMATIC)      =           4
 NUMBER OF THREADS: STIFFNESS (AUTOMATIC)  =           4
 NUMBER OF THREADS: EVENT (AUTOMATIC)      =           4
 NUMBER OF THREADS: MOVE (AUTOMATIC)       =           4
 NUMBER OF THREADS: RESPONSE (AUTOMATIC)   =           4
 NUMBER OF THREADS: SOLVE (AUTOMATIC)      =           4
 NUMBER OF THREADS: FORM (AUTOMATIC)       =           4


 E L E M E N T   F O R M A T I O N                                      00:59:48


 NUMBER OF COUPLED CONSTRAINT EQUATIONS    =         100
 REDUCTION OF CONSTRAINTS AND RESTRAINTS:
 NUMBER OF
   CONSTRAINT MASTER DOF BEFORE REDUCTION  =         135
   COUPLED CONSTRAINT/RESTRAINT MASTER DOF =          25
   CONSTRAINT MASTER DOF AFTER REDUCTION   =         110


 L I N E A R   E Q U A T I O N   S O L U T I O N                        00:59:48

 FORMING STIFFNESS AT ZERO (UNSTRESSED) INITIAL CONDITIONS

 TOTAL NUMBER OF EQUILIBRIUM EQUATIONS     =         125
 NUMBER OF NON-ZERO STIFFNESS TERMS        =         889

 ---------------------------------
 BASIC STABILITY CHECK FOR LINEAR LOAD CASES:
    NUMBER OF NEGATIVE STIFFNESS EIGENVALUES SHOULD BE ZERO FOR STABILITY.
    (NOTE: FURTHER CHECKS SHOULD BE CONSIDERED AS DEEMED NECESSARY,
     SUCH AS REVIEWING EIGEN MODES FOR MECHANISMS AND RIGID-BODY MOTION)

    NUMBER OF NEGATIVE EIGENVALUES         =           0,  OK.
 ---------------------------------


 L I N E A R   S T A T I C   C A S E S                                  00:59:48

 USING STIFFNESS AT ZERO (UNSTRESSED) INITIAL CONDITIONS

 TOTAL NUMBER OF CASES TO SOLVE            =           1
 NUMBER OF CASES TO SOLVE PER BLOCK        =           1

 LINEAR STATIC CASES TO BE SOLVED:

 CASE: LL


 E I G E N   M O D A L   A N A L Y S I S                                00:59:48

 CASE: MODAL

 USING STIFFNESS AT ZERO (UNSTRESSED) INITIAL CONDITIONS

 NUMBER OF STIFFNESS DEGREES OF FREEDOM    =         125
 NUMBER OF MASS DEGREES OF FREEDOM         =          90
 MAXIMUM NUMBER OF EIGEN MODES SOUGHT      =          12
 MINIMUM NUMBER OF EIGEN MODES SOUGHT      =           1
 NUMBER OF RESIDUAL-MASS MODES SOUGHT      =           0
 NUMBER OF SUBSPACE VECTORS USED           =          24
 RELATIVE CONVERGENCE TOLERANCE            =    1.00E-09

 FREQUENCY SHIFT  (CENTER) (CYC/TIME)      =     .000000
 FREQUENCY CUTOFF (RADIUS) (CYC/TIME)      =  -INFINITY-
 ALLOW AUTOMATIC FREQUENCY SHIFTING        =         YES


 Original stiffness at shift : EV= 0.0000000E+00, f=     .000000, T=  -INFINITY-
 Number of eigenvalues below shift =      0
 Found mode      1 of     12:  EV= 7.2509241E+01, f=    1.355242, T=    0.737876
 Found mode      2 of     12:  EV= 7.1734661E+02, f=    4.262699, T=    0.234593
 Found mode      3 of     12:  EV= 2.0983533E+03, f=    7.290536, T=    0.137164
 Found mode      4 of     12:  EV= 2.3310892E+03, f=    7.684216, T=    0.130137
 Found mode      5 of     12:  EV= 3.2611646E+03, f=    9.088799, T=    0.110026
 Found mode      6 of     12:  EV= 3.4185339E+03, f=    9.305508, T=    0.107463
 Found mode      7 of     12:  EV= 4.1097256E+03, f=   10.202968, T=    0.098011
 Found mode      8 of     12:  EV= 4.4643107E+03, f=   10.634017, T=    0.094038
 Found mode      9 of     12:  EV= 6.2357943E+03, f=   12.567996, T=    0.079567
 Found mode     10 of     12:  EV= 6.3435935E+03, f=   12.676163, T=    0.078888
 Found mode     11 of     12:  EV= 6.8686983E+03, f=   13.190381, T=    0.075813
 Found mode     12 of     12:  EV= 7.9127045E+03, f=   14.157371, T=    0.070635

 NUMBER OF EIGEN MODES FOUND               =          12
 NUMBER OF ITERATIONS PERFORMED            =           8
 NUMBER OF STIFFNESS SHIFTS                =           0


 N O N L I N E A R   M O D A L   H I S T O R Y   A N A L Y S I S        00:59:48

 CASE: ARTIF1
 ANALYSIS TYPE                             =   NONLINEAR
 STARTING FROM ZERO (UNSTRESSED) INITIAL CONDITIONS
 USING MODES FROM CASE: MODAL
 NUMBER OF DYNAMIC MODES TO BE USED        =          12
 NUMBER OF STATIC-LOAD MODES TO BE USED    =           1
 CONVERGENCE FACTOR                        =    1.000000
 FORCE  CONVERGENCE TOLERANCE              =    1.00E-05
 ENERGY CONVERGENCE TOLERANCE              =    1.00E-05
 MAXIMUM SUB-STEP LENGTH (TIME)            =    0.010000
 MINIMUM SUB-STEP LENGTH (TIME)            =    1.00E-11
 UPPER MAXIMUM NUMBER OF ITERATIONS        =         100
 LOWER MAXIMUM NUMBER OF ITERATIONS        =           2
 MODES ARE TREATED AS STATIC BELOW PERIOD  =    1.0E-101

 TOTAL HISTORY LENGTH (TIME)               =   30.000000
 LENGTH OF TIME-STEPS (TIME)               =    0.010000
 NUMBER OF TIME-STEPS TO BE INTEGRATED     =        3000



 * * * W A R N I N G * * *
 NON-ZERO TIME-HISTORY FUNCTION VALUES WILL BE IGNORED AT START OF LOAD CASE.

 TIME-HISTORY FUNCTIONS WITH A NON-ZERO VALUE AT START OF THE LOAD CASE:
    ARTIF1

 EFFECTIVE MODAL DAMPING RATIOS (CROSS-COUPLING TERMS ARE NEGLECTED)
       1    0.737876    0.050000
       2    0.234593    0.050000
       3    0.137164    0.050000
       4    0.130137    0.050000
       5    0.110026    0.050000
       6    0.107463    0.050000
       7    0.098011    0.050000
       8    0.094038    0.050000
       9    0.079567    0.050000
      10    0.078888    0.050000
      11    0.075813    0.050000
      12    0.070635    0.050000
   Time-step    Load-step     Sub-step    Iteration   Sub-steps/  Iterations/
      number       number       number       number    load-step     sub-step

           1            1            1            2            1            2
           3            3            3            6            1            2
           6            6            6           12            1            2
           9            9            9           18            1            2
          12           12           12           24            1            2
          15           15           15           30            1            2
          18           18           18           36            1            2
          21           21           21           42            1            2
          24           24           24           48            1            2
          27           27           27           54            1            2
          30           30           30           60            1            2
          33           33           33           66            1            2
          36           36           36           72            1            2
          39           39           39           78            1            2
          42           42           42           84            1            2
          45           45           45           90            1            2
          48           48           48           96            1            2
          51           51           51          104            1            3
          54           54           54          113            1            3
          57           57           57          121            1            3
          60           60           60          129            1            2
          63           63           63          135            1            2
          66           66           66          142            1            3
          69           69           69          148            1            2
          72           72           72          154            1            2
          75           75           75          160            1            2
          78           78           78          166            1            2
          81           81           81          173            1            2
          84           84           84          182            1            3
          87           87           87          191            1            3
          90           90           90          200            1            3
          93           93           93          209            1            3
          96           96           96          218            1            3
          99           99           99          227            1            3
         102          102          102          235            1            3
         105          105          105          242            1            2
         108          108          108          249            1            3
         111          111          111          256            1            2
         114          114          114          262            1            2
         117          117          117          268            1            2
         120          120          120          274            1            2
         123          123          123          280            1            2
         126          126          126          287            1            3
         129          129          129          295            1            2
         132          132          132          302            1            2
         135          135          135          311            1            3
         138          138          138          320            1            3
         141          141          141          327            1            2
         144          144          144          333            1            2
         147          147          147          339            1            2
         150          150          150          347            1            3
         153          153          153          356            1            3
         156          156          156          365            1            3
         159          159          159          374            1            3
         162          162          168          397            3            2
         165          165          171          406            1            3
         168          168          174          415            1            3
         171          171          177          424            1            3
         174          174          180          431            1            2
         177          177          183          438            1            3
         180          180          186          447            1            3
         183          183          189          457            1            4
         186          186          196          478            3            3
         189          189          205          507            3            3
         192          192          214          534            3            3
         195          195          223          558            3            2
         198          198          226          566            1            2
         201          201          229          572            1            2
         204          204          232          578            1            2
         207          207          235          584            1            2
         210          210          238          593            1            3
         213          213          243          608            3            3
         216          216          252          635            3            3
         219          219          261          662            3            3
         222          222          270          689            3            3
         225          225          279          719            3            3
         228          228          282          731            1            4
         231          231          285          739            1            2
         234          234          288          745            1            2
         237          237          291          754            1            3
         240          240          294          761            1            2
         243          243          297          770            1            3
         246          246          300          781            1            4
         249          249          307          803            1            4
         252          252          316          832            3            3
         255          255          325          860            3            3
         258          258          332          884            1            4
         261          261          341          914            5            3
         264          264          363          977            8            3
         267          267          381         1027            4            3
         270          270          405         1079            4            3
         273          273          409         1092            1            3
         276          276          412         1099            1            2
         279          279          415         1108            1            3
         282          282          418         1117            1            3
         285          285          421         1125            1            2
         288          288          430         1146            3            2
         291          291          439         1169            3            3
         294          294          448         1196            3            3
         297          297          460         1229            4            3
         300          300          470         1258            2            3
         303          303          477         1280            3            3
         306          306          490         1313            4            3
         309          309          504         1352            4            3
         312          312          508         1364            1            3
         315          315          511         1374            1            4
         318          318          514         1384            1            2
         321          321          517         1390            1            2
         324          324          520         1398            1            3
         327          327          523         1405            1            2
         330          330          526         1411            1            2
         333          333          529         1420            1            3
         336          336          536         1437            3            2
         339          339          545         1458            3            2
         342          342          552         1478            3            3
         345          345          561         1501            3            2
         348          348          566         1514            1            3
         351          351          578         1542            6            2
         354          354          596         1579            6            2
         357          357          603         1597            1            3
         360          360          606         1606            1            3
         363          363          609         1615            1            3
         366          366          612         1622            1            2
         369          369          615         1628            1            2
         372          372          618         1634            1            2
         375          375          621         1641            1            3
         378          378          624         1647            1            2
         381          381          627         1654            1            2
         384          384          630         1662            1            2
         387          387          633         1671            1            3
         390          390          647         1707            6            2
         393          393          656         1727            3            2
         396          396          659         1736            1            3
         399          399          666         1753            3            2
         402          402          675         1774            3            2
         405          405          684         1798            3            3
         408          408          698         1834            6            2
         411          411          714         1869            4            2
         414          414          718         1878            1            3
         417          417          721         1886            1            2
         420          420          724         1892            1            2
         423          423          727         1899            1            3
         426          426          730         1906            1            2
         429          429          733         1915            1            3
         432          432          736         1923            1            3
         435          435          741         1937            3            3
         438          438          750         1958            3            2
         441          441          755         1968            1            2
         444          444          758         1974            1            2
         447          447          761         1982            1            2
         450          450          764         1988            1            2
         453          453          767         1994            1            2
         456          456          770         2001            1            3
         459          459          773         2010            1            3
         462          462          778         2025            3            3
         465          465          787         2049            3            2
         468          468          796         2075            3            3
         471          471          809         2109            7            2
         474          474          845         2195           10            3
         477          477          849         2204            1            2
         480          480          852         2211            1            3
         483          483          855         2219            1            3
         486          486          858         2228            1            3
         489          489          861         2237            1            3
         492          492          868         2258            3            3
         495          495          877         2285            3            3
         498          498          886         2312            3            3
         501          501          899         2351            7            3
         504          504          929         2420            5            2
         507          507          933         2428            1            2
         510          510          936         2434            1            2
         513          513          939         2440            1            2
         516          516          942         2446            1            2
         519          519          945         2455            1            3
         522          522          948         2464            1            3
         525          525          951         2474            1            4
         528          528          958         2495            3            3
         531          531          967         2522            3            3
         534          534          976         2549            3            3
         537          537          983         2572            3            3
         540          540          998         2617            4            3
         543          543         1005         2636            1            2
         546          546         1008         2642            1            2
         549          549         1011         2648            1            2
         552          552         1014         2654            1            2
         555          555         1017         2663            1            3
         558          558         1024         2683            3            3
         561          561         1033         2710            3            3
         564          564         1036         2721            1            4
         567          567         1039         2732            1            3
         570          570         1048         2761            3            3
         573          573         1057         2790            3            3
         576          576         1066         2819            3            3
         579          579         1084         2864           10            2
         582          582         1090         2880            1            3
         585          585         1093         2886            1            2
         588          588         1096         2892            1            2
         591          591         1099         2898            1            2
         594          594         1102         2904            1            2
         597          597         1105         2912            1            3
         600          600         1110         2926            3            3
         603          603         1119         2952            3            3
         606          606         1128         2979            3            3
         609          609         1137         3006            3            3
         612          612         1146         3036            3            3
         615          615         1158         3073            4            3
         618          618         1165         3090            1            3
         621          621         1168         3097            1            3
         624          624         1171         3105            1            2
         627          627         1174         3111            1            2
         630          630         1177         3117            1            2
         633          633         1180         3124            1            3
         636          636         1183         3133            1            3
         639          639         1192         3160            3            3
         642          642         1201         3189            3            3
         645          645         1210         3217            3            3
         648          648         1219         3245            3            3
         651          651         1228         3274            3            3
         654          654         1237         3298            3            2
         657          657         1240         3304            1            2
         660          660         1243         3310            1            2
         663          663         1246         3316            1            2
         666          666         1249         3322            1            2
         669          669         1252         3329            1            3
         672          672         1257         3342            3            2
         675          675         1266         3367            3            3
         678          678         1275         3394            3            3
         681          681         1284         3417            3            3
         684          684         1293         3444            3            3
         687          687         1302         3470            3            3
         690          690         1309         3489            1            3
         693          693         1312         3495            1            2
         696          696         1315         3501            1            2
         699          699         1318         3509            1            3
         702          702         1321         3515            1            2
         705          705         1324         3522            1            3
         708          708         1327         3531            1            3
         711          711         1332         3546            3            3
         714          714         1341         3573            3            3
         717          717         1350         3600            3            3
         720          720         1359         3627            3            3
         723          723         1368         3655            3            3
         726          726         1375         3676            1            3
         729          729         1378         3683            1            2
         732          732         1381         3692            1            3
         735          735         1384         3698            1            2
         738          738         1387         3704            1            2
         741          741         1390         3710            1            2
         744          744         1393         3718            1            3
         747          747         1396         3727            1            3
         750          750         1405         3754            3            3
         753          753         1414         3779            3            3
         756          756         1423         3806            3            3
         759          759         1432         3833            3            3
         762          762         1437         3844            1            2
         765          765         1440         3850            1            2
         768          768         1443         3856            1            2
         771          771         1446         3862            1            2
         774          774         1449         3868            1            2
         777          777         1452         3874            1            2
         780          780         1455         3882            1            3
         783          783         1458         3891            1            3
         786          786         1465         3912            3            3
         789          789         1474         3938            3            3
         792          792         1483         3963            3            2
         795          795         1492         3988            3            3
         798          798         1497         4001            1            3
         801          801         1500         4007            1            2
         804          804         1503         4015            1            2
         807          807         1506         4021            1            2
         810          810         1509         4027            1            2
         813          813         1512         4033            1            2
         816          816         1515         4042            1            3
         819          819         1520         4057            3            3
         822          822         1529         4081            3            3
         825          825         1538         4106            3            2
         828          828         1547         4131            3            3
         831          831         1556         4159            3            3
         834          834         1565         4183            3            2
         837          837         1570         4194            1            2
         840          840         1573         4200            1            2
         843          843         1576         4206            1            2
         846          846         1579         4212            1            2
         849          849         1582         4218            1            2
         852          852         1585         4225            1            3
         855          855         1590         4238            3            2
         858          858         1599         4259            3            2
         861          861         1608         4280            3            2
         864          864         1617         4301            3            2
         867          867         1626         4327            3            3
         870          870         1633         4348            1            3
         873          873         1636         4355            1            2
         876          876         1639         4361            1            2
         879          879         1642         4367            1            2
         882          882         1645         4373            1            2
         885          885         1648         4382            1            3
         888          888         1651         4390            1            3
         891          891         1654         4399            1            3
         894          894         1657         4408            1            3
         897          897         1660         4417            1            3
         900          900         1665         4432            3            3
         903          903         1674         4459            3            3
         906          906         1683         4488            3            3
         909          909         1690         4507            3            3
         912          912         1693         4516            1            3
         915          915         1696         4525            1            2
         918          918         1699         4531            1            2
         921          921         1702         4538            1            2
         924          924         1705         4547            1            3
         927          927         1708         4556            1            3
         930          930         1711         4565            1            3
         933          933         1720         4592            3            3
         936          936         1729         4618            3            3
         939          939         1734         4633            3            3
         942          942         1743         4657            3            3
         945          945         1746         4666            1            3
         948          948         1749         4675            1            3
         951          951         1752         4684            1            3
         954          954         1755         4692            1            2
         957          957         1758         4699            1            3
         960          960         1761         4706            1            2
         963          963         1764         4715            1            3
         966          966         1767         4724            1            3
         969          969         1774         4745            3            3
         972          972         1783         4770            3            3
         975          975         1792         4794            3            3
         978          978         1797         4807            3            2
         981          981         1812         4838            2            2
         984          984         1815         4847            1            3
         987          987         1818         4853            1            2
         990          990         1821         4859            1            2
         993          993         1824         4866            1            3
         996          996         1827         4873            1            2
         999          999         1830         4879            1            2
        1002         1002         1833         4888            1            3
        1005         1005         1836         4897            1            3
        1008         1008         1839         4906            1            3
        1011         1011         1842         4915            1            3
        1014         1014         1845         4924            1            3
        1017         1017         1848         4934            1            4
        1020         1020         1851         4943            1            3
        1023         1023         1862         4968            5            2
        1026         1026         1866         4976            1            2
        1029         1029         1869         4984            1            2
        1032         1032         1872         4993            1            3
        1035         1035         1875         5000            1            2
        1038         1038         1878         5006            1            2
        1041         1041         1881         5014            1            3
        1044         1044         1884         5023            1            3
        1047         1047         1891         5044            3            3
        1050         1050         1900         5071            3            3
        1053         1053         1907         5092            1            3
        1056         1056         1912         5105            3            2
        1059         1059         1921         5132            3            3
        1062         1062         1929         5153            1            3
        1065         1065         1932         5162            1            3
        1068         1068         1935         5171            1            3
        1071         1071         1938         5178            1            2
        1074         1074         1941         5184            1            2
        1077         1077         1944         5193            1            3
        1080         1080         1947         5200            1            2
        1083         1083         1950         5208            1            3
        1086         1086         1953         5217            1            3
        1089         1089         1956         5226            1            3
        1092         1092         1961         5241            3            3
        1095         1095         1970         5266            3            2
        1098         1098         1977         5286            1            3
        1101         1101         1984         5305            3            2
        1104         1104         1989         5318            1            2
        1107         1107         1992         5324            1            2
        1110         1110         1995         5330            1            2
        1113         1113         1998         5336            1            2
        1116         1116         2001         5342            1            2
        1119         1119         2004         5349            1            3
        1122         1122         2007         5358            1            3
        1125         1125         2010         5367            1            3
        1128         1128         2013         5376            1            3
        1131         1131         2020         5397            3            3
        1134         1134         2029         5422            3            3
        1137         1137         2038         5445            3            2
        1140         1140         2043         5458            1            3
        1143         1143         2046         5465            1            2
        1146         1146         2049         5471            1            2
        1149         1149         2052         5477            1            2
        1152         1152         2055         5483            1            2
        1155         1155         2058         5490            1            3
        1158         1158         2061         5499            1            3
        1161         1161         2064         5509            1            4
        1164         1164         2071         5531            3            3
        1167         1167         2080         5559            3            3
        1170         1170         2089         5586            3            3
        1173         1173         2098         5614            3            3
        1176         1176         2108         5640            1            4
        1179         1179         2111         5650            1            2
        1182         1182         2114         5656            1            2
        1185         1185         2117         5662            1            2
        1188         1188         2120         5669            1            3
        1191         1191         2123         5678            1            3
        1194         1194         2128         5695            3            3
        1197         1197         2137         5723            3            3
        1200         1200         2146         5753            3            3
        1203         1203         2155         5781            3            3
        1206         1206         2164         5810            3            3
        1209         1209         2173         5838            3            3
        1212         1212         2184         5868            2            3
        1215         1215         2189         5886            1            4
        1218         1218         2192         5892            1            2
        1221         1221         2195         5898            1            2
        1224         1224         2198         5905            1            3
        1227         1227         2201         5914            1            3
        1230         1230         2206         5929            3            3
        1233         1233         2215         5956            3            3
        1236         1236         2224         5986            3            3
        1239         1239         2233         6014            3            3
        1242         1242         2242         6044            3            3
        1245         1245         2251         6073            3            3
        1248         1248         2281         6146           18            2
        1251         1251         2292         6174            1            2
        1254         1254         2295         6180            1            2
        1257         1257         2298         6186            1            2
        1260         1260         2301         6192            1            2
        1263         1263         2304         6200            1            3
        1266         1266         2309         6214            3            3
        1269         1269         2318         6241            3            3
        1272         1272         2327         6268            3            3
        1275         1275         2336         6295            3            3
        1278         1278         2345         6322            3            3
        1281         1281         2354         6348            3            3
        1284         1284         2366         6382            4            3
        1287         1287         2370         6391            1            2
        1290         1290         2373         6398            1            3
        1293         1293         2376         6406            1            2
        1296         1296         2379         6412            1            2
        1299         1299         2382         6420            1            3
        1302         1302         2385         6429            1            3
        1305         1305         2388         6438            1            3
        1308         1308         2395         6459            3            3
        1311         1311         2404         6487            3            3
        1314         1314         2413         6516            3            3
        1317         1317         2418         6533            1            4
        1320         1320         2433         6573            2            3
        1323         1323         2436         6582            1            3
        1326         1326         2439         6590            1            3
        1329         1329         2442         6596            1            2
        1332         1332         2445         6602            1            2
        1335         1335         2448         6609            1            3
        1338         1338         2451         6618            1            3
        1341         1341         2454         6627            1            3
        1344         1344         2461         6648            3            3
        1347         1347         2470         6675            3            3
        1350         1350         2479         6702            3            3
        1353         1353         2486         6723            1            3
        1356         1356         2493         6744            1            3
        1359         1359         2496         6752            1            2
        1362         1362         2499         6760            1            2
        1365         1365         2502         6766            1            2
        1368         1368         2505         6772            1            2
        1371         1371         2508         6781            1            3
        1374         1374         2515         6800            3            2
        1377         1377         2518         6809            1            3
        1380         1380         2525         6830            3            3
        1383         1383         2534         6858            3            3
        1386         1386         2543         6884            3            3
        1389         1389         2546         6893            1            3
        1392         1392         2551         6908            3            3
        1395         1395         2554         6917            1            3
        1398         1398         2557         6926            1            2
        1401         1401         2560         6932            1            2
        1404         1404         2563         6938            1            2
        1407         1407         2566         6945            1            3
        1410         1410         2569         6954            1            3
        1413         1413         2572         6963            1            3
        1416         1416         2577         6976            3            2
        1419         1419         2586         6997            3            2
        1422         1422         2595         7018            3            2
        1425         1425         2598         7027            1            3
        1428         1428         2609         7053            7            2
        1431         1431         2631         7101            6            2
        1434         1434         2635         7110            1            2
        1437         1437         2638         7118            1            3
        1440         1440         2641         7126            1            2
        1443         1443         2644         7133            1            2
        1446         1446         2647         7139            1            2
        1449         1449         2650         7145            1            2
        1452         1452         2653         7151            1            2
        1455         1455         2656         7157            1            2
        1458         1458         2659         7164            1            2
        1461         1461         2662         7173            1            3
        1464         1464         2667         7186            3            2
        1467         1467         2672         7198            1            3
        1470         1470         2675         7205            1            2
        1473         1473         2678         7212            1            3
        1476         1476         2681         7220            1            3
        1479         1479         2684         7229            1            3
        1482         1482         2687         7237            1            2
        1485         1485         2690         7244            1            2
        1488         1488         2693         7252            1            3
        1491         1491         2696         7259            1            2
        1494         1494         2699         7267            1            3
        1497         1497         2702         7274            1            2
        1500         1500         2705         7280            1            2
        1503         1503         2708         7286            1            2
        1506         1506         2711         7292            1            2
        1509         1509         2714         7298            1            2
        1512         1512         2717         7304            1            2
        1515         1515         2720         7310            1            2
        1518         1518         2723         7316            1            2
        1521         1521         2726         7322            1            2
        1524         1524         2729         7328            1            2
        1527         1527         2732         7335            1            3
        1530         1530         2735         7341            1            2
        1533         1533         2738         7347            1            2
        1536         1536         2741         7353            1            2
        1539         1539         2744         7360            1            3
        1542         1542         2747         7367            1            2
        1545         1545         2750         7373            1            2
        1548         1548         2753         7379            1            2
        1551         1551         2756         7386            1            3
        1554         1554         2759         7394            1            2
        1557         1557         2762         7400            1            2
        1560         1560         2765         7406            1            2
        1563         1563         2768         7413            1            3
        1566         1566         2771         7422            1            3
        1569         1569         2774         7430            1            3
        1572         1572         2777         7439            1            3
        1575         1575         2780         7448            1            3
        1578         1578         2783         7457            1            3
        1581         1581         2786         7466            1            3
        1584         1584         2789         7475            1            3
        1587         1587         2792         7483            1            2
        1590         1590         2795         7490            1            2
        1593         1593         2798         7496            1            2
        1596         1596         2801         7505            1            3
        1599         1599         2804         7511            1            2
        1602         1602         2807         7517            1            2
        1605         1605         2810         7523            1            2
        1608         1608         2813         7531            1            3
        1611         1611         2816         7538            1            2
        1614         1614         2819         7547            1            3
        1617         1617         2822         7556            1            3
        1620         1620         2825         7565            1            3
        1623         1623         2828         7574            1            3
        1626         1626         2833         7587            3            2
        1629         1629         2838         7597            1            2
        1632         1632         2841         7605            1            3
        1635         1635         2844         7611            1            2
        1638         1638         2847         7617            1            2
        1641         1641         2850         7623            1            2
        1644         1644         2853         7632            1            3
        1647         1647         2856         7641            1            3
        1650         1650         2859         7650            1            3
        1653         1653         2862         7659            1            3
        1656         1656         2865         7667            1            2
        1659         1659         2868         7676            1            3
        1662         1662         2871         7685            1            3
        1665         1665         2874         7693            1            2
        1668         1668         2877         7699            1            2
        1671         1671         2880         7705            1            2
        1674         1674         2883         7711            1            2
        1677         1677         2886         7717            1            2
        1680         1680         2889         7724            1            3
        1683         1683         2892         7733            1            3
        1686         1686         2895         7742            1            3
        1689         1689         2898         7751            1            3
        1692         1692         2901         7760            1            3
        1695         1695         2904         7768            1            2
        1698         1698         2907         7775            1            2
        1701         1701         2910         7781            1            2
        1704         1704         2913         7789            1            3
        1707         1707         2916         7795            1            2
        1710         1710         2919         7803            1            3
        1713         1713         2922         7812            1            3
        1716         1716         2925         7821            1            3
        1719         1719         2928         7830            1            3
        1722         1722         2931         7839            1            3
        1725         1725         2936         7854            3            3
        1728         1728         2945         7878            3            2
        1731         1731         2950         7891            1            3
        1734         1734         2953         7900            1            3
        1737         1737         2956         7909            1            3
        1740         1740         2959         7916            1            2
        1743         1743         2962         7922            1            2
        1746         1746         2965         7928            1            2
        1749         1749         2968         7934            1            2
        1752         1752         2971         7943            1            3
        1755         1755         2976         7958            3            3
        1758         1758         2985         7982            3            3
        1761         1761         2994         8007            3            3
        1764         1764         3003         8029            3            2
        1767         1767         3012         8054            3            3
        1770         1770         3015         8060            1            2
        1773         1773         3018         8066            1            2
        1776         1776         3021         8072            1            2
        1779         1779         3024         8078            1            2
        1782         1782         3027         8084            1            2
        1785         1785         3030         8090            1            2
        1788         1788         3033         8098            1            3
        1791         1791         3036         8107            1            3
        1794         1794         3039         8116            1            3
        1797         1797         3044         8131            3            3
        1800         1800         3053         8157            3            3
        1803         1803         3062         8184            3            3
        1806         1806         3069         8204            1            3
        1809         1809         3072         8211            1            2
        1812         1812         3075         8217            1            2
        1815         1815         3078         8223            1            2
        1818         1818         3081         8229            1            2
        1821         1821         3084         8235            1            2
        1824         1824         3087         8241            1            2
        1827         1827         3090         8250            1            3
        1830         1830         3093         8259            1            3
        1833         1833         3096         8268            1            3
        1836         1836         3099         8277            1            3
        1839         1839         3108         8298            3            2
        1842         1842         3117         8319            3            2
        1845         1845         3122         8332            1            3
        1848         1848         3125         8338            1            2
        1851         1851         3128         8344            1            2
        1854         1854         3131         8350            1            2
        1857         1857         3134         8356            1            2
        1860         1860         3137         8362            1            2
        1863         1863         3140         8368            1            2
        1866         1866         3143         8376            1            3
        1869         1869         3146         8385            1            3
        1872         1872         3151         8398            3            2
        1875         1875         3160         8419            3            2
        1878         1878         3169         8441            3            2
        1881         1881         3178         8468            3            3
        1884         1884         3181         8475            1            2
        1887         1887         3184         8481            1            2
        1890         1890         3187         8487            1            2
        1893         1893         3190         8493            1            2
        1896         1896         3193         8499            1            2
        1899         1899         3196         8505            1            2
        1902         1902         3199         8511            1            2
        1905         1905         3202         8520            1            3
        1908         1908         3205         8529            1            3
        1911         1911         3208         8538            1            3
        1914         1914         3211         8547            1            3
        1917         1917         3218         8566            3            2
        1920         1920         3228         8590            1            3
        1923         1923         3231         8596            1            2
        1926         1926         3234         8602            1            2
        1929         1929         3237         8608            1            2
        1932         1932         3240         8614            1            2
        1935         1935         3243         8620            1            2
        1938         1938         3246         8628            1            3
        1941         1941         3249         8637            1            3
        1944         1944         3252         8646            1            3
        1947         1947         3255         8655            1            3
        1950         1950         3258         8664            1            3
        1953         1953         3263         8677            3            2
        1956         1956         3268         8690            1            3
        1959         1959         3271         8697            1            2
        1962         1962         3274         8703            1            2
        1965         1965         3277         8709            1            2
        1968         1968         3280         8715            1            2
        1971         1971         3283         8721            1            2
        1974         1974         3286         8727            1            2
        1977         1977         3289         8734            1            3
        1980         1980         3292         8743            1            3
        1983         1983         3295         8750            1            2
        1986         1986         3298         8758            1            2
        1989         1989         3301         8765            1            3
        1992         1992         3304         8772            1            2
        1995         1995         3307         8778            1            2
        1998         1998         3310         8784            1            2
        2001         2001         3313         8790            1            2
        2004         2004         3316         8796            1            2
        2007         2007         3319         8802            1            2
        2010         2010         3322         8808            1            2
        2013         2013         3325         8814            1            2
        2016         2016         3328         8820            1            2
        2019         2019         3331         8826            1            2
        2022         2022         3334         8832            1            2
        2025         2025         3337         8838            1            2
        2028         2028         3340         8844            1            2
        2031         2031         3343         8850            1            2
        2034         2034         3346         8856            1            2
        2037         2037         3349         8862            1            2
        2040         2040         3352         8868            1            2
        2043         2043         3355         8874            1            2
        2046         2046         3358         8880            1            2
        2049         2049         3361         8886            1            2
        2052         2052         3364         8892            1            2
        2055         2055         3367         8898            1            2
        2058         2058         3370         8906            1            2
        2061         2061         3373         8912            1            2
        2064         2064         3376         8919            1            2
        2067         2067         3379         8925            1            2
        2070         2070         3382         8931            1            2
        2073         2073         3385         8937            1            2
        2076         2076         3388         8943            1            2
        2079         2079         3391         8949            1            2
        2082         2082         3394         8955            1            2
        2085         2085         3397         8961            1            2
        2088         2088         3400         8967            1            2
        2091         2091         3403         8976            1            3
        2094         2094         3406         8985            1            3
        2097         2097         3409         8993            1            2
        2100         2100         3412         8999            1            2
        2103         2103         3415         9005            1            2
        2106         2106         3418         9011            1            2
        2109         2109         3421         9017            1            2
        2112         2112         3424         9023            1            2
        2115         2115         3427         9029            1            2
        2118         2118         3430         9035            1            2
        2121         2121         3433         9043            1            3
        2124         2124         3436         9052            1            3
        2127         2127         3439         9061            1            3
        2130         2130         3446         9078            3            2
        2133         2133         3451         9090            1            2
        2136         2136         3454         9096            1            2
        2139         2139         3457         9102            1            2
        2142         2142         3460         9108            1            2
        2145         2145         3463         9114            1            2
        2148         2148         3466         9122            1            2
        2151         2151         3469         9130            1            3
        2154         2154         3472         9139            1            3
        2157         2157         3475         9148            1            3
        2160         2160         3478         9157            1            3
        2163         2163         3481         9166            1            3
        2166         2166         3484         9175            1            3
        2169         2169         3487         9183            1            2
        2172         2172         3490         9189            1            2
        2175         2175         3493         9195            1            2
        2178         2178         3496         9201            1            2
        2181         2181         3499         9207            1            2
        2184         2184         3502         9213            1            2
        2187         2187         3505         9219            1            2
        2190         2190         3508         9225            1            2
        2193         2193         3511         9231            1            2
        2196         2196         3514         9240            1            3
        2199         2199         3517         9249            1            3
        2202         2202         3520         9258            1            3
        2205         2205         3523         9267            1            3
        2208         2208         3526         9276            1            3
        2211         2211         3529         9284            1            2
        2214         2214         3532         9291            1            3
        2217         2217         3535         9299            1            2
        2220         2220         3538         9305            1            2
        2223         2223         3541         9311            1            2
        2226         2226         3544         9317            1            2
        2229         2229         3547         9323            1            2
        2232         2232         3550         9329            1            2
        2235         2235         3553         9335            1            2
        2238         2238         3556         9341            1            2
        2241         2241         3559         9347            1            2
        2244         2244         3562         9353            1            2
        2247         2247         3565         9360            1            3
        2250         2250         3568         9368            1            2
        2253         2253         3571         9374            1            2
        2256         2256         3574         9380            1            2
        2259         2259         3577         9386            1            2
        2262         2262         3580         9392            1            2
        2265         2265         3583         9398            1            2
        2268         2268         3586         9404            1            2
        2271         2271         3589         9410            1            2
        2274         2274         3592         9416            1            2
        2277         2277         3595         9422            1            2
        2280         2280         3598         9428            1            2
        2283         2283         3601         9434            1            2
        2286         2286         3604         9443            1            3
        2289         2289         3607         9449            1            2
        2292         2292         3610         9457            1            3
        2295         2295         3613         9463            1            2
        2298         2298         3616         9469            1            2
        2301         2301         3619         9475            1            2
        2304         2304         3622         9481            1            2
        2307         2307         3625         9487            1            2
        2310         2310         3628         9494            1            2
        2313         2313         3631         9501            1            3
        2316         2316         3634         9508            1            2
        2319         2319         3637         9517            1            3
        2322         2322         3640         9525            1            3
        2325         2325         3643         9531            1            2
        2328         2328         3646         9537            1            2
        2331         2331         3649         9543            1            2
        2334         2334         3652         9549            1            2
        2337         2337         3655         9555            1            2
        2340         2340         3658         9561            1            2
        2343         2343         3661         9567            1            2
        2346         2346         3664         9573            1            2
        2349         2349         3667         9579            1            2
        2352         2352         3670         9585            1            2
        2355         2355         3673         9591            1            2
        2358         2358         3676         9597            1            2
        2361         2361         3679         9603            1            2
        2364         2364         3682         9609            1            2
        2367         2367         3685         9617            1            2
        2370         2370         3688         9623            1            2
        2373         2373         3691         9629            1            2
        2376         2376         3694         9635            1            2
        2379         2379         3697         9641            1            2
        2382         2382         3700         9647            1            2
        2385         2385         3703         9653            1            2
        2388         2388         3706         9659            1            2
        2391         2391         3709         9665            1            2
        2394         2394         3712         9671            1            2
        2397         2397         3715         9677            1            2
        2400         2400         3718         9683            1            2
        2403         2403         3721         9689            1            2
        2406         2406         3724         9695            1            2
        2409         2409         3727         9701            1            2
        2412         2412         3730         9707            1            2
        2415         2415         3733         9713            1            2
        2418         2418         3736         9719            1            2
        2421         2421         3739         9725            1            2
        2424         2424         3742         9731            1            2
        2427         2427         3745         9737            1            2
        2430         2430         3748         9746            1            3
        2433         2433         3751         9754            1            2
        2436         2436         3754         9760            1            2
        2439         2439         3757         9767            1            3
        2442         2442         3760         9776            1            3
        2445         2445         3765         9790            1            2
        2448         2448         3768         9796            1            2
        2451         2451         3771         9802            1            2
        2454         2454         3774         9811            1            3
        2457         2457         3777         9820            1            3
        2460         2460         3780         9829            1            3
        2463         2463         3783         9838            1            3
        2466         2466         3786         9847            1            3
        2469         2469         3789         9856            1            3
        2472         2472         3792         9865            1            3
        2475         2475         3801         9886            3            2
        2478         2478         3806         9898            1            2
        2481         2481         3809         9906            1            3
        2484         2484         3812         9915            1            3
        2487         2487         3815         9922            1            2
        2490         2490         3818         9928            1            2
        2493         2493         3821         9936            1            3
        2496         2496         3824         9945            1            3
        2499         2499         3827         9954            1            3
        2502         2502         3830         9963            1            3
        2505         2505         3833         9972            1            3
        2508         2508         3836         9981            1            3
        2511         2511         3839         9989            1            2
        2514         2514         3842         9995            1            2
        2517         2517         3845        10001            1            2
        2520         2520         3848        10009            1            3
        2523         2523         3851        10015            1            2
        2526         2526         3854        10022            1            3
        2529         2529         3857        10031            1            3
        2532         2532         3860        10040            1            3
        2535         2535         3867        10057            3            2
        2538         2538         3874        10074            1            3
        2541         2541         3877        10083            1            3
        2544         2544         3880        10092            1            3
        2547         2547         3883        10101            1            3
        2550         2550         3886        10107            1            2
        2553         2553         3889        10115            1            3
        2556         2556         3892        10122            1            2
        2559         2559         3895        10129            1            3
        2562         2562         3898        10137            1            2
        2565         2565         3901        10143            1            2
        2568         2568         3904        10151            1            3
        2571         2571         3907        10159            1            3
        2574         2574         3910        10168            1            3
        2577         2577         3913        10177            1            3
        2580         2580         3916        10186            1            3
        2583         2583         3919        10195            1            3
        2586         2586         3924        10208            3            2
        2589         2589         3929        10221            1            3
        2592         2592         3932        10230            1            3
        2595         2595         3935        10237            1            2
        2598         2598         3938        10244            1            2
        2601         2601         3941        10252            1            3
        2604         2604         3944        10260            1            3
        2607         2607         3947        10269            1            3
        2610         2610         3950        10278            1            3
        2613         2613         3957        10295            3            2
        2616         2616         3964        10312            1            3
        2619         2619         3967        10321            1            3
        2622         2622         3976        10342            3            2
        2625         2625         3979        10351            1            3
        2628         2628         3982        10357            1            2
        2631         2631         3985        10363            1            2
        2634         2634         3988        10370            1            3
        2637         2637         3991        10379            1            3
        2640         2640         3994        10388            1            3
        2643         2643         3997        10397            1            3
        2646         2646         4006        10423            3            3
        2649         2649         4015        10445            3            2
        2652         2652         4022        10462            1            3
        2655         2655         4025        10471            1            3
        2658         2658         4028        10480            1            3
        2661         2661         4031        10487            1            2
        2664         2664         4034        10493            1            2
        2667         2667         4037        10499            1            2
        2670         2670         4040        10505            1            2
        2673         2673         4043        10512            1            3
        2676         2676         4046        10521            1            3
        2679         2679         4051        10536            3            3
        2682         2682         4060        10559            3            2
        2685         2685         4069        10580            3            2
        2688         2688         4078        10601            3            2
        2691         2691         4089        10631            5            2
        2694         2694         4093        10640            1            2
        2697         2697         4096        10646            1            2
        2700         2700         4099        10652            1            2
        2703         2703         4102        10658            1            2
        2706         2706         4105        10664            1            2
        2709         2709         4108        10670            1            2
        2712         2712         4111        10679            1            3
        2715         2715         4116        10694            3            3
        2718         2718         4125        10715            3            2
        2721         2721         4134        10737            3            3
        2724         2724         4143        10761            3            3
        2727         2727         4152        10788            3            3
        2730         2730         4164        10815            2            2
        2733         2733         4167        10821            1            2
        2736         2736         4170        10827            1            2
        2739         2739         4173        10833            1            2
        2742         2742         4176        10839            1            2
        2745         2745         4179        10845            1            2
        2748         2748         4182        10851            1            2
        2751         2751         4185        10859            1            3
        2754         2754         4188        10868            1            3
        2757         2757         4191        10877            1            3
        2760         2760         4194        10886            1            3
        2763         2763         4197        10895            1            3
        2766         2766         4204        10912            3            2
        2769         2769         4207        10918            1            2
        2772         2772         4210        10924            1            2
        2775         2775         4213        10930            1            2
        2778         2778         4216        10936            1            2
        2781         2781         4219        10942            1            2
        2784         2784         4222        10948            1            2
        2787         2787         4225        10955            1            3
        2790         2790         4228        10964            1            3
        2793         2793         4231        10973            1            3
        2796         2796         4234        10982            1            3
        2799         2799         4237        10991            1            3
        2802         2802         4240        10999            1            2
        2805         2805         4243        11005            1            2
        2808         2808         4246        11011            1            2
        2811         2811         4249        11017            1            2
        2814         2814         4252        11023            1            2
        2817         2817         4255        11029            1            2
        2820         2820         4258        11035            1            2
        2823         2823         4261        11044            1            3
        2826         2826         4264        11053            1            3
        2829         2829         4267        11062            1            3
        2832         2832         4270        11071            1            3
        2835         2835         4277        11088            3            2
        2838         2838         4284        11104            1            2
        2841         2841         4287        11113            1            3
        2844         2844         4290        11119            1            2
        2847         2847         4293        11125            1            2
        2850         2850         4296        11131            1            2
        2853         2853         4299        11137            1            2
        2856         2856         4302        11143            1            2
        2859         2859         4305        11151            1            3
        2862         2862         4308        11160            1            3
        2865         2865         4311        11169            1            3
        2868         2868         4314        11178            1            3
        2871         2871         4319        11191            3            2
        2874         2874         4326        11208            1            3
        2877         2877         4329        11217            1            3
        2880         2880         4332        11226            1            3
        2883         2883         4335        11234            1            2
        2886         2886         4338        11240            1            2
        2889         2889         4341        11246            1            2
        2892         2892         4344        11252            1            2
        2895         2895         4347        11260            1            3
        2898         2898         4350        11268            1            3
        2901         2901         4353        11277            1            3
        2904         2904         4356        11286            1            3
        2907         2907         4365        11307            3            2
        2910         2910         4370        11320            1            3
        2913         2913         4373        11329            1            3
        2916         2916         4376        11338            1            3
        2919         2919         4379        11345            1            3
        2922         2922         4382        11351            1            2
        2925         2925         4385        11357            1            2
        2928         2928         4388        11363            1            2
        2931         2931         4391        11372            1            3
        2934         2934         4394        11381            1            3
        2937         2937         4397        11390            1            3
        2940         2940         4400        11399            1            3
        2943         2943         4403        11408            1            3
        2946         2946         4406        11417            1            3
        2949         2949         4409        11426            1            3
        2952         2952         4412        11432            1            2
        2955         2955         4415        11438            1            2
        2958         2958         4418        11444            1            2
        2961         2961         4421        11450            1            2
        2964         2964         4424        11456            1            2
        2967         2967         4427        11462            1            2
        2970         2970         4430        11469            1            2
        2973         2973         4433        11478            1            3
        2976         2976         4436        11486            1            3
        2979         2979         4439        11493            1            2
        2982         2982         4442        11502            1            3
        2985         2985         4445        11508            1            2
        2988         2988         4448        11514            1            2
        2991         2991         4451        11520            1            2
        2994         2994         4454        11526            1            2
        2997         2997         4457        11532            1            2
        3000         3000         4460        11538            1            2

 TOTAL NUMBER OF TIME-STEPS COMPLETED      =        3000
 TOTAL NUMBER OF LOAD-STEPS COMPLETED      =        3000
 TOTAL NUMBER OF SUB-STEPS  CONVERGED      =        3767
 TOTAL NUMBER OF SUB-STEPS  DISCARDED      =         693
 TOTAL NUMBER OF ITERATIONS PERFORMED      =       11538

 AVERAGE NUMBER OF SUB-STEPS PER LOAD-STEP =        1.49
 AVERAGE NUMBER OF ITERATIONS PER SUB-STEP =        2.59
 LENGTH OF AVERAGE  CONVERGED SUB-STEP (T) =    0.007964
 LENGTH OF SHORTEST ATTEMPTED SUB-STEP (T) =    0.000703


 N O N L I N E A R   S T A T I C   A N A L Y S I S                      00:59:48

 CASE: DEAD

 STARTING FROM ZERO (UNSTRESSED) INITIAL CONDITIONS

 LOAD CONTROL TYPE                         =       FORCE
 TYPE OF GEOMETRIC NONLINEARITY            =        NONE
 USE EVENT STEPPING                        =         YES
 USE ITERATION                             =         YES
 USE LINE SEARCH                           =          NO
 EVENT LUMPING TOLERANCE                   =    0.010000
 FORCE CONVERGENCE TOLERANCE (RELATIVE)    =    0.000100

 Negative iterations are Constant-Stiffness
 Positive iterations are Newton-Raphson

  Saved    Null   Total  Iteration   Relative  Curr Step   Curr Sum    Max Sum
  Steps   Steps   Steps  this Step  Unbalance       Size   of Steps   of Steps
 (    1      50     200     -10/40   1.000000   1.000000   1.000000   1.000000)

      0       0       1  Conv   -1   0.031934   1.000000   1.000000   1.000000

 ----------------------------------------
 BASIC STABILITY CHECK FOR FORCE-CONTROLLED NONLINEAR STATIC LOAD CASES:
    NUMBER OF NEGATIVE STIFFNESS EIGENVALUES SHOULD BE ZERO FOR STABILITY.
    (NOTE: FURTHER CHECKS SHOULD BE CONSIDERED AS DEEMED NECESSARY)

    NUMBER FOUND AT FINAL CONVERGED STATE  =           0,  OK.
 ----------------------------------------

 NUMBER OF STIFFNESS FORMATIONS/SOLUTIONS  =           2

 TIME FOR INITIALIZING ANALYSIS            =        0.00
 TIME FOR CONTROLLING ANALYSIS             =        0.03
 TIME FOR UPDATING LOADS AND STATE         =        0.01
 TIME FOR FORMING STIFFNESS MATRIX         =        0.00
 TIME FOR SOLVING STIFFNESS MATRIX         =        0.01
 TIME FOR CALCULATING DISPLACEMENTS        =        0.00
 TIME FOR DETERMINING EVENTS               =        0.00
 TIME FOR SAVING RESULTS                   =        0.00
                                               ----------
 TOTAL TIME FOR THIS ANALYSIS              =        0.05


 A N A L Y S I S   C O M P L E T E                          2022/12/27  00:59:49
