

 SAP2000 v22.0.0 Ultimate 64-bit (Analysis Build 9780/64)
 File: C:\Users\Amatek\Documen...n_dissipative_KBF\SAP2000 model\V4\KBF5 (1).LOG




 B E G I N   A N A L Y S I S                                2022/12/27  17:30:46


 RUNNING ANALYSIS WITHIN THE GUI PROCESS
 USING THE ADVANCED SOLVER (PROVIDES LIMITED INSTABILITY INFORMATION)

 NUMBER OF JOINTS                          =          59
    WITH RESTRAINTS                        =           4
 NUMBER OF FRAME/CABLE/TENDON ELEMENTS     =          60
 NUMBER OF LINK/SUPPORT ELEMENTS           =          20
 NUMBER OF LOAD PATTERNS                   =           2
 NUMBER OF ACCELERATION LOADS              =           9
 NUMBER OF LOAD CASES                      =           4

 ADDRESSABLE PHYSICAL MEMORY (RAM)         =       7.914 GB

 PARALLELIZATION OF ANALYSIS OPERATIONS:
 (Env. variable SAPFIRE_NUM_THREADS        =           0)
 NUMBER OF THREADS: STATE (AUTOMATIC)      =           4
 NUMBER OF THREADS: STIFFNESS (AUTOMATIC)  =           4
 NUMBER OF THREADS: EVENT (AUTOMATIC)      =           4
 NUMBER OF THREADS: MOVE (AUTOMATIC)       =           4
 NUMBER OF THREADS: RESPONSE (AUTOMATIC)   =           4
 NUMBER OF THREADS: SOLVE (AUTOMATIC)      =           4
 NUMBER OF THREADS: FORM (AUTOMATIC)       =           4


 E L E M E N T   F O R M A T I O N                                      17:30:46


 NUMBER OF COUPLED CONSTRAINT EQUATIONS    =         100
 REDUCTION OF CONSTRAINTS AND RESTRAINTS:
 NUMBER OF
   CONSTRAINT MASTER DOF BEFORE REDUCTION  =         135
   COUPLED CONSTRAINT/RESTRAINT MASTER DOF =          25
   CONSTRAINT MASTER DOF AFTER REDUCTION   =         110


 L I N E A R   E Q U A T I O N   S O L U T I O N                        17:30:46

 FORMING STIFFNESS AT ZERO (UNSTRESSED) INITIAL CONDITIONS

 TOTAL NUMBER OF EQUILIBRIUM EQUATIONS     =         125
 NUMBER OF NON-ZERO STIFFNESS TERMS        =         889

 ---------------------------------
 BASIC STABILITY CHECK FOR LINEAR LOAD CASES:
    NUMBER OF NEGATIVE STIFFNESS EIGENVALUES SHOULD BE ZERO FOR STABILITY.
    (NOTE: FURTHER CHECKS SHOULD BE CONSIDERED AS DEEMED NECESSARY,
     SUCH AS REVIEWING EIGEN MODES FOR MECHANISMS AND RIGID-BODY MOTION)

    NUMBER OF NEGATIVE EIGENVALUES         =           0,  OK.
 ---------------------------------


 L I N E A R   S T A T I C   C A S E S                                  17:30:46

 USING STIFFNESS AT ZERO (UNSTRESSED) INITIAL CONDITIONS

 TOTAL NUMBER OF CASES TO SOLVE            =           1
 NUMBER OF CASES TO SOLVE PER BLOCK        =           1

 LINEAR STATIC CASES TO BE SOLVED:

 CASE: LL


 E I G E N   M O D A L   A N A L Y S I S                                17:30:46

 CASE: MODAL

 USING STIFFNESS AT ZERO (UNSTRESSED) INITIAL CONDITIONS

 NUMBER OF STIFFNESS DEGREES OF FREEDOM    =         125
 NUMBER OF MASS DEGREES OF FREEDOM         =          90
 MAXIMUM NUMBER OF EIGEN MODES SOUGHT      =          12
 MINIMUM NUMBER OF EIGEN MODES SOUGHT      =           1
 NUMBER OF RESIDUAL-MASS MODES SOUGHT      =           0
 NUMBER OF SUBSPACE VECTORS USED           =          24
 RELATIVE CONVERGENCE TOLERANCE            =    1.00E-09

 FREQUENCY SHIFT  (CENTER) (CYC/TIME)      =     .000000
 FREQUENCY CUTOFF (RADIUS) (CYC/TIME)      =  -INFINITY-
 ALLOW AUTOMATIC FREQUENCY SHIFTING        =         YES


 Original stiffness at shift : EV= 0.0000000E+00, f=     .000000, T=  -INFINITY-
 Number of eigenvalues below shift =      0

 Iteration    Approximations to next 5 eigenvalues, from shift EV= 0.0000000E+00
       1   7.2632605E+01 7.2722052E+02 2.1527071E+03 2.4976309E+03 3.5039097E+03
       2   7.2509242E+01 7.1735389E+02 2.0985736E+03 2.3344929E+03 3.2633940E+03
       3   7.2509241E+01 7.1734662E+02 2.0983541E+03 2.3311190E+03 3.2611880E+03
       4   7.2509241E+01 7.1734661E+02 2.0983533E+03 2.3310894E+03 3.2611648E+03

 Found mode      1 of     12:  EV= 7.2509241E+01, f=    1.355242, T=    0.737876

 Iteration    Approximations to next 5 eigenvalues, from shift EV= 0.0000000E+00
       5   7.1734661E+02 2.0983533E+03 2.3310892E+03 3.2611646E+03 3.4185340E+03

 Found mode      2 of     12:  EV= 7.1734661E+02, f=    4.262699, T=    0.234593
 Found mode      3 of     12:  EV= 2.0983533E+03, f=    7.290536, T=    0.137164

 Iteration    Approximations to next 5 eigenvalues, from shift EV= 0.0000000E+00
       6   2.3310892E+03 3.2611646E+03 3.4185339E+03 4.1097256E+03 4.4643107E+03

 Found mode      4 of     12:  EV= 2.3310892E+03, f=    7.684216, T=    0.130137
 Found mode      5 of     12:  EV= 3.2611646E+03, f=    9.088799, T=    0.110026
 Found mode      6 of     12:  EV= 3.4185339E+03, f=    9.305508, T=    0.107463
 Found mode      7 of     12:  EV= 4.1097256E+03, f=   10.202968, T=    0.098011
 Found mode      8 of     12:  EV= 4.4643107E+03, f=   10.634017, T=    0.094038

 Iteration    Approximations to next 5 eigenvalues, from shift EV= 0.0000000E+00
       8   6.2357943E+03 6.3435935E+03 6.8686983E+03 7.9127045E+03 7.9915936E+03

 Found mode      9 of     12:  EV= 6.2357943E+03, f=   12.567996, T=    0.079567
 Found mode     10 of     12:  EV= 6.3435935E+03, f=   12.676163, T=    0.078888
 Found mode     11 of     12:  EV= 6.8686983E+03, f=   13.190381, T=    0.075813
 Found mode     12 of     12:  EV= 7.9127045E+03, f=   14.157371, T=    0.070635

 NUMBER OF EIGEN MODES FOUND               =          12
 NUMBER OF ITERATIONS PERFORMED            =           8
 NUMBER OF STIFFNESS SHIFTS                =           0


 N O N L I N E A R   M O D A L   H I S T O R Y   A N A L Y S I S        17:30:47

 CASE: ARTIF1
 ANALYSIS TYPE                             =   NONLINEAR
 STARTING FROM ZERO (UNSTRESSED) INITIAL CONDITIONS
 USING MODES FROM CASE: MODAL
 NUMBER OF DYNAMIC MODES TO BE USED        =          12
 NUMBER OF STATIC-LOAD MODES TO BE USED    =           1
 CONVERGENCE FACTOR                        =    1.000000
 FORCE  CONVERGENCE TOLERANCE              =    1.00E-05
 ENERGY CONVERGENCE TOLERANCE              =    1.00E-05
 MAXIMUM SUB-STEP LENGTH (TIME)            =    0.010000
 MINIMUM SUB-STEP LENGTH (TIME)            =    1.00E-11
 UPPER MAXIMUM NUMBER OF ITERATIONS        =         100
 LOWER MAXIMUM NUMBER OF ITERATIONS        =           2
 MODES ARE TREATED AS STATIC BELOW PERIOD  =    1.0E-101

 TOTAL HISTORY LENGTH (TIME)               =   30.000000
 LENGTH OF TIME-STEPS (TIME)               =    0.010000
 NUMBER OF TIME-STEPS TO BE INTEGRATED     =        3000



 * * * W A R N I N G * * *
 NON-ZERO TIME-HISTORY FUNCTION VALUES WILL BE IGNORED AT START OF LOAD CASE.

 TIME-HISTORY FUNCTIONS WITH A NON-ZERO VALUE AT START OF THE LOAD CASE:
    ARTIF1

 EFFECTIVE MODAL DAMPING RATIOS (CROSS-COUPLING TERMS ARE NEGLECTED)
       1    0.737876    0.050000
       2    0.234593    0.050000
       3    0.137164    0.050000
       4    0.130137    0.050000
       5    0.110026    0.050000
       6    0.107463    0.050000
       7    0.098011    0.050000
       8    0.094038    0.050000
       9    0.079567    0.050000
      10    0.078888    0.050000
      11    0.075813    0.050000
      12    0.070635    0.050000
   Time-step    Load-step     Sub-step    Iteration   Sub-steps/  Iterations/
      number       number       number       number    load-step     sub-step

           1            1            1            2            1            2
           3            3            3            6            1            2
           6            6            6           12            1            2
           9            9            9           18            1            2
          12           12           12           24            1            2
          15           15           15           30            1            2
          18           18           18           36            1            2
          21           21           21           42            1            2
          24           24           24           48            1            2
          27           27           27           54            1            2
          30           30           30           60            1            2
          33           33           33           66            1            2
          36           36           36           72            1            2
          39           39           39           78            1            2
          42           42           42           84            1            2
          45           45           45           90            1            2
          48           48           48           98            1            3
          51           51           51          106            1            3
          54           54           54          115            1            3
          57           57           57          124            1            3
          60           60           60          133            1            3
          63           63           63          139            1            2
          66           66           66          147            1            3
          69           69           69          154            1            2
          72           72           72          160            1            2
          75           75           75          166            1            2
          78           78           78          172            1            2
          81           81           81          181            1            3
          84           84           84          190            1            3
          87           87           87          199            1            3
          90           90           90          208            1            3
          93           93           93          217            1            3
          96           96           96          226            1            3
          99           99           99          235            1            3
         102          102          102          244            1            3
         105          105          105          251            1            2
         108          108          108          258            1            3
         111          111          111          265            1            2
         114          114          114          271            1            2
         117          117          117          277            1            2
         120          120          120          283            1            2
         123          123          123          289            1            2
         126          126          126          296            1            3
         129          129          129          305            1            3
         132          132          132          314            1            3
         135          135          135          323            1            3
         138          138          138          332            1            3
         141          141          141          339            1            2
         144          144          144          345            1            2
         147          147          147          351            1            2
         150          150          150          359            1            3
         153          153          153          368            1            3
         156          156          156          377            1            3
         159          159          161          392            3            3
         162          162          170          415            3            2
         165          165          179          438            3            2
         168          168          182          447            1            3
         171          171          185          456            1            3
         174          174          188          463            1            2
         177          177          191          470            1            3
         180          180          194          479            1            3
         183          183          197          489            1            4
         186          186          204          512            3            3
         189          189          213          541            3            3
         192          192          222          568            3            3
         195          195          231          593            3            2
         198          198          234          601            1            2
         201          201          237          608            1            2
         204          204          240          614            1            2
         207          207          243          620            1            2
         210          210          246          629            1            3
         213          213          253          650            3            3
         216          216          262          677            3            3
         219          219          271          704            3            3
         222          222          280          733            3            3
         225          225          289          763            3            3
         228          228          294          781            1            4
         231          231          297          789            1            2
         234          234          300          795            1            2
         237          237          303          804            1            3
         240          240          306          811            1            2
         243          243          313          831            3            3
         246          246          316          842            1            4
         249          249          325          870            3            3
         252          252          334          900            3            3
         255          255          343          930            3            3
         258          258          352          960            3            3
         261          261          359          984            1            4
         264          264          382         1049           10            3
         267          267          408         1113            4            3
         270          270          442         1182            8            2
         273          273          449         1202            1            3
         276          276          452         1209            1            2
         279          279          455         1218            1            3
         282          282          458         1227            1            3
         285          285          461         1235            1            3
         288          288          470         1258            3            3
         291          291          479         1282            3            3
         294          294          488         1308            3            3
         297          297          499         1340            5            3
         300          300          515         1387            6            3
         303          303          524         1414            3            3
         306          306          539         1451            6            3
         309          309          555         1495            6            3
         312          312          562         1515            1            3
         315          315          565         1526            1            4
         318          318          572         1548            1            2
         321          321          575         1554            1            2
         324          324          578         1561            1            3
         327          327          581         1569            1            2
         330          330          584         1575            1            2
         333          333          587         1583            1            3
         336          336          594         1600            3            2
         339          339          603         1621            3            2
         342          342          608         1636            3            3
         345          345          620         1665            4            2
         348          348          628         1685            3            2
         351          351          635         1704            5            3
         354          354          653         1742            6            2
         357          357          664         1769            3            2
         360          360          667         1778            1            3
         363          363          670         1787            1            3
         366          366          673         1796            1            3
         369          369          676         1802            1            2
         372          372          679         1808            1            2
         375          375          682         1817            1            3
         378          378          685         1823            1            2
         381          381          688         1830            1            3
         384          384          691         1838            1            2
         387          387          694         1847            1            3
         390          390          708         1884            6            2
         393          393          717         1905            3            2
         396          396          722         1918            1            3
         399          399          731         1939            3            2
         402          402          740         1960            3            2
         405          405          752         1991            4            3
         408          408          767         2029            8            2
         411          411          785         2067            4            2
         414          414          789         2076            1            3
         417          417          792         2084            1            2
         420          420          795         2090            1            2
         423          423          798         2098            1            3
         426          426          801         2106            1            2
         429          429          804         2115            1            3
         432          432          807         2123            1            3
         435          435          812         2137            3            3
         438          438          821         2158            3            2
         441          441          826         2168            1            2
         444          444          829         2174            1            2
         447          447          832         2183            1            3
         450          450          835         2189            1            2
         453          453          838         2195            1            2
         456          456          841         2202            1            3
         459          459          844         2211            1            3
         462          462          849         2226            3            3
         465          465          858         2252            3            3
         468          468          867         2278            3            3
         471          471          878         2308            5            2
         474          474          913         2393           10            3
         477          477          920         2409            1            2
         480          480          923         2416            1            3
         483          483          926         2425            1            3
         486          486          929         2434            1            3
         489          489          932         2443            1            3
         492          492          939         2464            3            3
         495          495          948         2491            3            3
         498          498          957         2518            3            3
         501          501          970         2558            7            3
         504          504         1006         2636            7            2
         507          507         1010         2645            1            2
         510          510         1013         2651            1            2
         513          513         1016         2657            1            2
         516          516         1019         2664            1            3
         519          519         1024         2679            3            3
         522          522         1031         2700            1            3
         525          525         1034         2712            1            4
         528          528         1043         2739            3            3
         531          531         1052         2766            3            3
         534          534         1061         2795            3            3
         537          537         1078         2840           11            2
         540          540         1099         2892            6            3
         543          543         1111         2926            2            2
         546          546         1114         2932            1            2
         549          549         1117         2939            1            2
         552          552         1120         2945            1            2
         555          555         1123         2954            1            3
         558          558         1130         2974            3            3
         561          561         1135         2991            1            4
         564          564         1138         3002            1            4
         567          567         1141         3014            1            4
         570          570         1148         3038            3            3
         573          573         1157         3068            3            3
         576          576         1168         3102            5            3
         579          579         1190         3153           14            2
         582          582         1200         3176            1            3
         585          585         1203         3182            1            2
         588          588         1206         3188            1            2
         591          591         1209         3194            1            2
         594          594         1212         3200            1            2
         597          597         1219         3217            3            2
         600          600         1226         3236            3            3
         603          603         1235         3263            3            3
         606          606         1244         3290            3            3
         609          609         1253         3318            3            3
         612          612         1262         3348            3            3
         615          615         1279         3398            6            3
         618          618         1297         3444            6            2
         621          621         1301         3453            1            3
         624          624         1304         3461            1            2
         627          627         1307         3467            1            2
         630          630         1310         3473            1            2
         633          633         1313         3480            1            3
         636          636         1316         3489            1            3
         639          639         1323         3510            3            3
         642          642         1332         3539            3            3
         645          645         1341         3567            3            3
         648          648         1350         3595            3            3
         651          651         1359         3625            3            3
         654          654         1370         3656            5            2
         657          657         1374         3665            1            2
         660          660         1377         3671            1            2
         663          663         1380         3677            1            2
         666          666         1383         3683            1            2
         669          669         1386         3690            1            2
         672          672         1389         3699            1            3
         675          675         1398         3720            3            2
         678          678         1407         3745            3            3
         681          681         1416         3772            3            3
         684          684         1425         3799            3            3
         687          687         1434         3825            3            3
         690          690         1441         3846            1            3
         693          693         1444         3852            1            2
         696          696         1447         3858            1            2
         699          699         1450         3866            1            3
         702          702         1453         3872            1            2
         705          705         1456         3880            1            3
         708          708         1459         3889            1            3
         711          711         1464         3904            3            3
         714          714         1473         3932            3            3
         717          717         1482         3960            3            3
         720          720         1491         3987            3            3
         723          723         1500         4015            3            3
         726          726         1507         4037            1            3
         729          729         1510         4045            1            2
         732          732         1513         4054            1            3
         735          735         1516         4061            1            2
         738          738         1519         4067            1            2
         741          741         1522         4073            1            2
         744          744         1525         4081            1            3
         747          747         1528         4090            1            3
         750          750         1537         4117            3            3
         753          753         1546         4143            3            3
         756          756         1555         4170            3            3
         759          759         1564         4199            3            3
         762          762         1569         4213            1            2
         765          765         1572         4219            1            2
         768          768         1575         4225            1            2
         771          771         1578         4231            1            2
         774          774         1581         4237            1            2
         777          777         1584         4243            1            2
         780          780         1587         4251            1            3
         783          783         1590         4260            1            3
         786          786         1597         4281            3            3
         789          789         1606         4307            3            3
         792          792         1615         4334            3            3
         795          795         1624         4361            3            3
         798          798         1631         4378            1            3
         801          801         1634         4385            1            2
         804          804         1637         4393            1            2
         807          807         1640         4399            1            2
         810          810         1643         4405            1            2
         813          813         1646         4411            1            2
         816          816         1649         4420            1            3
         819          819         1654         4435            3            3
         822          822         1663         4461            3            3
         825          825         1672         4485            3            2
         828          828         1681         4510            3            3
         831          831         1690         4538            3            3
         834          834         1699         4563            3            2
         837          837         1704         4575            1            2
         840          840         1707         4581            1            2
         843          843         1710         4587            1            2
         846          846         1713         4593            1            2
         849          849         1716         4599            1            2
         852          852         1719         4606            1            3
         855          855         1724         4619            3            2
         858          858         1733         4640            3            2
         861          861         1742         4661            3            2
         864          864         1751         4682            3            2
         867          867         1760         4708            3            3
         870          870         1767         4731            1            4
         873          873         1770         4738            1            2
         876          876         1773         4744            1            2
         879          879         1776         4750            1            2
         882          882         1779         4756            1            2
         885          885         1782         4765            1            3
         888          888         1785         4774            1            3
         891          891         1788         4783            1            3
         894          894         1791         4792            1            3
         897          897         1794         4802            1            4
         900          900         1799         4817            3            3
         903          903         1808         4844            3            3
         906          906         1817         4874            3            3
         909          909         1824         4893            3            3
         912          912         1827         4903            1            4
         915          915         1830         4912            1            2
         918          918         1833         4918            1            2
         921          921         1836         4926            1            2
         924          924         1839         4935            1            3
         927          927         1846         4956            1            3
         930          930         1851         4971            3            3
         933          933         1860         4998            3            3
         936          936         1869         5025            3            3
         939          939         1876         5047            3            3
         942          942         1883         5067            1            3
         945          945         1888         5082            1            3
         948          948         1891         5092            1            3
         951          951         1894         5101            1            3
         954          954         1897         5111            1            3
         957          957         1900         5119            1            3
         960          960         1903         5127            1            2
         963          963         1906         5135            1            2
         966          966         1909         5144            1            3
         969          969         1916         5165            3            3
         972          972         1925         5191            3            3
         975          975         1934         5216            3            3
         978          978         1939         5229            3            2
         981          981         1954         5260            2            2
         984          984         1957         5269            1            3
         987          987         1960         5276            1            2
         990          990         1963         5282            1            2
         993          993         1966         5289            1            3
         996          996         1969         5295            1            2
         999          999         1972         5302            1            2
        1002         1002         1975         5311            1            3
        1005         1005         1978         5320            1            3
        1008         1008         1981         5329            1            3
        1011         1011         1984         5338            1            3
        1014         1014         1987         5347            1            3
        1017         1017         1992         5363            3            3
        1020         1020         1995         5372            1            3
        1023         1023         2004         5393            3            2
        1026         1026         2009         5405            1            2
        1029         1029         2012         5414            1            3
        1032         1032         2015         5423            1            3
        1035         1035         2018         5430            1            2
        1038         1038         2021         5436            1            2
        1041         1041         2024         5444            1            3
        1044         1044         2027         5453            1            3
        1047         1047         2036         5480            3            3
        1050         1050         2045         5508            3            3
        1053         1053         2054         5537            3            3
        1056         1056         2059         5551            3            3
        1059         1059         2068         5578            3            3
        1062         1062         2073         5593            1            3
        1065         1065         2076         5602            1            3
        1068         1068         2079         5611            1            3
        1071         1071         2082         5618            1            2
        1074         1074         2085         5624            1            2
        1077         1077         2088         5633            1            3
        1080         1080         2091         5640            1            2
        1083         1083         2094         5648            1            3
        1086         1086         2097         5657            1            3
        1089         1089         2100         5666            1            3
        1092         1092         2105         5681            3            3
        1095         1095         2114         5708            3            3
        1098         1098         2123         5734            3            3
        1101         1101         2138         5772            9            2
        1104         1104         2145         5787            1            2
        1107         1107         2148         5793            1            2
        1110         1110         2151         5799            1            2
        1113         1113         2154         5805            1            2
        1116         1116         2157         5811            1            2
        1119         1119         2160         5818            1            3
        1122         1122         2163         5827            1            3
        1125         1125         2166         5836            1            3
        1128         1128         2169         5845            1            3
        1131         1131         2178         5872            3            3
        1134         1134         2187         5897            3            3
        1137         1137         2196         5922            3            3
        1140         1140         2203         5939            1            3
        1143         1143         2206         5947            1            2
        1146         1146         2209         5953            1            2
        1149         1149         2212         5959            1            2
        1152         1152         2215         5965            1            2
        1155         1155         2218         5973            1            3
        1158         1158         2221         5982            1            3
        1161         1161         2224         5992            1            4
        1164         1164         2231         6015            3            3
        1167         1167         2240         6043            3            3
        1170         1170         2249         6070            3            3
        1173         1173         2258         6098            3            3
        1176         1176         2266         6121            1            4
        1179         1179         2269         6133            1            4
        1182         1182         2272         6139            1            2
        1185         1185         2275         6145            1            2
        1188         1188         2278         6152            1            3
        1191         1191         2285         6173            3            3
        1194         1194         2292         6196            3            3
        1197         1197         2301         6225            3            3
        1200         1200         2310         6255            3            3
        1203         1203         2319         6281            3            2
        1206         1206         2328         6308            3            3
        1209         1209         2337         6336            3            3
        1212         1212         2348         6366            2            3
        1215         1215         2355         6390            1            4
        1218         1218         2358         6396            1            2
        1221         1221         2361         6402            1            2
        1224         1224         2364         6408            1            2
        1227         1227         2371         6427            3            3
        1230         1230         2376         6442            3            3
        1233         1233         2385         6471            3            3
        1236         1236         2394         6501            3            3
        1239         1239         2403         6528            3            3
        1242         1242         2412         6557            3            3
        1245         1245         2421         6586            3            3
        1248         1248         2452         6662           21            2
        1251         1251         2471         6709            2            3
        1254         1254         2474         6715            1            2
        1257         1257         2477         6721            1            2
        1260         1260         2480         6727            1            2
        1263         1263         2483         6735            1            3
        1266         1266         2488         6750            3            3
        1269         1269         2497         6776            3            3
        1272         1272         2506         6803            3            3
        1275         1275         2515         6830            3            3
        1278         1278         2524         6857            3            3
        1281         1281         2533         6884            3            3
        1284         1284         2544         6917            5            3
        1287         1287         2548         6929            1            2
        1290         1290         2551         6935            1            2
        1293         1293         2554         6943            1            2
        1296         1296         2557         6949            1            2
        1299         1299         2560         6957            1            3
        1302         1302         2567         6974            3            2
        1305         1305         2574         6991            1            3
        1308         1308         2581         7011            3            3
        1311         1311         2590         7038            3            3
        1314         1314         2599         7066            3            3
        1317         1317         2606         7089            1            4
        1320         1320         2627         7143            5            2
        1323         1323         2631         7154            1            3
        1326         1326         2634         7161            1            3
        1329         1329         2637         7167            1            2
        1332         1332         2640         7173            1            2
        1335         1335         2643         7181            1            3
        1338         1338         2650         7202            3            3
        1341         1341         2653         7211            1            3
        1344         1344         2658         7227            3            3
        1347         1347         2667         7254            3            3
        1350         1350         2676         7281            3            3
        1353         1353         2683         7302            1            3
        1356         1356         2690         7326            1            4
        1359         1359         2693         7334            1            2
        1362         1362         2696         7343            1            3
        1365         1365         2699         7349            1            2
        1368         1368         2702         7355            1            2
        1371         1371         2705         7364            1            3
        1374         1374         2714         7390            3            3
        1377         1377         2717         7399            1            3
        1380         1380         2724         7420            3            3
        1383         1383         2733         7448            3            3
        1386         1386         2742         7474            3            3
        1389         1389         2747         7489            3            3
        1392         1392         2756         7515            3            3
        1395         1395         2761         7530            1            3
        1398         1398         2764         7540            1            2
        1401         1401         2767         7546            1            2
        1404         1404         2770         7552            1            2
        1407         1407         2773         7559            1            3
        1410         1410         2776         7568            1            3
        1413         1413         2779         7575            1            3
        1416         1416         2784         7588            3            2
        1419         1419         2793         7609            3            2
        1422         1422         2802         7630            3            2
        1425         1425         2805         7639            1            3
        1428         1428         2814         7661            5            2
        1431         1431         2830         7698            6            2
        1434         1434         2837         7714            1            2
        1437         1437         2840         7722            1            3
        1440         1440         2843         7730            1            2
        1443         1443         2846         7736            1            2
        1446         1446         2849         7742            1            2
        1449         1449         2852         7748            1            2
        1452         1452         2855         7754            1            2
        1455         1455         2858         7760            1            2
        1458         1458         2861         7768            1            2
        1461         1461         2864         7777            1            3
        1464         1464         2867         7783            1            2
        1467         1467         2870         7791            1            3
        1470         1470         2873         7798            1            2
        1473         1473         2876         7805            1            3
        1476         1476         2879         7813            1            3
        1479         1479         2886         7830            3            2
        1482         1482         2889         7837            1            2
        1485         1485         2892         7843            1            2
        1488         1488         2895         7851            1            3
        1491         1491         2898         7857            1            2
        1494         1494         2901         7865            1            3
        1497         1497         2904         7872            1            2
        1500         1500         2907         7878            1            2
        1503         1503         2910         7884            1            2
        1506         1506         2913         7890            1            2
        1509         1509         2916         7897            1            2
        1512         1512         2919         7903            1            2
        1515         1515         2922         7909            1            2
        1518         1518         2925         7915            1            2
        1521         1521         2928         7921            1            2
        1524         1524         2931         7927            1            2
        1527         1527         2934         7933            1            2
        1530         1530         2937         7939            1            2
        1533         1533         2940         7945            1            2
        1536         1536         2943         7951            1            2
        1539         1539         2946         7958            1            3
        1542         1542         2949         7964            1            2
        1545         1545         2952         7970            1            2
        1548         1548         2955         7976            1            2
        1551         1551         2958         7983            1            3
        1554         1554         2961         7991            1            2
        1557         1557         2964         7997            1            2
        1560         1560         2967         8003            1            2
        1563         1563         2970         8010            1            3
        1566         1566         2973         8019            1            3
        1569         1569         2976         8027            1            3
        1572         1572         2979         8036            1            3
        1575         1575         2982         8045            1            3
        1578         1578         2985         8054            1            3
        1581         1581         2988         8063            1            3
        1584         1584         2991         8072            1            3
        1587         1587         2998         8089            1            3
        1590         1590         3001         8096            1            2
        1593         1593         3004         8102            1            2
        1596         1596         3007         8111            1            3
        1599         1599         3010         8117            1            2
        1602         1602         3013         8123            1            2
        1605         1605         3016         8129            1            2
        1608         1608         3019         8135            1            2
        1611         1611         3022         8141            1            2
        1614         1614         3025         8149            1            3
        1617         1617         3028         8157            1            3
        1620         1620         3031         8166            1            3
        1623         1623         3034         8175            1            3
        1626         1626         3039         8188            3            2
        1629         1629         3044         8199            1            2
        1632         1632         3047         8207            1            3
        1635         1635         3050         8213            1            2
        1638         1638         3053         8219            1            2
        1641         1641         3056         8225            1            2
        1644         1644         3059         8234            1            3
        1647         1647         3062         8243            1            3
        1650         1650         3065         8252            1            3
        1653         1653         3068         8261            1            3
        1656         1656         3071         8270            1            3
        1659         1659         3074         8279            1            3
        1662         1662         3077         8288            1            3
        1665         1665         3080         8296            1            2
        1668         1668         3083         8302            1            2
        1671         1671         3086         8308            1            2
        1674         1674         3089         8314            1            2
        1677         1677         3092         8320            1            2
        1680         1680         3095         8327            1            3
        1683         1683         3098         8336            1            3
        1686         1686         3101         8345            1            3
        1689         1689         3104         8354            1            3
        1692         1692         3107         8363            1            3
        1695         1695         3110         8371            1            2
        1698         1698         3113         8378            1            2
        1701         1701         3116         8384            1            2
        1704         1704         3119         8390            1            2
        1707         1707         3122         8396            1            2
        1710         1710         3125         8404            1            3
        1713         1713         3128         8413            1            3
        1716         1716         3131         8422            1            3
        1719         1719         3134         8431            1            3
        1722         1722         3137         8440            1            3
        1725         1725         3142         8455            3            3
        1728         1728         3151         8480            3            3
        1731         1731         3156         8493            1            3
        1734         1734         3159         8502            1            3
        1737         1737         3162         8510            1            3
        1740         1740         3165         8517            1            2
        1743         1743         3168         8523            1            2
        1746         1746         3171         8529            1            2
        1749         1749         3174         8535            1            2
        1752         1752         3177         8544            1            3
        1755         1755         3184         8563            3            3
        1758         1758         3193         8587            3            3
        1761         1761         3202         8612            3            3
        1764         1764         3211         8635            3            2
        1767         1767         3220         8659            3            3
        1770         1770         3223         8666            1            2
        1773         1773         3226         8672            1            2
        1776         1776         3229         8678            1            2
        1779         1779         3232         8684            1            2
        1782         1782         3235         8690            1            2
        1785         1785         3238         8696            1            2
        1788         1788         3241         8703            1            3
        1791         1791         3244         8712            1            3
        1794         1794         3247         8721            1            3
        1797         1797         3254         8742            3            3
        1800         1800         3263         8768            3            3
        1803         1803         3272         8795            3            3
        1806         1806         3279         8815            1            3
        1809         1809         3282         8822            1            2
        1812         1812         3285         8828            1            2
        1815         1815         3288         8834            1            2
        1818         1818         3291         8840            1            2
        1821         1821         3294         8846            1            2
        1824         1824         3297         8852            1            2
        1827         1827         3300         8860            1            3
        1830         1830         3303         8869            1            3
        1833         1833         3306         8878            1            3
        1836         1836         3315         8899            3            2
        1839         1839         3324         8924            3            3
        1842         1842         3333         8945            3            2
        1845         1845         3340         8962            1            3
        1848         1848         3343         8969            1            2
        1851         1851         3346         8975            1            2
        1854         1854         3349         8981            1            2
        1857         1857         3352         8987            1            2
        1860         1860         3355         8993            1            2
        1863         1863         3358         8999            1            2
        1866         1866         3361         9008            1            3
        1869         1869         3364         9017            1            3
        1872         1872         3371         9034            3            2
        1875         1875         3380         9059            3            2
        1878         1878         3389         9082            3            2
        1881         1881         3398         9109            3            3
        1884         1884         3403         9121            1            2
        1887         1887         3406         9128            1            3
        1890         1890         3409         9134            1            2
        1893         1893         3412         9140            1            2
        1896         1896         3415         9146            1            2
        1899         1899         3418         9152            1            2
        1902         1902         3421         9158            1            2
        1905         1905         3424         9167            1            3
        1908         1908         3427         9176            1            3
        1911         1911         3436         9197            3            2
        1914         1914         3445         9218            3            2
        1917         1917         3454         9243            3            2
        1920         1920         3462         9263            1            3
        1923         1923         3465         9269            1            2
        1926         1926         3468         9275            1            2
        1929         1929         3471         9281            1            2
        1932         1932         3474         9287            1            2
        1935         1935         3477         9293            1            2
        1938         1938         3480         9301            1            3
        1941         1941         3483         9310            1            3
        1944         1944         3486         9319            1            3
        1947         1947         3489         9328            1            3
        1950         1950         3492         9337            1            3
        1953         1953         3497         9351            3            3
        1956         1956         3504         9368            1            3
        1959         1959         3507         9376            1            2
        1962         1962         3510         9382            1            2
        1965         1965         3513         9388            1            2
        1968         1968         3516         9394            1            2
        1971         1971         3519         9400            1            2
        1974         1974         3522         9406            1            2
        1977         1977         3525         9412            1            2
        1980         1980         3528         9420            1            2
        1983         1983         3531         9427            1            2
        1986         1986         3534         9436            1            3
        1989         1989         3537         9443            1            3
        1992         1992         3540         9450            1            2
        1995         1995         3543         9456            1            2
        1998         1998         3546         9462            1            2
        2001         2001         3549         9468            1            2
        2004         2004         3552         9474            1            2
        2007         2007         3555         9480            1            2
        2010         2010         3558         9486            1            2
        2013         2013         3561         9493            1            2
        2016         2016         3564         9499            1            2
        2019         2019         3567         9505            1            2
        2022         2022         3570         9511            1            2
        2025         2025         3573         9517            1            2
        2028         2028         3576         9523            1            2
        2031         2031         3579         9529            1            2
        2034         2034         3582         9535            1            2
        2037         2037         3585         9541            1            2
        2040         2040         3588         9547            1            2
        2043         2043         3591         9553            1            2
        2046         2046         3594         9559            1            2
        2049         2049         3597         9565            1            2
        2052         2052         3600         9571            1            2
        2055         2055         3603         9577            1            2
        2058         2058         3606         9585            1            2
        2061         2061         3609         9591            1            2
        2064         2064         3612         9598            1            2
        2067         2067         3615         9604            1            2
        2070         2070         3618         9610            1            2
        2073         2073         3621         9616            1            2
        2076         2076         3624         9622            1            2
        2079         2079         3627         9628            1            2
        2082         2082         3630         9634            1            2
        2085         2085         3633         9640            1            2
        2088         2088         3636         9646            1            2
        2091         2091         3639         9655            1            3
        2094         2094         3642         9663            1            3
        2097         2097         3645         9671            1            2
        2100         2100         3648         9677            1            2
        2103         2103         3651         9683            1            2
        2106         2106         3654         9689            1            2
        2109         2109         3657         9695            1            2
        2112         2112         3660         9701            1            2
        2115         2115         3663         9707            1            2
        2118         2118         3666         9714            1            2
        2121         2121         3669         9722            1            3
        2124         2124         3672         9731            1            3
        2127         2127         3675         9740            1            3
        2130         2130         3682         9757            3            2
        2133         2133         3687         9768            1            2
        2136         2136         3690         9774            1            2
        2139         2139         3693         9780            1            2
        2142         2142         3696         9786            1            2
        2145         2145         3699         9792            1            2
        2148         2148         3702         9800            1            2
        2151         2151         3705         9808            1            3
        2154         2154         3708         9817            1            3
        2157         2157         3711         9826            1            3
        2160         2160         3714         9835            1            3
        2163         2163         3717         9844            1            3
        2166         2166         3720         9853            1            3
        2169         2169         3723         9862            1            3
        2172         2172         3726         9868            1            2
        2175         2175         3729         9874            1            2
        2178         2178         3732         9880            1            2
        2181         2181         3735         9886            1            2
        2184         2184         3738         9892            1            2
        2187         2187         3741         9898            1            2
        2190         2190         3744         9905            1            3
        2193         2193         3747         9912            1            2
        2196         2196         3750         9921            1            3
        2199         2199         3753         9930            1            3
        2202         2202         3756         9939            1            3
        2205         2205         3759         9948            1            3
        2208         2208         3764         9961            3            2
        2211         2211         3769         9975            1            2
        2214         2214         3772         9981            1            2
        2217         2217         3775         9989            1            2
        2220         2220         3778         9995            1            2
        2223         2223         3781        10001            1            2
        2226         2226         3784        10007            1            2
        2229         2229         3787        10013            1            2
        2232         2232         3790        10019            1            2
        2235         2235         3793        10025            1            2
        2238         2238         3796        10031            1            2
        2241         2241         3799        10037            1            2
        2244         2244         3802        10043            1            2
        2247         2247         3805        10051            1            3
        2250         2250         3808        10059            1            2
        2253         2253         3811        10065            1            2
        2256         2256         3814        10071            1            2
        2259         2259         3817        10077            1            2
        2262         2262         3820        10083            1            2
        2265         2265         3823        10089            1            2
        2268         2268         3826        10095            1            2
        2271         2271         3829        10101            1            2
        2274         2274         3832        10107            1            2
        2277         2277         3835        10113            1            2
        2280         2280         3838        10119            1            2
        2283         2283         3841        10125            1            2
        2286         2286         3844        10134            1            3
        2289         2289         3847        10140            1            2
        2292         2292         3850        10146            1            2
        2295         2295         3853        10152            1            2
        2298         2298         3856        10158            1            2
        2301         2301         3859        10164            1            2
        2304         2304         3862        10170            1            2
        2307         2307         3865        10176            1            2
        2310         2310         3868        10184            1            3
        2313         2313         3871        10192            1            3
        2316         2316         3874        10200            1            2
        2319         2319         3877        10209            1            3
        2322         2322         3880        10217            1            3
        2325         2325         3883        10223            1            2
        2328         2328         3886        10229            1            2
        2331         2331         3889        10235            1            2
        2334         2334         3892        10241            1            2
        2337         2337         3895        10247            1            2
        2340         2340         3898        10253            1            2
        2343         2343         3901        10259            1            2
        2346         2346         3904        10265            1            2
        2349         2349         3907        10271            1            2
        2352         2352         3910        10277            1            2
        2355         2355         3913        10283            1            2
        2358         2358         3916        10289            1            2
        2361         2361         3919        10295            1            2
        2364         2364         3922        10301            1            2
        2367         2367         3925        10309            1            2
        2370         2370         3928        10315            1            2
        2373         2373         3931        10321            1            2
        2376         2376         3934        10327            1            2
        2379         2379         3937        10333            1            2
        2382         2382         3940        10339            1            2
        2385         2385         3943        10345            1            2
        2388         2388         3946        10351            1            2
        2391         2391         3949        10357            1            2
        2394         2394         3952        10363            1            2
        2397         2397         3955        10369            1            2
        2400         2400         3958        10375            1            2
        2403         2403         3961        10381            1            2
        2406         2406         3964        10388            1            2
        2409         2409         3967        10395            1            2
        2412         2412         3970        10401            1            2
        2415         2415         3973        10408            1            2
        2418         2418         3976        10414            1            2
        2421         2421         3979        10420            1            2
        2424         2424         3982        10426            1            2
        2427         2427         3985        10434            1            2
        2430         2430         3988        10443            1            3
        2433         2433         3991        10451            1            2
        2436         2436         3994        10457            1            2
        2439         2439         3997        10464            1            3
        2442         2442         4000        10473            1            3
        2445         2445         4005        10487            1            2
        2448         2448         4008        10493            1            2
        2451         2451         4011        10500            1            3
        2454         2454         4014        10509            1            3
        2457         2457         4017        10518            1            3
        2460         2460         4020        10527            1            3
        2463         2463         4023        10536            1            3
        2466         2466         4030        10557            3            3
        2469         2469         4033        10566            1            3
        2472         2472         4036        10575            1            3
        2475         2475         4045        10596            3            2
        2478         2478         4050        10608            1            2
        2481         2481         4053        10616            1            3
        2484         2484         4056        10625            1            3
        2487         2487         4059        10632            1            2
        2490         2490         4062        10638            1            2
        2493         2493         4065        10646            1            3
        2496         2496         4068        10655            1            3
        2499         2499         4071        10664            1            3
        2502         2502         4080        10687            3            2
        2505         2505         4087        10708            1            3
        2508         2508         4092        10721            3            2
        2511         2511         4097        10733            1            2
        2514         2514         4100        10739            1            2
        2517         2517         4103        10745            1            2
        2520         2520         4106        10754            1            3
        2523         2523         4109        10760            1            2
        2526         2526         4112        10767            1            3
        2529         2529         4115        10776            1            3
        2532         2532         4118        10785            1            3
        2535         2535         4127        10807            3            2
        2538         2538         4136        10828            3            2
        2541         2541         4139        10837            1            3
        2544         2544         4142        10846            1            3
        2547         2547         4145        10855            1            3
        2550         2550         4148        10861            1            2
        2553         2553         4151        10869            1            3
        2556         2556         4154        10876            1            2
        2559         2559         4157        10883            1            3
        2562         2562         4160        10891            1            2
        2565         2565         4163        10898            1            3
        2568         2568         4166        10907            1            3
        2571         2571         4169        10915            1            3
        2574         2574         4172        10924            1            3
        2577         2577         4175        10933            1            3
        2580         2580         4178        10942            1            3
        2583         2583         4181        10951            1            3
        2586         2586         4186        10964            3            2
        2589         2589         4191        10977            1            3
        2592         2592         4196        10992            1            3
        2595         2595         4199        10999            1            2
        2598         2598         4202        11006            1            2
        2601         2601         4205        11013            1            3
        2604         2604         4208        11022            1            3
        2607         2607         4211        11031            1            3
        2610         2610         4214        11040            1            3
        2613         2613         4221        11057            3            2
        2616         2616         4228        11074            1            3
        2619         2619         4231        11083            1            3
        2622         2622         4240        11107            3            2
        2625         2625         4243        11116            1            3
        2628         2628         4246        11122            1            2
        2631         2631         4249        11128            1            2
        2634         2634         4252        11135            1            3
        2637         2637         4255        11144            1            3
        2640         2640         4258        11153            1            3
        2643         2643         4263        11166            3            2
        2646         2646         4272        11193            3            3
        2649         2649         4281        11214            3            2
        2652         2652         4288        11231            1            3
        2655         2655         4291        11240            1            3
        2658         2658         4294        11249            1            3
        2661         2661         4297        11256            1            2
        2664         2664         4300        11262            1            2
        2667         2667         4303        11268            1            2
        2670         2670         4306        11274            1            2
        2673         2673         4309        11281            1            3
        2676         2676         4312        11290            1            3
        2679         2679         4317        11305            3            3
        2682         2682         4326        11329            3            2
        2685         2685         4335        11350            3            2
        2688         2688         4344        11371            3            2
        2691         2691         4357        11405            7            2
        2694         2694         4361        11416            1            2
        2697         2697         4364        11422            1            2
        2700         2700         4367        11428            1            2
        2703         2703         4370        11434            1            2
        2706         2706         4373        11440            1            2
        2709         2709         4376        11447            1            3
        2712         2712         4379        11456            1            3
        2715         2715         4384        11469            3            2
        2718         2718         4393        11493            3            3
        2721         2721         4402        11518            3            3
        2724         2724         4411        11543            3            3
        2727         2727         4420        11570            3            3
        2730         2730         4435        11603            2            2
        2733         2733         4438        11609            1            2
        2736         2736         4441        11615            1            2
        2739         2739         4444        11621            1            2
        2742         2742         4447        11627            1            2
        2745         2745         4450        11633            1            2
        2748         2748         4453        11639            1            2
        2751         2751         4456        11646            1            3
        2754         2754         4459        11655            1            3
        2757         2757         4466        11672            3            2
        2760         2760         4475        11693            3            2
        2763         2763         4484        11718            3            3
        2766         2766         4493        11739            3            2
        2769         2769         4496        11745            1            2
        2772         2772         4499        11751            1            2
        2775         2775         4502        11757            1            2
        2778         2778         4505        11763            1            2
        2781         2781         4508        11769            1            2
        2784         2784         4511        11775            1            2
        2787         2787         4514        11782            1            3
        2790         2790         4517        11791            1            3
        2793         2793         4520        11800            1            3
        2796         2796         4523        11809            1            3
        2799         2799         4526        11818            1            3
        2802         2802         4529        11826            1            2
        2805         2805         4532        11832            1            2
        2808         2808         4535        11838            1            2
        2811         2811         4538        11844            1            2
        2814         2814         4541        11850            1            2
        2817         2817         4544        11856            1            2
        2820         2820         4547        11863            1            3
        2823         2823         4550        11872            1            3
        2826         2826         4553        11881            1            3
        2829         2829         4556        11890            1            3
        2832         2832         4559        11899            1            3
        2835         2835         4566        11916            3            2
        2838         2838         4573        11932            1            2
        2841         2841         4576        11940            1            2
        2844         2844         4579        11946            1            2
        2847         2847         4582        11952            1            2
        2850         2850         4585        11958            1            2
        2853         2853         4588        11964            1            2
        2856         2856         4591        11970            1            2
        2859         2859         4594        11978            1            3
        2862         2862         4597        11987            1            3
        2865         2865         4600        11996            1            3
        2868         2868         4603        12005            1            3
        2871         2871         4610        12022            3            2
        2874         2874         4619        12044            3            3
        2877         2877         4622        12053            1            3
        2880         2880         4625        12062            1            3
        2883         2883         4628        12070            1            2
        2886         2886         4631        12076            1            2
        2889         2889         4634        12082            1            2
        2892         2892         4637        12088            1            2
        2895         2895         4640        12096            1            3
        2898         2898         4643        12104            1            3
        2901         2901         4646        12113            1            3
        2904         2904         4651        12126            3            2
        2907         2907         4660        12147            3            2
        2910         2910         4665        12160            1            3
        2913         2913         4668        12169            1            3
        2916         2916         4671        12178            1            3
        2919         2919         4674        12185            1            3
        2922         2922         4677        12191            1            2
        2925         2925         4680        12197            1            2
        2928         2928         4683        12203            1            2
        2931         2931         4686        12212            1            3
        2934         2934         4689        12221            1            3
        2937         2937         4692        12230            1            3
        2940         2940         4695        12239            1            3
        2943         2943         4698        12248            1            3
        2946         2946         4701        12257            1            3
        2949         2949         4704        12265            1            3
        2952         2952         4707        12271            1            2
        2955         2955         4710        12277            1            2
        2958         2958         4713        12283            1            2
        2961         2961         4716        12289            1            2
        2964         2964         4719        12295            1            2
        2967         2967         4722        12301            1            2
        2970         2970         4725        12307            1            2
        2973         2973         4728        12316            1            3
        2976         2976         4731        12324            1            3
        2979         2979         4734        12331            1            2
        2982         2982         4737        12340            1            3
        2985         2985         4740        12346            1            2
        2988         2988         4743        12352            1            2
        2991         2991         4746        12358            1            2
        2994         2994         4749        12364            1            2
        2997         2997         4752        12370            1            2
        3000         3000         4755        12376            1            2

 TOTAL NUMBER OF TIME-STEPS COMPLETED      =        3000
 TOTAL NUMBER OF LOAD-STEPS COMPLETED      =        3000
 TOTAL NUMBER OF SUB-STEPS  CONVERGED      =        3923
 TOTAL NUMBER OF SUB-STEPS  DISCARDED      =         832
 TOTAL NUMBER OF ITERATIONS PERFORMED      =       12376

 AVERAGE NUMBER OF SUB-STEPS PER LOAD-STEP =        1.58
 AVERAGE NUMBER OF ITERATIONS PER SUB-STEP =        2.60
 LENGTH OF AVERAGE  CONVERGED SUB-STEP (T) =    0.007647
 LENGTH OF SHORTEST ATTEMPTED SUB-STEP (T) =    0.000439


 N O N L I N E A R   S T A T I C   A N A L Y S I S                      17:30:47

 CASE: DEAD

 STARTING FROM ZERO (UNSTRESSED) INITIAL CONDITIONS

 LOAD CONTROL TYPE                         =       FORCE
 TYPE OF GEOMETRIC NONLINEARITY            =        NONE
 USE EVENT STEPPING                        =         YES
 USE ITERATION                             =         YES
 USE LINE SEARCH                           =          NO
 EVENT LUMPING TOLERANCE                   =    0.010000
 FORCE CONVERGENCE TOLERANCE (RELATIVE)    =    0.000100

 Negative iterations are Constant-Stiffness
 Positive iterations are Newton-Raphson

  Saved    Null   Total  Iteration   Relative  Curr Step   Curr Sum    Max Sum
  Steps   Steps   Steps  this Step  Unbalance       Size   of Steps   of Steps
 (    1      50     200     -10/40   1.000000   1.000000   1.000000   1.000000)

      0       0       1  Conv   -1   0.038891   1.000000   1.000000   1.000000

 ----------------------------------------
 BASIC STABILITY CHECK FOR FORCE-CONTROLLED NONLINEAR STATIC LOAD CASES:
    NUMBER OF NEGATIVE STIFFNESS EIGENVALUES SHOULD BE ZERO FOR STABILITY.
    (NOTE: FURTHER CHECKS SHOULD BE CONSIDERED AS DEEMED NECESSARY)

    NUMBER FOUND AT FINAL CONVERGED STATE  =           0,  OK.
 ----------------------------------------

 NUMBER OF STIFFNESS FORMATIONS/SOLUTIONS  =           2

 TIME FOR INITIALIZING ANALYSIS            =        0.00
 TIME FOR CONTROLLING ANALYSIS             =        0.02
 TIME FOR UPDATING LOADS AND STATE         =        0.00
 TIME FOR FORMING STIFFNESS MATRIX         =        0.00
 TIME FOR SOLVING STIFFNESS MATRIX         =        0.02
 TIME FOR CALCULATING DISPLACEMENTS        =        0.00
 TIME FOR DETERMINING EVENTS               =        0.00
 TIME FOR SAVING RESULTS                   =        0.00
                                               ----------
 TOTAL TIME FOR THIS ANALYSIS              =        0.04


 A N A L Y S I S   C O M P L E T E                          2022/12/27  17:30:48
