

 SAP2000 v22.0.0 Ultimate 64-bit (Analysis Build 9780/64)
 File: C:\Users\Amatek\Documen...n_dissipative_KBF\SAP2000 model\V1\KBF5 (1).LOG




 B E G I N   A N A L Y S I S                                2022/12/24  22:38:37


 RUNNING ANALYSIS WITHIN THE GUI PROCESS
 USING THE ADVANCED SOLVER (PROVIDES LIMITED INSTABILITY INFORMATION)

 NUMBER OF JOINTS                          =          59
    WITH RESTRAINTS                        =           4
 NUMBER OF FRAME/CABLE/TENDON ELEMENTS     =          60
 NUMBER OF LINK/SUPPORT ELEMENTS           =          20
 NUMBER OF LOAD PATTERNS                   =           2
 NUMBER OF ACCELERATION LOADS              =           9
 NUMBER OF LOAD CASES                      =           4

 ADDRESSABLE PHYSICAL MEMORY (RAM)         =       7.914 GB

 PARALLELIZATION OF ANALYSIS OPERATIONS:
 (Env. variable SAPFIRE_NUM_THREADS        =           0)
 NUMBER OF THREADS: STATE (AUTOMATIC)      =           4
 NUMBER OF THREADS: STIFFNESS (AUTOMATIC)  =           4
 NUMBER OF THREADS: EVENT (AUTOMATIC)      =           4
 NUMBER OF THREADS: MOVE (AUTOMATIC)       =           4
 NUMBER OF THREADS: RESPONSE (AUTOMATIC)   =           4
 NUMBER OF THREADS: SOLVE (AUTOMATIC)      =           4
 NUMBER OF THREADS: FORM (AUTOMATIC)       =           4


 E L E M E N T   F O R M A T I O N                                      22:38:37


 NUMBER OF COUPLED CONSTRAINT EQUATIONS    =         100
 REDUCTION OF CONSTRAINTS AND RESTRAINTS:
 NUMBER OF
   CONSTRAINT MASTER DOF BEFORE REDUCTION  =         135
   COUPLED CONSTRAINT/RESTRAINT MASTER DOF =          25
   CONSTRAINT MASTER DOF AFTER REDUCTION   =         110


 L I N E A R   E Q U A T I O N   S O L U T I O N                        22:38:37

 FORMING STIFFNESS AT ZERO (UNSTRESSED) INITIAL CONDITIONS

 TOTAL NUMBER OF EQUILIBRIUM EQUATIONS     =         125
 NUMBER OF NON-ZERO STIFFNESS TERMS        =         889

 ---------------------------------
 BASIC STABILITY CHECK FOR LINEAR LOAD CASES:
    NUMBER OF NEGATIVE STIFFNESS EIGENVALUES SHOULD BE ZERO FOR STABILITY.
    (NOTE: FURTHER CHECKS SHOULD BE CONSIDERED AS DEEMED NECESSARY,
     SUCH AS REVIEWING EIGEN MODES FOR MECHANISMS AND RIGID-BODY MOTION)

    NUMBER OF NEGATIVE EIGENVALUES         =           0,  OK.
 ---------------------------------


 L I N E A R   S T A T I C   C A S E S                                  22:38:37

 USING STIFFNESS AT ZERO (UNSTRESSED) INITIAL CONDITIONS

 TOTAL NUMBER OF CASES TO SOLVE            =           1
 NUMBER OF CASES TO SOLVE PER BLOCK        =           1

 LINEAR STATIC CASES TO BE SOLVED:

 CASE: LL


 E I G E N   M O D A L   A N A L Y S I S                                22:38:37

 CASE: MODAL

 USING STIFFNESS AT ZERO (UNSTRESSED) INITIAL CONDITIONS

 NUMBER OF STIFFNESS DEGREES OF FREEDOM    =         125
 NUMBER OF MASS DEGREES OF FREEDOM         =          90
 MAXIMUM NUMBER OF EIGEN MODES SOUGHT      =          12
 MINIMUM NUMBER OF EIGEN MODES SOUGHT      =           1
 NUMBER OF RESIDUAL-MASS MODES SOUGHT      =           0
 NUMBER OF SUBSPACE VECTORS USED           =          24
 RELATIVE CONVERGENCE TOLERANCE            =    1.00E-09

 FREQUENCY SHIFT  (CENTER) (CYC/TIME)      =     .000000
 FREQUENCY CUTOFF (RADIUS) (CYC/TIME)      =  -INFINITY-
 ALLOW AUTOMATIC FREQUENCY SHIFTING        =         YES


 Original stiffness at shift : EV= 0.0000000E+00, f=     .000000, T=  -INFINITY-
 Number of eigenvalues below shift =      0
 Found mode      1 of     12:  EV= 7.2509241E+01, f=    1.355242, T=    0.737876
 Found mode      2 of     12:  EV= 7.1734661E+02, f=    4.262699, T=    0.234593
 Found mode      3 of     12:  EV= 2.0983533E+03, f=    7.290536, T=    0.137164
 Found mode      4 of     12:  EV= 2.3310892E+03, f=    7.684216, T=    0.130137
 Found mode      5 of     12:  EV= 3.2611646E+03, f=    9.088799, T=    0.110026
 Found mode      6 of     12:  EV= 3.4185339E+03, f=    9.305508, T=    0.107463
 Found mode      7 of     12:  EV= 4.1097256E+03, f=   10.202968, T=    0.098011
 Found mode      8 of     12:  EV= 4.4643107E+03, f=   10.634017, T=    0.094038
 Found mode      9 of     12:  EV= 6.2357943E+03, f=   12.567996, T=    0.079567
 Found mode     10 of     12:  EV= 6.3435935E+03, f=   12.676163, T=    0.078888
 Found mode     11 of     12:  EV= 6.8686983E+03, f=   13.190381, T=    0.075813
 Found mode     12 of     12:  EV= 7.9127045E+03, f=   14.157371, T=    0.070635

 NUMBER OF EIGEN MODES FOUND               =          12
 NUMBER OF ITERATIONS PERFORMED            =           8
 NUMBER OF STIFFNESS SHIFTS                =           0


 N O N L I N E A R   M O D A L   H I S T O R Y   A N A L Y S I S        22:38:37

 CASE: ARTIF1
 ANALYSIS TYPE                             =   NONLINEAR
 STARTING FROM ZERO (UNSTRESSED) INITIAL CONDITIONS
 USING MODES FROM CASE: MODAL
 NUMBER OF DYNAMIC MODES TO BE USED        =          12
 NUMBER OF STATIC-LOAD MODES TO BE USED    =           1
 CONVERGENCE FACTOR                        =    1.000000
 FORCE  CONVERGENCE TOLERANCE              =    1.00E-05
 ENERGY CONVERGENCE TOLERANCE              =    1.00E-05
 MAXIMUM SUB-STEP LENGTH (TIME)            =    0.010000
 MINIMUM SUB-STEP LENGTH (TIME)            =    1.00E-11
 UPPER MAXIMUM NUMBER OF ITERATIONS        =         100
 LOWER MAXIMUM NUMBER OF ITERATIONS        =           2
 MODES ARE TREATED AS STATIC BELOW PERIOD  =    1.0E-101

 TOTAL HISTORY LENGTH (TIME)               =   30.000000
 LENGTH OF TIME-STEPS (TIME)               =    0.010000
 NUMBER OF TIME-STEPS TO BE INTEGRATED     =        3000



 * * * W A R N I N G * * *
 NON-ZERO TIME-HISTORY FUNCTION VALUES WILL BE IGNORED AT START OF LOAD CASE.

 TIME-HISTORY FUNCTIONS WITH A NON-ZERO VALUE AT START OF THE LOAD CASE:
    ARTIF1

 EFFECTIVE MODAL DAMPING RATIOS (CROSS-COUPLING TERMS ARE NEGLECTED)
       1    0.737876    0.050000
       2    0.234593    0.050000
       3    0.137164    0.050000
       4    0.130137    0.050000
       5    0.110026    0.050000
       6    0.107463    0.050000
       7    0.098011    0.050000
       8    0.094038    0.050000
       9    0.079567    0.050000
      10    0.078888    0.050000
      11    0.075813    0.050000
      12    0.070635    0.050000
   Time-step    Load-step     Sub-step    Iteration   Sub-steps/  Iterations/
      number       number       number       number    load-step     sub-step

           1            1            1            2            1            2
           3            3            3            6            1            2
           6            6            6           12            1            2
           9            9            9           18            1            2
          12           12           12           24            1            2
          15           15           15           30            1            2
          18           18           18           36            1            2
          21           21           21           42            1            2
          24           24           24           48            1            2
          27           27           27           54            1            2
          30           30           30           60            1            2
          33           33           33           66            1            2
          36           36           36           72            1            2
          39           39           39           78            1            2
          42           42           42           84            1            2
          45           45           45           90            1            2
          48           48           48           98            1            3
          51           51           51          106            1            3
          54           54           54          115            1            3
          57           57           57          123            1            3
          60           60           60          132            1            3
          63           63           63          138            1            2
          66           66           66          144            1            2
          69           69           69          150            1            2
          72           72           72          156            1            2
          75           75           75          162            1            2
          78           78           78          168            1            2
          81           81           81          175            1            2
          84           84           84          184            1            3
          87           87           87          193            1            3
          90           90           90          202            1            3
          93           93           93          211            1            3
          96           96           96          220            1            3
          99           99           99          229            1            3
         102          102          102          238            1            3
         105          105          105          245            1            2
         108          108          108          253            1            3
         111          111          111          260            1            2
         114          114          114          266            1            2
         117          117          117          272            1            2
         120          120          120          278            1            2
         123          123          123          284            1            2
         126          126          126          292            1            3
         129          129          129          301            1            3
         132          132          132          310            1            3
         135          135          135          319            1            3
         138          138          138          328            1            3
         141          141          141          335            1            2
         144          144          144          341            1            2
         147          147          147          347            1            2
         150          150          150          355            1            3
         153          153          153          364            1            3
         156          156          156          373            1            3
         159          159          163          394            3            3
         162          162          172          418            3            2
         165          165          177          433            1            3
         168          168          180          442            1            3
         171          171          183          450            1            2
         174          174          186          457            1            2
         177          177          189          465            1            3
         180          180          192          474            1            3
         183          183          195          484            1            4
         186          186          200          500            3            3
         189          189          209          527            3            3
         192          192          218          556            3            3
         195          195          227          580            3            2
         198          198          230          589            1            3
         201          201          233          596            1            2
         204          204          236          602            1            2
         207          207          239          609            1            3
         210          210          242          618            1            3
         213          213          249          639            3            3
         216          216          258          666            3            3
         219          219          267          696            3            3
         222          222          276          723            3            3
         225          225          285          752            3            3
         228          228          288          764            1            4
         231          231          291          771            1            2
         234          234          294          777            1            2
         237          237          297          786            1            3
         240          240          300          795            1            3
         243          243          303          804            1            3
         246          246          310          827            1            4
         249          249          319          856            3            3
         252          252          328          886            3            3
         255          255          337          916            3            3
         258          258          346          946            3            3
         261          261          360          989            6            3
         264          264          376         1035            4            3
         267          267          382         1053            1            3
         270          270          402         1108            8            3
         273          273          411         1133            1            3
         276          276          414         1139            1            2
         279          279          417         1148            1            3
         282          282          420         1155            1            3
         285          285          425         1170            3            3
         288          288          434         1197            3            3
         291          291          443         1220            3            3
         294          294          452         1247            3            3
         297          297          461         1277            3            3
         300          300          470         1307            3            3
         303          303          481         1339            5            3
         306          306          493         1371            4            3
         309          309          511         1415            2            3
         312          312          514         1425            1            3
         315          315          517         1435            1            4
         318          318          520         1443            1            2
         321          321          523         1449            1            2
         324          324          526         1457            1            3
         327          327          529         1465            1            2
         330          330          532         1473            1            3
         333          333          535         1482            1            3
         336          336          544         1505            3            3
         339          339          553         1532            3            3
         342          342          562         1557            5            3
         345          345          574         1584            4            2
         348          348          578         1596            1            3
         351          351          589         1626            5            3
         354          354          607         1667            6            2
         357          357          616         1689            3            2
         360          360          619         1698            1            3
         363          363          622         1707            1            3
         366          366          625         1716            1            3
         369          369          628         1722            1            2
         372          372          631         1728            1            2
         375          375          634         1735            1            3
         378          378          639         1746            3            2
         381          381          648         1767            3            2
         384          384          651         1775            1            2
         387          387          656         1790            3            3
         390          390          665         1817            3            3
         393          393          672         1834            3            2
         396          396          677         1847            1            3
         399          399          686         1868            3            2
         402          402          695         1889            3            2
         405          405          704         1913            3            3
         408          408          713         1938            5            3
         411          411          727         1968            4            2
         414          414          731         1977            1            3
         417          417          734         1985            1            2
         420          420          737         1991            1            2
         423          423          740         2000            1            3
         426          426          743         2007            1            2
         429          429          746         2016            1            3
         432          432          749         2024            1            3
         435          435          752         2033            1            3
         438          438          761         2054            3            2
         441          441          766         2065            1            2
         444          444          769         2071            1            2
         447          447          772         2080            1            3
         450          450          775         2086            1            2
         453          453          778         2094            1            3
         456          456          781         2102            1            3
         459          459          784         2111            1            3
         462          462          791         2132            3            3
         465          465          800         2158            3            3
         468          468          807         2179            1            3
         471          471          816         2204            5            3
         474          474          850         2286            8            3
         477          477          854         2295            1            2
         480          480          857         2302            1            3
         483          483          860         2309            1            2
         486          486          863         2318            1            3
         489          489          866         2327            1            3
         492          492          873         2348            3            3
         495          495          882         2375            3            3
         498          498          891         2402            3            3
         501          501          900         2431            5            3
         504          504          925         2487            3            2
         507          507          929         2495            1            2
         510          510          932         2501            1            2
         513          513          935         2507            1            2
         516          516          938         2514            1            3
         519          519          941         2523            1            3
         522          522          944         2532            1            3
         525          525          947         2541            1            3
         528          528          956         2567            3            3
         531          531          965         2594            3            3
         534          534          974         2621            3            3
         537          537          979         2639            1            4
         540          540          994         2684            4            3
         543          543          998         2694            1            2
         546          546         1001         2700            1            2
         549          549         1004         2707            1            2
         552          552         1007         2714            1            3
         555          555         1010         2723            1            3
         558          558         1013         2732            1            3
         561          561         1016         2741            1            3
         564          564         1019         2752            1            4
         567          567         1024         2768            3            3
         570          570         1033         2798            3            3
         573          573         1042         2826            3            3
         576          576         1051         2853            3            3
         579          579         1062         2885            5            3
         582          582         1066         2896            1            2
         585          585         1069         2902            1            2
         588          588         1072         2908            1            2
         591          591         1075         2914            1            2
         594          594         1078         2922            1            3
         597          597         1087         2947            3            3
         600          600         1096         2973            3            3
         603          603         1105         3000            3            3
         606          606         1114         3028            3            3
         609          609         1123         3056            3            3
         612          612         1132         3085            3            3
         615          615         1141         3114            3            3
         618          618         1148         3134            1            3
         621          621         1151         3143            1            3
         624          624         1154         3152            1            2
         627          627         1157         3158            1            2
         630          630         1160         3164            1            2
         633          633         1163         3172            1            3
         636          636         1166         3181            1            3
         639          639         1175         3208            3            3
         642          642         1184         3238            3            3
         645          645         1193         3266            3            3
         648          648         1202         3293            3            3
         651          651         1211         3320            3            3
         654          654         1222         3352            5            3
         657          657         1226         3362            1            2
         660          660         1229         3368            1            2
         663          663         1232         3374            1            2
         666          666         1235         3380            1            2
         669          669         1238         3388            1            3
         672          672         1241         3397            1            3
         675          675         1250         3424            3            3
         678          678         1259         3451            3            3
         681          681         1268         3478            3            3
         684          684         1277         3506            3            3
         687          687         1286         3533            3            3
         690          690         1293         3553            1            3
         693          693         1296         3559            1            2
         696          696         1299         3565            1            2
         699          699         1302         3573            1            3
         702          702         1305         3580            1            2
         705          705         1308         3587            1            3
         708          708         1311         3596            1            3
         711          711         1316         3611            3            3
         714          714         1325         3639            3            3
         717          717         1334         3667            3            3
         720          720         1343         3696            3            3
         723          723         1352         3723            3            3
         726          726         1359         3743            1            3
         729          729         1362         3750            1            2
         732          732         1365         3759            1            3
         735          735         1368         3765            1            2
         738          738         1371         3772            1            3
         741          741         1374         3778            1            2
         744          744         1377         3787            1            3
         747          747         1380         3796            1            3
         750          750         1387         3817            3            3
         753          753         1396         3844            3            3
         756          756         1405         3871            3            3
         759          759         1414         3900            3            3
         762          762         1419         3914            1            3
         765          765         1422         3921            1            3
         768          768         1425         3928            1            2
         771          771         1428         3934            1            2
         774          774         1431         3940            1            2
         777          777         1434         3946            1            2
         780          780         1437         3955            1            3
         783          783         1440         3964            1            3
         786          786         1445         3979            3            3
         789          789         1454         4006            3            3
         792          792         1463         4033            3            3
         795          795         1472         4058            3            2
         798          798         1477         4071            1            3
         801          801         1480         4078            1            2
         804          804         1483         4087            1            3
         807          807         1486         4093            1            2
         810          810         1489         4099            1            2
         813          813         1492         4105            1            2
         816          816         1495         4114            1            3
         819          819         1500         4129            3            3
         822          822         1509         4155            3            3
         825          825         1518         4182            3            3
         828          828         1527         4205            3            2
         831          831         1536         4228            3            3
         834          834         1545         4252            3            2
         837          837         1550         4263            1            2
         840          840         1553         4269            1            2
         843          843         1556         4275            1            2
         846          846         1559         4281            1            2
         849          849         1562         4287            1            2
         852          852         1565         4294            1            3
         855          855         1568         4303            1            3
         858          858         1577         4325            3            2
         861          861         1586         4346            3            2
         864          864         1595         4371            3            3
         867          867         1604         4397            3            3
         870          870         1611         4418            1            3
         873          873         1614         4425            1            2
         876          876         1617         4431            1            2
         879          879         1620         4437            1            2
         882          882         1623         4443            1            2
         885          885         1626         4452            1            3
         888          888         1629         4461            1            3
         891          891         1632         4470            1            3
         894          894         1635         4479            1            3
         897          897         1638         4488            1            3
         900          900         1645         4509            3            3
         903          903         1654         4536            3            3
         906          906         1663         4565            3            3
         909          909         1670         4584            3            3
         912          912         1675         4598            1            3
         915          915         1678         4606            1            2
         918          918         1681         4612            1            2
         921          921         1684         4620            1            2
         924          924         1687         4629            1            3
         927          927         1690         4638            1            3
         930          930         1693         4647            1            3
         933          933         1702         4674            3            3
         936          936         1711         4701            3            3
         939          939         1720         4728            3            3
         942          942         1729         4755            3            3
         945          945         1734         4770            1            3
         948          948         1737         4782            1            4
         951          951         1740         4791            1            3
         954          954         1743         4800            1            3
         957          957         1746         4808            1            3
         960          960         1749         4816            1            3
         963          963         1752         4825            1            3
         966          966         1755         4834            1            3
         969          969         1760         4849            3            3
         972          972         1769         4875            3            3
         975          975         1778         4900            3            3
         978          978         1783         4915            1            3
         981          981         1792         4942            3            3
         984          984         1795         4951            1            3
         987          987         1798         4957            1            2
         990          990         1801         4963            1            2
         993          993         1804         4970            1            3
         996          996         1807         4977            1            2
         999          999         1810         4984            1            2
        1002         1002         1813         4993            1            3
        1005         1005         1816         5002            1            3
        1008         1008         1819         5011            1            3
        1011         1011         1822         5020            1            3
        1014         1014         1825         5029            1            3
        1017         1017         1828         5039            1            4
        1020         1020         1831         5048            1            3
        1023         1023         1840         5070            3            2
        1026         1026         1845         5084            1            2
        1029         1029         1848         5092            1            3
        1032         1032         1851         5101            1            3
        1035         1035         1854         5109            1            2
        1038         1038         1857         5117            1            3
        1041         1041         1860         5126            1            3
        1044         1044         1863         5135            1            3
        1047         1047         1870         5156            3            3
        1050         1050         1879         5183            3            3
        1053         1053         1884         5198            1            3
        1056         1056         1891         5219            3            3
        1059         1059         1900         5246            3            3
        1062         1062         1909         5273            3            3
        1065         1065         1912         5283            1            3
        1068         1068         1915         5292            1            3
        1071         1071         1918         5299            1            2
        1074         1074         1921         5305            1            2
        1077         1077         1924         5314            1            3
        1080         1080         1927         5321            1            2
        1083         1083         1930         5329            1            3
        1086         1086         1935         5344            3            3
        1089         1089         1940         5359            1            3
        1092         1092         1947         5380            3            3
        1095         1095         1956         5405            3            2
        1098         1098         1965         5432            3            3
        1101         1101         1980         5469            9            2
        1104         1104         1987         5483            1            2
        1107         1107         1990         5489            1            2
        1110         1110         1993         5495            1            2
        1113         1113         1996         5501            1            2
        1116         1116         1999         5507            1            2
        1119         1119         2002         5515            1            3
        1122         1122         2005         5524            1            3
        1125         1125         2008         5533            1            3
        1128         1128         2011         5542            1            3
        1131         1131         2020         5568            3            3
        1134         1134         2029         5594            3            3
        1137         1137         2038         5617            3            2
        1140         1140         2043         5630            1            3
        1143         1143         2046         5638            1            2
        1146         1146         2049         5644            1            2
        1149         1149         2052         5650            1            2
        1152         1152         2055         5656            1            2
        1155         1155         2058         5663            1            3
        1158         1158         2061         5672            1            3
        1161         1161         2064         5682            1            4
        1164         1164         2071         5704            3            3
        1167         1167         2080         5730            3            3
        1170         1170         2089         5757            3            3
        1173         1173         2098         5785            3            3
        1176         1176         2105         5807            1            4
        1179         1179         2108         5816            1            2
        1182         1182         2111         5822            1            2
        1185         1185         2114         5828            1            2
        1188         1188         2117         5835            1            3
        1191         1191         2124         5856            3            3
        1194         1194         2131         5879            1            3
        1197         1197         2136         5896            3            3
        1200         1200         2145         5926            3            3
        1203         1203         2154         5953            3            3
        1206         1206         2163         5982            3            3
        1209         1209         2172         6009            3            3
        1212         1212         2183         6039            2            3
        1215         1215         2186         6048            1            2
        1218         1218         2189         6054            1            2
        1221         1221         2192         6060            1            2
        1224         1224         2195         6068            1            3
        1227         1227         2202         6087            3            2
        1230         1230         2211         6112            3            3
        1233         1233         2218         6134            3            3
        1236         1236         2227         6164            3            3
        1239         1239         2236         6191            3            3
        1242         1242         2245         6219            3            3
        1245         1245         2254         6248            3            3
        1248         1248         2272         6295           10            2
        1251         1251         2278         6308            1            2
        1254         1254         2281         6315            1            3
        1257         1257         2284         6322            1            2
        1260         1260         2287         6328            1            2
        1263         1263         2290         6337            1            3
        1266         1266         2293         6346            1            3
        1269         1269         2298         6361            3            3
        1272         1272         2307         6388            3            3
        1275         1275         2316         6418            3            3
        1278         1278         2325         6445            3            3
        1281         1281         2334         6472            3            3
        1284         1284         2343         6499            3            3
        1287         1287         2346         6507            1            2
        1290         1290         2349         6515            1            3
        1293         1293         2352         6522            1            2
        1296         1296         2355         6528            1            2
        1299         1299         2358         6536            1            3
        1302         1302         2361         6545            1            3
        1305         1305         2364         6554            1            3
        1308         1308         2369         6569            3            3
        1311         1311         2378         6598            3            3
        1314         1314         2387         6627            3            3
        1317         1317         2394         6650            1            4
        1320         1320         2411         6697            3            3
        1323         1323         2417         6715            1            3
        1326         1326         2420         6723            1            3
        1329         1329         2423         6729            1            2
        1332         1332         2426         6736            1            3
        1335         1335         2429         6745            1            3
        1338         1338         2432         6754            1            3
        1341         1341         2435         6764            1            3
        1344         1344         2442         6785            3            3
        1347         1347         2451         6813            3            3
        1350         1350         2460         6842            3            3
        1353         1353         2467         6863            1            3
        1356         1356         2470         6872            1            3
        1359         1359         2473         6881            1            3
        1362         1362         2476         6890            1            3
        1365         1365         2479         6896            1            2
        1368         1368         2482         6902            1            2
        1371         1371         2485         6911            1            3
        1374         1374         2488         6920            1            3
        1377         1377         2495         6941            3            3
        1380         1380         2502         6962            3            3
        1383         1383         2511         6991            3            3
        1386         1386         2520         7018            3            3
        1389         1389         2525         7033            1            3
        1392         1392         2528         7042            1            3
        1395         1395         2533         7057            1            3
        1398         1398         2536         7065            1            2
        1401         1401         2539         7071            1            2
        1404         1404         2542         7078            1            2
        1407         1407         2545         7087            1            3
        1410         1410         2548         7096            1            3
        1413         1413         2551         7105            1            3
        1416         1416         2556         7118            3            2
        1419         1419         2565         7142            3            3
        1422         1422         2574         7165            3            2
        1425         1425         2577         7174            1            3
        1428         1428         2586         7199            5            3
        1431         1431         2602         7234            6            2
        1434         1434         2609         7249            1            2
        1437         1437         2612         7258            1            3
        1440         1440         2615         7267            1            3
        1443         1443         2618         7275            1            2
        1446         1446         2621         7281            1            2
        1449         1449         2624         7287            1            2
        1452         1452         2627         7293            1            2
        1455         1455         2630         7299            1            2
        1458         1458         2633         7306            1            3
        1461         1461         2636         7315            1            3
        1464         1464         2639         7324            1            3
        1467         1467         2646         7341            1            3
        1470         1470         2649         7348            1            2
        1473         1473         2652         7356            1            3
        1476         1476         2655         7363            1            2
        1479         1479         2658         7372            1            3
        1482         1482         2661         7381            1            3
        1485         1485         2664         7387            1            2
        1488         1488         2667         7396            1            3
        1491         1491         2670         7404            1            2
        1494         1494         2673         7413            1            3
        1497         1497         2676         7419            1            2
        1500         1500         2679         7428            1            3
        1503         1503         2682         7434            1            2
        1506         1506         2685         7440            1            2
        1509         1509         2688         7446            1            2
        1512         1512         2691         7452            1            2
        1515         1515         2694         7458            1            2
        1518         1518         2697         7465            1            2
        1521         1521         2700         7472            1            2
        1524         1524         2703         7478            1            2
        1527         1527         2706         7486            1            3
        1530         1530         2709         7492            1            2
        1533         1533         2712         7498            1            2
        1536         1536         2715         7505            1            3
        1539         1539         2718         7513            1            3
        1542         1542         2721         7520            1            2
        1545         1545         2724         7527            1            2
        1548         1548         2727         7535            1            3
        1551         1551         2730         7544            1            3
        1554         1554         2733         7553            1            3
        1557         1557         2736         7561            1            2
        1560         1560         2739         7567            1            2
        1563         1563         2742         7573            1            2
        1566         1566         2745         7581            1            3
        1569         1569         2748         7590            1            3
        1572         1572         2751         7599            1            3
        1575         1575         2754         7608            1            3
        1578         1578         2757         7617            1            3
        1581         1581         2760         7626            1            3
        1584         1584         2763         7635            1            3
        1587         1587         2766         7644            1            3
        1590         1590         2769         7651            1            2
        1593         1593         2772         7659            1            2
        1596         1596         2775         7668            1            3
        1599         1599         2778         7674            1            2
        1602         1602         2781         7680            1            2
        1605         1605         2784         7686            1            2
        1608         1608         2787         7694            1            3
        1611         1611         2790         7703            1            3
        1614         1614         2793         7712            1            3
        1617         1617         2796         7721            1            3
        1620         1620         2799         7730            1            3
        1623         1623         2802         7739            1            3
        1626         1626         2805         7748            1            3
        1629         1629         2808         7755            1            2
        1632         1632         2811         7763            1            3
        1635         1635         2814         7770            1            2
        1638         1638         2817         7776            1            2
        1641         1641         2820         7782            1            2
        1644         1644         2823         7790            1            3
        1647         1647         2826         7799            1            3
        1650         1650         2829         7808            1            3
        1653         1653         2832         7817            1            3
        1656         1656         2835         7826            1            3
        1659         1659         2838         7835            1            3
        1662         1662         2841         7844            1            3
        1665         1665         2844         7852            1            2
        1668         1668         2847         7858            1            2
        1671         1671         2850         7864            1            2
        1674         1674         2853         7870            1            2
        1677         1677         2856         7876            1            2
        1680         1680         2859         7883            1            3
        1683         1683         2862         7892            1            3
        1686         1686         2865         7901            1            3
        1689         1689         2868         7910            1            3
        1692         1692         2871         7919            1            3
        1695         1695         2878         7935            1            2
        1698         1698         2881         7942            1            2
        1701         1701         2884         7948            1            2
        1704         1704         2887         7956            1            3
        1707         1707         2890         7962            1            2
        1710         1710         2893         7970            1            3
        1713         1713         2896         7979            1            3
        1716         1716         2899         7988            1            3
        1719         1719         2902         7997            1            3
        1722         1722         2905         8006            1            3
        1725         1725         2912         8027            3            3
        1728         1728         2921         8054            3            3
        1731         1731         2926         8067            1            3
        1734         1734         2929         8075            1            2
        1737         1737         2932         8084            1            3
        1740         1740         2935         8091            1            2
        1743         1743         2938         8097            1            2
        1746         1746         2941         8103            1            2
        1749         1749         2944         8111            1            3
        1752         1752         2947         8120            1            3
        1755         1755         2950         8129            1            3
        1758         1758         2957         8149            3            3
        1761         1761         2966         8174            3            3
        1764         1764         2975         8196            3            2
        1767         1767         2984         8220            3            3
        1770         1770         2987         8226            1            2
        1773         1773         2990         8232            1            2
        1776         1776         2993         8238            1            2
        1779         1779         2996         8244            1            2
        1782         1782         2999         8252            1            3
        1785         1785         3002         8258            1            2
        1788         1788         3005         8266            1            3
        1791         1791         3008         8275            1            3
        1794         1794         3011         8284            1            3
        1797         1797         3018         8305            3            3
        1800         1800         3027         8331            3            3
        1803         1803         3036         8358            3            3
        1806         1806         3043         8378            1            3
        1809         1809         3046         8386            1            2
        1812         1812         3049         8392            1            2
        1815         1815         3052         8398            1            2
        1818         1818         3055         8404            1            2
        1821         1821         3058         8410            1            2
        1824         1824         3061         8416            1            2
        1827         1827         3064         8425            1            3
        1830         1830         3067         8434            1            3
        1833         1833         3070         8443            1            3
        1836         1836         3077         8460            3            2
        1839         1839         3086         8481            3            2
        1842         1842         3095         8502            3            2
        1845         1845         3100         8515            1            3
        1848         1848         3103         8521            1            2
        1851         1851         3106         8527            1            2
        1854         1854         3109         8533            1            2
        1857         1857         3112         8539            1            2
        1860         1860         3115         8545            1            2
        1863         1863         3118         8552            1            3
        1866         1866         3121         8560            1            3
        1869         1869         3124         8569            1            3
        1872         1872         3131         8586            3            2
        1875         1875         3140         8607            3            2
        1878         1878         3149         8631            3            3
        1881         1881         3156         8650            3            2
        1884         1884         3159         8658            1            2
        1887         1887         3162         8666            1            3
        1890         1890         3165         8673            1            2
        1893         1893         3168         8679            1            2
        1896         1896         3171         8685            1            2
        1899         1899         3174         8691            1            2
        1902         1902         3177         8699            1            3
        1905         1905         3180         8708            1            3
        1908         1908         3187         8727            3            3
        1911         1911         3196         8753            3            3
        1914         1914         3205         8775            3            3
        1917         1917         3214         8800            3            3
        1920         1920         3221         8821            1            3
        1923         1923         3224         8827            1            2
        1926         1926         3227         8833            1            2
        1929         1929         3230         8841            1            2
        1932         1932         3233         8847            1            2
        1935         1935         3236         8853            1            2
        1938         1938         3239         8860            1            3
        1941         1941         3242         8869            1            3
        1944         1944         3245         8878            1            3
        1947         1947         3254         8902            3            2
        1950         1950         3261         8922            1            3
        1953         1953         3264         8931            1            3
        1956         1956         3267         8940            1            3
        1959         1959         3270         8947            1            2
        1962         1962         3273         8953            1            2
        1965         1965         3276         8959            1            2
        1968         1968         3279         8965            1            2
        1971         1971         3282         8971            1            2
        1974         1974         3285         8977            1            2
        1977         1977         3288         8984            1            3
        1980         1980         3291         8993            1            3
        1983         1983         3294         9001            1            3
        1986         1986         3297         9010            1            3
        1989         1989         3300         9018            1            3
        1992         1992         3303         9027            1            3
        1995         1995         3306         9033            1            2
        1998         1998         3309         9039            1            2
        2001         2001         3312         9045            1            2
        2004         2004         3315         9051            1            2
        2007         2007         3318         9057            1            2
        2010         2010         3321         9063            1            2
        2013         2013         3324         9069            1            2
        2016         2016         3327         9075            1            2
        2019         2019         3330         9081            1            2
        2022         2022         3333         9087            1            2
        2025         2025         3336         9093            1            2
        2028         2028         3339         9099            1            2
        2031         2031         3342         9105            1            2
        2034         2034         3345         9111            1            2
        2037         2037         3348         9117            1            2
        2040         2040         3351         9123            1            2
        2043         2043         3354         9129            1            2
        2046         2046         3357         9135            1            2
        2049         2049         3360         9141            1            2
        2052         2052         3363         9147            1            2
        2055         2055         3366         9153            1            2
        2058         2058         3369         9161            1            2
        2061         2061         3372         9168            1            2
        2064         2064         3375         9175            1            2
        2067         2067         3378         9183            1            3
        2070         2070         3381         9190            1            3
        2073         2073         3384         9197            1            2
        2076         2076         3387         9203            1            2
        2079         2079         3390         9209            1            2
        2082         2082         3393         9215            1            2
        2085         2085         3396         9221            1            2
        2088         2088         3399         9227            1            2
        2091         2091         3402         9236            1            3
        2094         2094         3405         9245            1            3
        2097         2097         3408         9253            1            2
        2100         2100         3411         9259            1            2
        2103         2103         3414         9266            1            2
        2106         2106         3417         9272            1            2
        2109         2109         3420         9278            1            2
        2112         2112         3423         9284            1            2
        2115         2115         3426         9292            1            3
        2118         2118         3429         9301            1            3
        2121         2121         3432         9310            1            3
        2124         2124         3435         9319            1            3
        2127         2127         3438         9328            1            3
        2130         2130         3443         9341            3            2
        2133         2133         3450         9356            1            2
        2136         2136         3453         9362            1            2
        2139         2139         3456         9368            1            2
        2142         2142         3459         9374            1            2
        2145         2145         3462         9380            1            2
        2148         2148         3465         9388            1            2
        2151         2151         3468         9397            1            3
        2154         2154         3471         9406            1            3
        2157         2157         3474         9415            1            3
        2160         2160         3477         9424            1            3
        2163         2163         3480         9433            1            3
        2166         2166         3483         9442            1            3
        2169         2169         3486         9451            1            3
        2172         2172         3489         9458            1            2
        2175         2175         3492         9464            1            2
        2178         2178         3495         9470            1            2
        2181         2181         3498         9476            1            2
        2184         2184         3501         9482            1            2
        2187         2187         3504         9489            1            3
        2190         2190         3507         9495            1            2
        2193         2193         3510         9501            1            2
        2196         2196         3513         9510            1            3
        2199         2199         3516         9519            1            3
        2202         2202         3519         9528            1            3
        2205         2205         3522         9537            1            3
        2208         2208         3525         9546            1            3
        2211         2211         3528         9554            1            2
        2214         2214         3531         9560            1            2
        2217         2217         3534         9569            1            3
        2220         2220         3537         9575            1            2
        2223         2223         3540         9581            1            2
        2226         2226         3543         9587            1            2
        2229         2229         3546         9593            1            2
        2232         2232         3549         9599            1            2
        2235         2235         3552         9606            1            3
        2238         2238         3555         9613            1            2
        2241         2241         3558         9620            1            3
        2244         2244         3561         9627            1            2
        2247         2247         3564         9634            1            2
        2250         2250         3567         9640            1            2
        2253         2253         3570         9646            1            2
        2256         2256         3573         9652            1            2
        2259         2259         3576         9658            1            2
        2262         2262         3579         9664            1            2
        2265         2265         3582         9670            1            2
        2268         2268         3585         9676            1            2
        2271         2271         3588         9682            1            2
        2274         2274         3591         9688            1            2
        2277         2277         3594         9694            1            2
        2280         2280         3597         9702            1            3
        2283         2283         3600         9710            1            3
        2286         2286         3603         9719            1            3
        2289         2289         3606         9727            1            2
        2292         2292         3609         9736            1            3
        2295         2295         3612         9742            1            2
        2298         2298         3615         9748            1            2
        2301         2301         3618         9754            1            2
        2304         2304         3621         9760            1            2
        2307         2307         3624         9766            1            2
        2310         2310         3627         9773            1            3
        2313         2313         3630         9781            1            3
        2316         2316         3633         9789            1            2
        2319         2319         3636         9798            1            3
        2322         2322         3639         9807            1            3
        2325         2325         3642         9813            1            2
        2328         2328         3645         9820            1            2
        2331         2331         3648         9826            1            2
        2334         2334         3651         9832            1            2
        2337         2337         3654         9838            1            2
        2340         2340         3657         9844            1            2
        2343         2343         3660         9850            1            2
        2346         2346         3663         9856            1            2
        2349         2349         3666         9862            1            2
        2352         2352         3669         9868            1            2
        2355         2355         3672         9874            1            2
        2358         2358         3675         9880            1            2
        2361         2361         3678         9886            1            2
        2364         2364         3681         9894            1            3
        2367         2367         3684         9902            1            2
        2370         2370         3687         9908            1            2
        2373         2373         3690         9914            1            2
        2376         2376         3693         9920            1            2
        2379         2379         3696         9927            1            3
        2382         2382         3699         9933            1            2
        2385         2385         3702         9939            1            2
        2388         2388         3705         9945            1            2
        2391         2391         3708         9951            1            2
        2394         2394         3711         9957            1            2
        2397         2397         3714         9963            1            2
        2400         2400         3717         9969            1            2
        2403         2403         3720         9975            1            2
        2406         2406         3723         9981            1            2
        2409         2409         3726         9987            1            2
        2412         2412         3729         9993            1            2
        2415         2415         3732        10000            1            2
        2418         2418         3735        10007            1            2
        2421         2421         3738        10014            1            3
        2424         2424         3741        10020            1            2
        2427         2427         3744        10026            1            2
        2430         2430         3747        10035            1            3
        2433         2433         3750        10042            1            2
        2436         2436         3753        10048            1            2
        2439         2439         3756        10055            1            3
        2442         2442         3763        10072            3            2
        2445         2445         3768        10086            1            2
        2448         2448         3771        10092            1            2
        2451         2451         3774        10101            1            3
        2454         2454         3783        10122            3            2
        2457         2457         3786        10131            1            3
        2460         2460         3789        10140            1            3
        2463         2463         3792        10149            1            3
        2466         2466         3795        10158            1            3
        2469         2469         3798        10167            1            3
        2472         2472         3803        10180            3            2
        2475         2475         3812        10201            3            2
        2478         2478         3817        10213            1            2
        2481         2481         3820        10221            1            3
        2484         2484         3823        10230            1            3
        2487         2487         3826        10238            1            2
        2490         2490         3829        10244            1            2
        2493         2493         3832        10252            1            3
        2496         2496         3835        10261            1            3
        2499         2499         3838        10270            1            3
        2502         2502         3841        10279            1            3
        2505         2505         3844        10288            1            3
        2508         2508         3849        10301            3            2
        2511         2511         3854        10313            1            2
        2514         2514         3857        10319            1            2
        2517         2517         3860        10325            1            2
        2520         2520         3863        10332            1            3
        2523         2523         3866        10339            1            2
        2526         2526         3869        10347            1            3
        2529         2529         3872        10356            1            3
        2532         2532         3875        10365            1            3
        2535         2535         3878        10374            1            3
        2538         2538         3881        10383            1            3
        2541         2541         3884        10392            1            3
        2544         2544         3887        10401            1            3
        2547         2547         3890        10410            1            3
        2550         2550         3893        10416            1            2
        2553         2553         3896        10424            1            3
        2556         2556         3899        10432            1            2
        2559         2559         3902        10439            1            3
        2562         2562         3905        10447            1            2
        2565         2565         3908        10453            1            2
        2568         2568         3911        10461            1            3
        2571         2571         3914        10470            1            3
        2574         2574         3917        10479            1            3
        2577         2577         3920        10488            1            3
        2580         2580         3925        10502            3            3
        2583         2583         3934        10524            3            2
        2586         2586         3937        10533            1            3
        2589         2589         3940        10542            1            3
        2592         2592         3947        10560            3            2
        2595         2595         3950        10567            1            2
        2598         2598         3953        10575            1            2
        2601         2601         3956        10583            1            3
        2604         2604         3959        10592            1            3
        2607         2607         3962        10601            1            3
        2610         2610         3965        10610            1            3
        2613         2613         3974        10633            3            2
        2616         2616         3983        10654            3            2
        2619         2619         3986        10663            1            3
        2622         2622         3995        10684            3            2
        2625         2625         3998        10693            1            3
        2628         2628         4001        10699            1            2
        2631         2631         4004        10705            1            2
        2634         2634         4007        10712            1            3
        2637         2637         4010        10721            1            3
        2640         2640         4013        10730            1            3
        2643         2643         4016        10739            1            3
        2646         2646         4025        10764            3            3
        2649         2649         4034        10786            3            2
        2652         2652         4041        10803            1            3
        2655         2655         4044        10812            1            3
        2658         2658         4047        10821            1            3
        2661         2661         4050        10828            1            2
        2664         2664         4053        10834            1            2
        2667         2667         4056        10840            1            2
        2670         2670         4059        10847            1            3
        2673         2673         4062        10856            1            3
        2676         2676         4065        10865            1            3
        2679         2679         4070        10880            3            3
        2682         2682         4079        10902            3            2
        2685         2685         4088        10923            3            2
        2688         2688         4097        10944            3            2
        2691         2691         4106        10970            3            3
        2694         2694         4111        10983            1            3
        2697         2697         4114        10989            1            2
        2700         2700         4117        10995            1            2
        2703         2703         4120        11001            1            2
        2706         2706         4123        11007            1            2
        2709         2709         4126        11013            1            2
        2712         2712         4129        11022            1            3
        2715         2715         4134        11037            3            3
        2718         2718         4143        11059            3            2
        2721         2721         4152        11082            3            3
        2724         2724         4161        11106            3            3
        2727         2727         4170        11133            3            3
        2730         2730         4182        11161            2            2
        2733         2733         4185        11167            1            2
        2736         2736         4188        11173            1            2
        2739         2739         4191        11179            1            2
        2742         2742         4194        11185            1            2
        2745         2745         4197        11191            1            2
        2748         2748         4200        11197            1            2
        2751         2751         4203        11206            1            3
        2754         2754         4208        11219            3            2
        2757         2757         4217        11240            3            2
        2760         2760         4226        11261            3            2
        2763         2763         4235        11284            3            3
        2766         2766         4244        11305            3            2
        2769         2769         4247        11311            1            2
        2772         2772         4250        11317            1            2
        2775         2775         4253        11323            1            2
        2778         2778         4256        11329            1            2
        2781         2781         4259        11335            1            2
        2784         2784         4262        11341            1            2
        2787         2787         4265        11348            1            3
        2790         2790         4268        11357            1            3
        2793         2793         4271        11366            1            3
        2796         2796         4274        11375            1            3
        2799         2799         4277        11384            1            3
        2802         2802         4280        11392            1            2
        2805         2805         4283        11398            1            2
        2808         2808         4286        11404            1            2
        2811         2811         4289        11410            1            2
        2814         2814         4292        11416            1            2
        2817         2817         4295        11422            1            2
        2820         2820         4298        11429            1            3
        2823         2823         4301        11438            1            3
        2826         2826         4304        11447            1            3
        2829         2829         4307        11456            1            3
        2832         2832         4310        11465            1            3
        2835         2835         4319        11487            3            3
        2838         2838         4326        11503            1            2
        2841         2841         4329        11512            1            3
        2844         2844         4332        11521            1            3
        2847         2847         4335        11528            1            2
        2850         2850         4338        11534            1            2
        2853         2853         4341        11540            1            2
        2856         2856         4344        11546            1            2
        2859         2859         4347        11554            1            3
        2862         2862         4350        11563            1            3
        2865         2865         4353        11572            1            3
        2868         2868         4356        11581            1            3
        2871         2871         4365        11602            3            2
        2874         2874         4372        11619            1            3
        2877         2877         4375        11628            1            3
        2880         2880         4378        11637            1            3
        2883         2883         4381        11646            1            3
        2886         2886         4384        11652            1            2
        2889         2889         4387        11658            1            2
        2892         2892         4390        11664            1            2
        2895         2895         4393        11671            1            3
        2898         2898         4396        11679            1            3
        2901         2901         4399        11688            1            3
        2904         2904         4406        11705            3            2
        2907         2907         4415        11726            3            2
        2910         2910         4420        11739            1            3
        2913         2913         4423        11748            1            3
        2916         2916         4426        11757            1            3
        2919         2919         4429        11766            1            3
        2922         2922         4432        11772            1            2
        2925         2925         4435        11778            1            2
        2928         2928         4438        11784            1            2
        2931         2931         4441        11792            1            3
        2934         2934         4444        11800            1            3
        2937         2937         4447        11809            1            3
        2940         2940         4450        11818            1            3
        2943         2943         4453        11827            1            3
        2946         2946         4456        11836            1            3
        2949         2949         4459        11844            1            3
        2952         2952         4462        11852            1            2
        2955         2955         4465        11858            1            2
        2958         2958         4468        11864            1            2
        2961         2961         4471        11870            1            2
        2964         2964         4474        11876            1            2
        2967         2967         4477        11882            1            2
        2970         2970         4480        11890            1            2
        2973         2973         4483        11899            1            3
        2976         2976         4486        11907            1            3
        2979         2979         4489        11915            1            3
        2982         2982         4492        11924            1            3
        2985         2985         4495        11930            1            2
        2988         2988         4498        11936            1            2
        2991         2991         4501        11942            1            2
        2994         2994         4504        11948            1            2
        2997         2997         4507        11954            1            2
        3000         3000         4510        11960            1            2

 TOTAL NUMBER OF TIME-STEPS COMPLETED      =        3000
 TOTAL NUMBER OF LOAD-STEPS COMPLETED      =        3000
 TOTAL NUMBER OF SUB-STEPS  CONVERGED      =        3784
 TOTAL NUMBER OF SUB-STEPS  DISCARDED      =         726
 TOTAL NUMBER OF ITERATIONS PERFORMED      =       11960

 AVERAGE NUMBER OF SUB-STEPS PER LOAD-STEP =        1.50
 AVERAGE NUMBER OF ITERATIONS PER SUB-STEP =        2.65
 LENGTH OF AVERAGE  CONVERGED SUB-STEP (T) =    0.007928
 LENGTH OF SHORTEST ATTEMPTED SUB-STEP (T) =    0.000820


 N O N L I N E A R   S T A T I C   A N A L Y S I S                      22:38:37

 CASE: DEAD

 STARTING FROM ZERO (UNSTRESSED) INITIAL CONDITIONS

 LOAD CONTROL TYPE                         =       FORCE
 TYPE OF GEOMETRIC NONLINEARITY            =        NONE
 USE EVENT STEPPING                        =         YES
 USE ITERATION                             =         YES
 USE LINE SEARCH                           =          NO
 EVENT LUMPING TOLERANCE                   =    0.010000
 FORCE CONVERGENCE TOLERANCE (RELATIVE)    =    0.000100

 Negative iterations are Constant-Stiffness
 Positive iterations are Newton-Raphson

  Saved    Null   Total  Iteration   Relative  Curr Step   Curr Sum    Max Sum
  Steps   Steps   Steps  this Step  Unbalance       Size   of Steps   of Steps
 (    1      50     200     -10/40   1.000000   1.000000   1.000000   1.000000)

      0       0       1  Conv   -1   0.051519   1.000000   1.000000   1.000000

 ----------------------------------------
 BASIC STABILITY CHECK FOR FORCE-CONTROLLED NONLINEAR STATIC LOAD CASES:
    NUMBER OF NEGATIVE STIFFNESS EIGENVALUES SHOULD BE ZERO FOR STABILITY.
    (NOTE: FURTHER CHECKS SHOULD BE CONSIDERED AS DEEMED NECESSARY)

    NUMBER FOUND AT FINAL CONVERGED STATE  =           0,  OK.
 ----------------------------------------

 NUMBER OF STIFFNESS FORMATIONS/SOLUTIONS  =           2

 TIME FOR INITIALIZING ANALYSIS            =        0.00
 TIME FOR CONTROLLING ANALYSIS             =        0.02
 TIME FOR UPDATING LOADS AND STATE         =        0.00
 TIME FOR FORMING STIFFNESS MATRIX         =        0.00
 TIME FOR SOLVING STIFFNESS MATRIX         =        0.02
 TIME FOR CALCULATING DISPLACEMENTS        =        0.00
 TIME FOR DETERMINING EVENTS               =        0.00
 TIME FOR SAVING RESULTS                   =        0.00
                                               ----------
 TOTAL TIME FOR THIS ANALYSIS              =        0.04


 A N A L Y S I S   C O M P L E T E                          2022/12/24  22:38:38
